#
# A fatal error has been detected by the Java Runtime Environment:
#
#  SIGSEGV (0xb) at pc=0x00007fff90a4d0e9, pid=2869, tid=1811
#
# JRE version: Java(TM) SE Runtime Environment (8.0_25-b17) (build 1.8.0_25-b17)
# Java VM: Java HotSpot(TM) 64-Bit Server VM (25.25-b02 mixed mode bsd-amd64 compressed oops)
# Problematic frame:
# C  [libobjc.A.dylib+0x10e9]  objc_msgSend+0x29
#
# Failed to write core dump. Core dumps have been disabled. To enable core dumping, try "ulimit -c unlimited" before starting Java again
#
# If you would like to submit a bug report, please visit:
#   http://bugreport.sun.com/bugreport/crash.jsp
# The crash happened outside the Java Virtual Machine in native code.
# See problematic frame for where to report the bug.
#

---------------  T H R E A D  ---------------

Current thread (0x00007fb78409f000):  JavaThread "AppKit Thread" daemon [_thread_in_native, id=1811, stack(0x00007fff53534000,0x00007fff53d34000)]

siginfo: si_signo: 11 (SIGSEGV), si_code: 1 (SEGV_MAPERR), si_addr: 0x0000000000000000

Registers:
RAX=0x0000000000000000, RBX=0x00007fb782e6b360, RCX=0x0000000000000000, RDX=0x00007fb782e62ee0
RSP=0x00007fff53d2dc18, RBP=0x00007fff53d2dc40, RSI=0x00007fff8d83cb42, RDI=0x00007fb782e6b360
R8 =0x0000000000000001, R9 =0x0000000000000001, R10=0x0000000000000000, R11=0x00007fb78300c000
R12=0x00007fb782e62ee0, R13=0x00007fb782e63fa0, R14=0x00007fb782e62ee0, R15=0x00007fff53d2e130
RIP=0x00007fff90a4d0e9, EFLAGS=0x0000000000010246, ERR=0x0000000000000004
  TRAPNO=0x000000000000000e

Top of Stack: (sp=0x00007fff53d2dc18)
0x00007fff53d2dc18:   0000000127048f4e 00007fb782e62ee0
0x00007fff53d2dc28:   000000012707ccb8 00007fb782e63fa0
0x00007fff53d2dc38:   0000000000000094 00007fff53d2e120
0x00007fff53d2dc48:   00007fff8cfc1775 0000000000000000
0x00007fff53d2dc58:   0000000000000000 4094000000000000
0x00007fff53d2dc68:   408e000000000000 0000000000000000
0x00007fff53d2dc78:   0000000000000000 4094000000000000
0x00007fff53d2dc88:   408e000000000000 4094000000000000
0x00007fff53d2dc98:   408eb00000000000 401c000000000000
0x00007fff53d2dca8:   408e180000000000 402c000000000000
0x00007fff53d2dcb8:   4030000000000000 401c000000000000
0x00007fff53d2dcc8:   0000000000000000 0000000000000000
0x00007fff53d2dcd8:   4030000000000000 00007fff8d8012ce
0x00007fff53d2dce8:   4008000000000000 00007fb782e647a0
0x00007fff53d2dcf8:   0000000100000000 0000000000000000
0x00007fff53d2dd08:   00007fb782e3f580 00007fff53d2de60
0x00007fff53d2dd18:   00007fff8d087bc6 00007fff53d2de60
0x00007fff53d2dd28:   00007fff8d0886b2 402c000000000000
0x00007fff53d2dd38:   4030000000000000 401c000000000000
0x00007fff53d2dd48:   408e180000000000 402c000000000000
0x00007fff53d2dd58:   4030000000000000 0000000000000000
0x00007fff53d2dd68:   0000000000000000 4094000000000000
0x00007fff53d2dd78:   408eb00000000000 401c000000000000
0x00007fff53d2dd88:   408e180000000000 000000010bee9a00
0x00007fff53d2dd98:   00007fb782e4e9e0 00000000000000b0
0x00007fff53d2dda8:   0000000000000000 00000000000004e8
0x00007fff53d2ddb8:   000000010bee6000 00007fff53d2de60
0x00007fff53d2ddc8:   00007fff851e64ff 0000000000000000
0x00007fff53d2ddd8:   000000010bee6000 00007fff53d2de80
0x00007fff53d2dde8:   00000000000004e9 00007fff53d2deef
0x00007fff53d2ddf8:   0000000040000000 00007fb782efc080
0x00007fff53d2de08:   00007fb782e4e930 0000000000000004 

Instructions: (pc=0x00007fff90a4d0e9)
0x00007fff90a4d0c9:   01 2e 75 7e 49 bb f8 ff ff ff ff 7f 00 00 4c 23
0x00007fff90a4d0d9:   1f 49 89 f2 45 23 53 18 49 c1 e2 04 4d 03 53 10
0x00007fff90a4d0e9:   49 3b 32 75 04 41 ff 62 08 49 83 3a 00 74 6a 4d
0x00007fff90a4d0f9:   3b 53 10 74 0d 49 83 ea 10 49 3b 32 75 eb 41 ff 

Register to memory mapping:

RAX=0x0000000000000000 is an unknown value
RBX=0x00007fb782e6b360 is an unknown value
RCX=0x0000000000000000 is an unknown value
RDX=0x00007fb782e62ee0 is an unknown value
RSP=0x00007fff53d2dc18 is pointing into the stack for thread: 0x00007fb78409f000
RBP=0x00007fff53d2dc40 is pointing into the stack for thread: 0x00007fb78409f000
RSI=0x00007fff8d83cb42: -[NSTitlebarContainerView shouldRoundCorners]+0x5c5a4 in /System/Library/Frameworks/AppKit.framework/Versions/C/AppKit at 0x00007fff8ce73000
RDI=0x00007fb782e6b360 is an unknown value
R8 =0x0000000000000001 is an unknown value
R9 =0x0000000000000001 is an unknown value
R10=0x0000000000000000 is an unknown value
R11=0x00007fb78300c000 is a thread
R12=0x00007fb782e62ee0 is an unknown value
R13=0x00007fb782e63fa0 is an unknown value
R14=0x00007fb782e62ee0 is an unknown value
R15=0x00007fff53d2e130 is pointing into the stack for thread: 0x00007fb78409f000


Stack: [0x00007fff53534000,0x00007fff53d34000],  sp=0x00007fff53d2dc18,  free space=8167k
Native frames: (J=compiled Java code, j=interpreted, Vv=VM code, C=native code)
C  [libobjc.A.dylib+0x10e9]  objc_msgSend+0x29
C  [AppKit+0x14e775]  -[NSView _recursiveDisplayRectIfNeededIgnoringOpacity:isVisibleRect:rectIsVisibleRectForView:topView:]+0x740
C  [AppKit+0x14f7d0]  -[NSView _recursiveDisplayRectIfNeededIgnoringOpacity:isVisibleRect:rectIsVisibleRectForView:topView:]+0x179b
C  [AppKit+0x14db23]  -[NSThemeFrame _recursiveDisplayRectIfNeededIgnoringOpacity:isVisibleRect:rectIsVisibleRectForView:topView:]+0x14d
C  [AppKit+0x14a67b]  -[NSView _displayRectIgnoringOpacity:isVisibleRect:rectIsVisibleRectForView:]+0xac9
C  [AppKit+0x12907a]  -[NSView displayIfNeeded]+0x754
C  [AppKit+0x146575]  -[NSWindow displayIfNeeded]+0xe8
C  [AppKit+0x183772]  _handleWindowNeedsDisplayOrLayoutOrUpdateConstraints+0x3a8
C  [Foundation+0x67023]  __NSFireTimer+0x5f
C  [CoreFoundation+0xb5b44]  __CFRUNLOOP_IS_CALLING_OUT_TO_A_TIMER_CALLBACK_FUNCTION__+0x14
C  [CoreFoundation+0xb57d3]  __CFRunLoopDoTimer+0x423
C  [CoreFoundation+0x128d9d]  __CFRunLoopDoTimers+0x12d
C  [CoreFoundation+0x72268]  __CFRunLoopRun+0x7e8
C  [CoreFoundation+0x71838]  CFRunLoopRunSpecific+0x128
C  [HIToolbox+0x2e43f]  RunCurrentEventLoopInMode+0xeb
C  [HIToolbox+0x2e1ba]  ReceiveNextEventCommon+0x1af
C  [HIToolbox+0x2dffb]  _BlockUntilNextEventMatchingListInModeWithFilter+0x47
C  [AppKit+0x246d1]  _DPSNextEvent+0x3c4
C  [AppKit+0x23e80]  -[NSApplication nextEventMatchingMask:untilDate:inMode:dequeue:]+0xc2
C  [libosxapp.dylib+0x242a]  -[NSApplicationAWT nextEventMatchingMask:untilDate:inMode:dequeue:]+0x7c
C  [AppKit+0x17e23]  -[NSApplication run]+0x252
C  [libosxapp.dylib+0x223e]  +[NSApplicationAWT runAWTLoopWithApp:]+0x9c
C  [libawt_lwawt.dylib+0x4494f]  -[AWTStarter starter:]+0x389
C  [Foundation+0x65f4c]  __NSThreadPerformPerform+0x125
C  [CoreFoundation+0x80661]  __CFRUNLOOP_IS_CALLING_OUT_TO_A_SOURCE0_PERFORM_FUNCTION__+0x11
C  [CoreFoundation+0x727ed]  __CFRunLoopDoSources0+0x10d
C  [CoreFoundation+0x71e1f]  __CFRunLoopRun+0x39f
C  [CoreFoundation+0x71838]  CFRunLoopRunSpecific+0x128
C  [java+0x56cc]  CreateExecutionEnvironment+0x367
C  [java+0x165c]  JLI_Launch+0x7a0
C  [java+0x768a]  main+0x65
C  [java+0xeb4]  start+0x34
C  0x0000000000000006


---------------  P R O C E S S  ---------------

Java Threads: ( => current thread )
  0x00007fb78409e000 JavaThread "AWT-Shutdown" [_thread_blocked, id=28179, stack(0x0000000124699000,0x0000000124799000)]
=>0x00007fb78409f000 JavaThread "AppKit Thread" daemon [_thread_in_native, id=1811, stack(0x00007fff53534000,0x00007fff53d34000)]
  0x00007fb784018000 JavaThread "Service Thread" daemon [_thread_blocked, id=18179, stack(0x0000000122fb2000,0x00000001230b2000)]
  0x00007fb783809000 JavaThread "C1 CompilerThread2" daemon [_thread_blocked, id=17667, stack(0x0000000122eaf000,0x0000000122faf000)]
  0x00007fb783808000 JavaThread "C2 CompilerThread1" daemon [_thread_blocked, id=17155, stack(0x0000000122dac000,0x0000000122eac000)]
  0x00007fb783034000 JavaThread "C2 CompilerThread0" daemon [_thread_blocked, id=16643, stack(0x0000000122ca9000,0x0000000122da9000)]
  0x00007fb783042000 JavaThread "Signal Dispatcher" daemon [_thread_blocked, id=12567, stack(0x0000000122ba6000,0x0000000122ca6000)]
  0x00007fb78403c800 JavaThread "Finalizer" daemon [_thread_blocked, id=11523, stack(0x0000000121265000,0x0000000121365000)]
  0x00007fb78403b800 JavaThread "Reference Handler" daemon [_thread_blocked, id=11011, stack(0x0000000121162000,0x0000000121262000)]
  0x00007fb78300c000 JavaThread "main" [_thread_in_native, id=4867, stack(0x000000010d71d000,0x000000010d81d000)]

Other Threads:
  0x00007fb784037000 VMThread [stack: 0x000000012105f000,0x000000012115f000] [id=10499]
  0x00007fb784012800 WatcherThread [stack: 0x00000001230b5000,0x00000001231b5000] [id=18691]

VM state:not at safepoint (normal execution)

VM Mutex/Monitor currently owned by a thread: None

Heap:
 PSYoungGen      total 18944K, used 8700K [0x00000007aab00000, 0x00000007ac000000, 0x00000007c0000000)
  eden space 16384K, 41% used [0x00000007aab00000,0x00000007ab1a7230,0x00000007abb00000)
  from space 2560K, 73% used [0x00000007abd80000,0x00000007abf58020,0x00000007ac000000)
  to   space 2560K, 0% used [0x00000007abb00000,0x00000007abb00000,0x00000007abd80000)
 ParOldGen       total 44032K, used 16K [0x0000000780000000, 0x0000000782b00000, 0x00000007aab00000)
  object space 44032K, 0% used [0x0000000780000000,0x0000000780004000,0x0000000782b00000)
 Metaspace       used 6314K, capacity 6449K, committed 6656K, reserved 1056768K
  class space    used 620K, capacity 661K, committed 768K, reserved 1048576K

Card table byte_map: [0x000000011cc1c000,0x000000011ce1d000] byte_map_base: 0x000000011901c000

Marking Bits: (ParMarkBitMap*) 0x000000010d09d390
 Begin Bits: [0x000000011d37f000, 0x000000011e37f000)
 End Bits:   [0x000000011e37f000, 0x000000011f37f000)

Polling page: 0x000000010bfef000

CodeCache: size=245760Kb used=3077Kb max_used=3091Kb free=242682Kb
 bounds [0x000000010d85c000, 0x000000010db6c000, 0x000000011c85c000]
 total_blobs=1140 nmethods=781 adapters=274
 compilation: enabled

Compilation events (10 events):
Event: 10.197 Thread 0x00007fb783809000  776  s    3       java.io.BufferedInputStream::mark (14 bytes)
Event: 10.197 Thread 0x00007fb783809000 nmethod 776 0x000000010db5b210 code [0x000000010db5b380, 0x000000010db5b630]
Event: 10.739 Thread 0x00007fb783808000  777       4       java.util.zip.CRC32::update (51 bytes)
Event: 10.740 Thread 0x00007fb783808000 nmethod 777 0x000000010db4e290 code [0x000000010db4e3e0, 0x000000010db4e498]
Event: 10.944 Thread 0x00007fb783809000  778  s    3       org.lwjgl.opengl.EventQueue::putEvent (80 bytes)
Event: 10.945 Thread 0x00007fb783809000 nmethod 778 0x000000010db5ca50 code [0x000000010db5cca0, 0x000000010db5dd28]
Event: 11.272 Thread 0x00007fb783034000  779       4       java.nio.Buffer::<init> (121 bytes)
Event: 11.274 Thread 0x00007fb783034000 nmethod 779 0x000000010db53110 code [0x000000010db53260, 0x000000010db53358]
Event: 11.472 Thread 0x00007fb783808000  780       4       sun.net.www.ParseUtil::encodePath (336 bytes)
Event: 11.492 Thread 0x00007fb783808000 nmethod 780 0x000000010db63810 code [0x000000010db63a60, 0x000000010db64aa8]

GC Heap History (4 events):
Event: 0.719 GC heap before
{Heap before GC invocations=1 (full 0):
 PSYoungGen      total 18944K, used 16384K [0x00000007aab00000, 0x00000007ac000000, 0x00000007c0000000)
  eden space 16384K, 100% used [0x00000007aab00000,0x00000007abb00000,0x00000007abb00000)
  from space 2560K, 0% used [0x00000007abd80000,0x00000007abd80000,0x00000007ac000000)
  to   space 2560K, 0% used [0x00000007abb00000,0x00000007abb00000,0x00000007abd80000)
 ParOldGen       total 44032K, used 0K [0x0000000780000000, 0x0000000782b00000, 0x00000007aab00000)
  object space 44032K, 0% used [0x0000000780000000,0x0000000780000000,0x0000000782b00000)
 Metaspace       used 6124K, capacity 6257K, committed 6400K, reserved 1056768K
  class space    used 616K, capacity 661K, committed 768K, reserved 1048576K
Event: 0.725 GC heap after
Heap after GC invocations=1 (full 0):
 PSYoungGen      total 18944K, used 2102K [0x00000007aab00000, 0x00000007ac000000, 0x00000007c0000000)
  eden space 16384K, 0% used [0x00000007aab00000,0x00000007aab00000,0x00000007abb00000)
  from space 2560K, 82% used [0x00000007abb00000,0x00000007abd0da90,0x00000007abd80000)
  to   space 2560K, 0% used [0x00000007abd80000,0x00000007abd80000,0x00000007ac000000)
 ParOldGen       total 44032K, used 8K [0x0000000780000000, 0x0000000782b00000, 0x00000007aab00000)
  object space 44032K, 0% used [0x0000000780000000,0x0000000780002000,0x0000000782b00000)
 Metaspace       used 6124K, capacity 6257K, committed 6400K, reserved 1056768K
  class space    used 616K, capacity 661K, committed 768K, reserved 1048576K
}
Event: 9.622 GC heap before
{Heap before GC invocations=2 (full 0):
 PSYoungGen      total 18944K, used 18486K [0x00000007aab00000, 0x00000007ac000000, 0x00000007c0000000)
  eden space 16384K, 100% used [0x00000007aab00000,0x00000007abb00000,0x00000007abb00000)
  from space 2560K, 82% used [0x00000007abb00000,0x00000007abd0da90,0x00000007abd80000)
  to   space 2560K, 0% used [0x00000007abd80000,0x00000007abd80000,0x00000007ac000000)
 ParOldGen       total 44032K, used 8K [0x0000000780000000, 0x0000000782b00000, 0x00000007aab00000)
  object space 44032K, 0% used [0x0000000780000000,0x0000000780002000,0x0000000782b00000)
 Metaspace       used 6304K, capacity 6385K, committed 6656K, reserved 1056768K
  class space    used 619K, capacity 661K, committed 768K, reserved 1048576K
Event: 9.626 GC heap after
Heap after GC invocations=2 (full 0):
 PSYoungGen      total 18944K, used 1888K [0x00000007aab00000, 0x00000007ac000000, 0x00000007c0000000)
  eden space 16384K, 0% used [0x00000007aab00000,0x00000007aab00000,0x00000007abb00000)
  from space 2560K, 73% used [0x00000007abd80000,0x00000007abf58020,0x00000007ac000000)
  to   space 2560K, 0% used [0x00000007abb00000,0x00000007abb00000,0x00000007abd80000)
 ParOldGen       total 44032K, used 16K [0x0000000780000000, 0x0000000782b00000, 0x00000007aab00000)
  object space 44032K, 0% used [0x0000000780000000,0x0000000780004000,0x0000000782b00000)
 Metaspace       used 6304K, capacity 6385K, committed 6656K, reserved 1056768K
  class space    used 619K, capacity 661K, committed 768K, reserved 1048576K
}

Deoptimization events (1 events):
Event: 2.789 Thread 0x00007fb78300c000 Uncommon trap: reason=unreached action=reinterpret pc=0x000000010dac32b0 method=org.newdawn.slick.opengl.TextureImpl.bind()V @ 4

Internal exceptions (10 events):
Event: 0.506 Thread 0x00007fb78300c000 Exception <a 'java/security/PrivilegedActionException'> (0x00000007ab0d6110) thrown at [/HUDSON3/workspace/8-2-build-macosx-x86_64/jdk8u25/1514/hotspot/src/share/vm/prims/jvm.cpp, line 1312]
Event: 0.508 Thread 0x00007fb78300c000 Exception <a 'java/security/PrivilegedActionException'> (0x00000007ab0e33f8) thrown at [/HUDSON3/workspace/8-2-build-macosx-x86_64/jdk8u25/1514/hotspot/src/share/vm/prims/jvm.cpp, line 1312]
Event: 0.513 Thread 0x00007fb78300c000 Exception <a 'java/security/PrivilegedActionException'> (0x00000007ab0e83a8) thrown at [/HUDSON3/workspace/8-2-build-macosx-x86_64/jdk8u25/1514/hotspot/src/share/vm/prims/jvm.cpp, line 1312]
Event: 0.781 Thread 0x00007fb78300c000 Exception <a 'java/security/PrivilegedActionException'> (0x00000007aadefd50) thrown at [/HUDSON3/workspace/8-2-build-macosx-x86_64/jdk8u25/1514/hotspot/src/share/vm/prims/jvm.cpp, line 1312]
Event: 0.782 Thread 0x00007fb78300c000 Exception <a 'java/security/PrivilegedActionException'> (0x00000007aadfd7c0) thrown at [/HUDSON3/workspace/8-2-build-macosx-x86_64/jdk8u25/1514/hotspot/src/share/vm/prims/jvm.cpp, line 1312]
Event: 0.783 Thread 0x00007fb78300c000 Exception <a 'java/security/PrivilegedActionException'> (0x00000007aadff938) thrown at [/HUDSON3/workspace/8-2-build-macosx-x86_64/jdk8u25/1514/hotspot/src/share/vm/prims/jvm.cpp, line 1312]
Event: 0.783 Thread 0x00007fb78300c000 Exception <a 'java/security/PrivilegedActionException'> (0x00000007aae01448) thrown at [/HUDSON3/workspace/8-2-build-macosx-x86_64/jdk8u25/1514/hotspot/src/share/vm/prims/jvm.cpp, line 1312]
Event: 0.802 Thread 0x00007fb78300c000 Exception <a 'java/security/PrivilegedActionException'> (0x00000007aae03fc0) thrown at [/HUDSON3/workspace/8-2-build-macosx-x86_64/jdk8u25/1514/hotspot/src/share/vm/prims/jvm.cpp, line 1312]
Event: 0.803 Thread 0x00007fb78300c000 Exception <a 'java/security/PrivilegedActionException'> (0x00000007aae07cb8) thrown at [/HUDSON3/workspace/8-2-build-macosx-x86_64/jdk8u25/1514/hotspot/src/share/vm/prims/jvm.cpp, line 1312]
Event: 14.237 Thread 0x00007fb78300c000 Exception <a 'java/security/PrivilegedActionException'> (0x00000007ab168f10) thrown at [/HUDSON3/workspace/8-2-build-macosx-x86_64/jdk8u25/1514/hotspot/src/share/vm/prims/jvm.cpp, line 1312]

Events (10 events):
Event: 9.630 Executing VM operation: RevokeBias
Event: 9.630 Executing VM operation: RevokeBias done
Event: 9.630 Executing VM operation: BulkRevokeBias
Event: 9.630 Executing VM operation: BulkRevokeBias done
Event: 9.630 Executing VM operation: RevokeBias
Event: 9.630 Executing VM operation: RevokeBias done
Event: 9.630 Executing VM operation: BulkRevokeBias
Event: 9.630 Executing VM operation: BulkRevokeBias done
Event: 14.237 loading class org/lwjgl/opengl/CallbackUtil
Event: 14.237 loading class org/lwjgl/opengl/CallbackUtil done


Dynamic libraries:
0x0000000003046000 	/System/Library/Frameworks/Cocoa.framework/Versions/A/Cocoa
0x0000000003046000 	/System/Library/Frameworks/Security.framework/Versions/A/Security
0x0000000003046000 	/System/Library/Frameworks/ApplicationServices.framework/Versions/A/ApplicationServices
0x0000000003046000 	/usr/lib/libz.1.dylib
0x0000000003046000 	/usr/lib/libSystem.B.dylib
0x0000000003046000 	/usr/lib/libobjc.A.dylib
0x0000000003046000 	/System/Library/Frameworks/CoreFoundation.framework/Versions/A/CoreFoundation
0x0000000003046000 	/System/Library/Frameworks/Foundation.framework/Versions/C/Foundation
0x0000000003046000 	/System/Library/Frameworks/AppKit.framework/Versions/C/AppKit
0x0000000003046000 	/System/Library/Frameworks/CoreData.framework/Versions/A/CoreData
0x0000000003046000 	/System/Library/PrivateFrameworks/RemoteViewServices.framework/Versions/A/RemoteViewServices
0x0000000003046000 	/System/Library/PrivateFrameworks/UIFoundation.framework/Versions/A/UIFoundation
0x0000000003046000 	/System/Library/Frameworks/IOSurface.framework/Versions/A/IOSurface
0x0000000003046000 	/System/Library/Frameworks/AudioToolbox.framework/Versions/A/AudioToolbox
0x0000000003046000 	/System/Library/Frameworks/AudioUnit.framework/Versions/A/AudioUnit
0x0000000003046000 	/System/Library/PrivateFrameworks/DataDetectorsCore.framework/Versions/A/DataDetectorsCore
0x0000000003046000 	/System/Library/PrivateFrameworks/DesktopServicesPriv.framework/Versions/A/DesktopServicesPriv
0x0000000003046000 	/System/Library/Frameworks/Carbon.framework/Versions/A/Frameworks/HIToolbox.framework/Versions/A/HIToolbox
0x0000000003046000 	/System/Library/Frameworks/QuartzCore.framework/Versions/A/QuartzCore
0x0000000003046000 	/System/Library/Frameworks/Carbon.framework/Versions/A/Frameworks/SpeechRecognition.framework/Versions/A/SpeechRecognition
0x0000000003046000 	/usr/lib/libauto.dylib
0x0000000003046000 	/usr/lib/libicucore.A.dylib
0x0000000003046000 	/usr/lib/libxml2.2.dylib
0x0000000003046000 	/System/Library/PrivateFrameworks/CoreUI.framework/Versions/A/CoreUI
0x0000000003046000 	/System/Library/Frameworks/CoreAudio.framework/Versions/A/CoreAudio
0x0000000003046000 	/System/Library/Frameworks/DiskArbitration.framework/Versions/A/DiskArbitration
0x0000000003046000 	/usr/lib/liblangid.dylib
0x0000000003046000 	/System/Library/PrivateFrameworks/MultitouchSupport.framework/Versions/A/MultitouchSupport
0x0000000003046000 	/System/Library/Frameworks/IOKit.framework/Versions/A/IOKit
0x0000000003046000 	/usr/lib/libDiagnosticMessagesClient.dylib
0x0000000003046000 	/System/Library/Frameworks/CoreServices.framework/Versions/A/CoreServices
0x0000000003046000 	/System/Library/PrivateFrameworks/PerformanceAnalysis.framework/Versions/A/PerformanceAnalysis
0x0000000003046000 	/System/Library/PrivateFrameworks/GenerationalStorage.framework/Versions/A/GenerationalStorage
0x0000000003046000 	/System/Library/Frameworks/OpenGL.framework/Versions/A/OpenGL
0x0000000003046000 	/System/Library/PrivateFrameworks/Sharing.framework/Versions/A/Sharing
0x0000000003046000 	/System/Library/Frameworks/CoreGraphics.framework/Versions/A/CoreGraphics
0x0000000003046000 	/System/Library/Frameworks/CoreText.framework/Versions/A/CoreText
0x0000000003046000 	/System/Library/Frameworks/ImageIO.framework/Versions/A/ImageIO
0x0000000003046000 	/usr/lib/libextension.dylib
0x0000000003046000 	/System/Library/PrivateFrameworks/Backup.framework/Versions/A/Backup
0x0000000003046000 	/usr/lib/libarchive.2.dylib
0x0000000003046000 	/System/Library/Frameworks/CFNetwork.framework/Versions/A/CFNetwork
0x0000000003046000 	/System/Library/Frameworks/SystemConfiguration.framework/Versions/A/SystemConfiguration
0x0000000003046000 	/usr/lib/libCRFSuite.dylib
0x0000000003046000 	/usr/lib/libc++.1.dylib
0x0000000003046000 	/usr/lib/libc++abi.dylib
0x0000000003046000 	/usr/lib/system/libcache.dylib
0x0000000003046000 	/usr/lib/system/libcommonCrypto.dylib
0x0000000003046000 	/usr/lib/system/libcompiler_rt.dylib
0x0000000003046000 	/usr/lib/system/libcopyfile.dylib
0x0000000003046000 	/usr/lib/system/libcorecrypto.dylib
0x0000000003046000 	/usr/lib/system/libdispatch.dylib
0x0000000003046000 	/usr/lib/system/libdyld.dylib
0x0000000003046000 	/usr/lib/system/libkeymgr.dylib
0x0000000003046000 	/usr/lib/system/liblaunch.dylib
0x0000000003046000 	/usr/lib/system/libmacho.dylib
0x0000000003046000 	/usr/lib/system/libquarantine.dylib
0x0000000003046000 	/usr/lib/system/libremovefile.dylib
0x0000000003046000 	/usr/lib/system/libsystem_asl.dylib
0x0000000003046000 	/usr/lib/system/libsystem_blocks.dylib
0x0000000003046000 	/usr/lib/system/libsystem_c.dylib
0x0000000003046000 	/usr/lib/system/libsystem_configuration.dylib
0x0000000003046000 	/usr/lib/system/libsystem_coreservices.dylib
0x0000000003046000 	/usr/lib/system/libsystem_coretls.dylib
0x0000000003046000 	/usr/lib/system/libsystem_dnssd.dylib
0x0000000003046000 	/usr/lib/system/libsystem_info.dylib
0x0000000003046000 	/usr/lib/system/libsystem_kernel.dylib
0x0000000003046000 	/usr/lib/system/libsystem_m.dylib
0x0000000003046000 	/usr/lib/system/libsystem_malloc.dylib
0x0000000003046000 	/usr/lib/system/libsystem_network.dylib
0x0000000003046000 	/usr/lib/system/libsystem_networkextension.dylib
0x0000000003046000 	/usr/lib/system/libsystem_notify.dylib
0x0000000003046000 	/usr/lib/system/libsystem_platform.dylib
0x0000000003046000 	/usr/lib/system/libsystem_pthread.dylib
0x0000000003046000 	/usr/lib/system/libsystem_sandbox.dylib
0x0000000003046000 	/usr/lib/system/libsystem_secinit.dylib
0x0000000003046000 	/usr/lib/system/libsystem_stats.dylib
0x0000000003046000 	/usr/lib/system/libsystem_trace.dylib
0x0000000003046000 	/usr/lib/system/libunc.dylib
0x0000000003046000 	/usr/lib/system/libunwind.dylib
0x0000000003046000 	/usr/lib/system/libxpc.dylib
0x0000000003046000 	/usr/lib/libbz2.1.0.dylib
0x0000000003046000 	/usr/lib/liblzma.5.dylib
0x0000000003046000 	/usr/lib/libbsm.0.dylib
0x0000000003046000 	/usr/lib/libsqlite3.dylib
0x0000000003046000 	/usr/lib/system/libkxld.dylib
0x0000000003046000 	/usr/lib/libxar.1.dylib
0x0000000003046000 	/usr/lib/libpam.2.dylib
0x0000000003046000 	/usr/lib/libOpenScriptingUtil.dylib
0x0000000003046000 	/System/Library/Frameworks/CoreServices.framework/Versions/A/Frameworks/FSEvents.framework/Versions/A/FSEvents
0x0000000003046000 	/System/Library/Frameworks/CoreServices.framework/Versions/A/Frameworks/CarbonCore.framework/Versions/A/CarbonCore
0x0000000003046000 	/System/Library/Frameworks/CoreServices.framework/Versions/A/Frameworks/Metadata.framework/Versions/A/Metadata
0x0000000003046000 	/System/Library/Frameworks/CoreServices.framework/Versions/A/Frameworks/OSServices.framework/Versions/A/OSServices
0x0000000003046000 	/System/Library/Frameworks/CoreServices.framework/Versions/A/Frameworks/SearchKit.framework/Versions/A/SearchKit
0x0000000003046000 	/System/Library/Frameworks/CoreServices.framework/Versions/A/Frameworks/AE.framework/Versions/A/AE
0x0000000003046000 	/System/Library/Frameworks/CoreServices.framework/Versions/A/Frameworks/LaunchServices.framework/Versions/A/LaunchServices
0x0000000003046000 	/System/Library/Frameworks/CoreServices.framework/Versions/A/Frameworks/DictionaryServices.framework/Versions/A/DictionaryServices
0x0000000003046000 	/System/Library/Frameworks/NetFS.framework/Versions/A/NetFS
0x0000000003046000 	/System/Library/PrivateFrameworks/NetAuth.framework/Versions/A/NetAuth
0x0000000003046000 	/System/Library/PrivateFrameworks/login.framework/Versions/A/Frameworks/loginsupport.framework/Versions/A/loginsupport
0x0000000003046000 	/System/Library/PrivateFrameworks/TCC.framework/Versions/A/TCC
0x0000000003046000 	/usr/lib/libmecabra.dylib
0x0000000003046000 	/System/Library/PrivateFrameworks/LanguageModeling.framework/Versions/A/LanguageModeling
0x0000000003046000 	/usr/lib/libcmph.dylib
0x0000000003046000 	/usr/lib/libiconv.2.dylib
0x0000000003046000 	/System/Library/Frameworks/OpenDirectory.framework/Versions/A/Frameworks/CFOpenDirectory.framework/Versions/A/CFOpenDirectory
0x0000000003046000 	/System/Library/Frameworks/ServiceManagement.framework/Versions/A/ServiceManagement
0x0000000003046000 	/usr/lib/libxslt.1.dylib
0x0000000003046000 	/System/Library/Frameworks/Carbon.framework/Versions/A/Frameworks/Ink.framework/Versions/A/Ink
0x0000000003046000 	/System/Library/Frameworks/ApplicationServices.framework/Versions/A/Frameworks/ATS.framework/Versions/A/ATS
0x0000000003046000 	/System/Library/Frameworks/ApplicationServices.framework/Versions/A/Frameworks/ColorSync.framework/Versions/A/ColorSync
0x0000000003046000 	/System/Library/Frameworks/ApplicationServices.framework/Versions/A/Frameworks/HIServices.framework/Versions/A/HIServices
0x0000000003046000 	/System/Library/Frameworks/ApplicationServices.framework/Versions/A/Frameworks/LangAnalysis.framework/Versions/A/LangAnalysis
0x0000000003046000 	/System/Library/Frameworks/ApplicationServices.framework/Versions/A/Frameworks/PrintCore.framework/Versions/A/PrintCore
0x0000000003046000 	/System/Library/Frameworks/ApplicationServices.framework/Versions/A/Frameworks/QD.framework/Versions/A/QD
0x0000000003046000 	/System/Library/Frameworks/ApplicationServices.framework/Versions/A/Frameworks/SpeechSynthesis.framework/Versions/A/SpeechSynthesis
0x0000000003046000 	/System/Library/Frameworks/Accelerate.framework/Versions/A/Accelerate
0x0000000003046000 	/System/Library/Frameworks/Accelerate.framework/Versions/A/Frameworks/vImage.framework/Versions/A/vImage
0x0000000003046000 	/System/Library/Frameworks/Accelerate.framework/Versions/A/Frameworks/vecLib.framework/Versions/A/vecLib
0x0000000003046000 	/System/Library/Frameworks/Accelerate.framework/Versions/A/Frameworks/vecLib.framework/Versions/A/libvDSP.dylib
0x0000000003046000 	/System/Library/Frameworks/Accelerate.framework/Versions/A/Frameworks/vecLib.framework/Versions/A/libvMisc.dylib
0x0000000003046000 	/System/Library/Frameworks/Accelerate.framework/Versions/A/Frameworks/vecLib.framework/Versions/A/libLAPACK.dylib
0x0000000003046000 	/System/Library/Frameworks/Accelerate.framework/Versions/A/Frameworks/vecLib.framework/Versions/A/libBLAS.dylib
0x0000000003046000 	/System/Library/Frameworks/Accelerate.framework/Versions/A/Frameworks/vecLib.framework/Versions/A/libLinearAlgebra.dylib
0x0000000003046000 	/System/Library/Frameworks/ApplicationServices.framework/Versions/A/Frameworks/ATS.framework/Versions/A/Resources/libFontParser.dylib
0x0000000003046000 	/System/Library/Frameworks/ApplicationServices.framework/Versions/A/Frameworks/ATS.framework/Versions/A/Resources/libFontRegistry.dylib
0x0000000003046000 	/System/Library/PrivateFrameworks/AppleVPA.framework/Versions/A/AppleVPA
0x0000000003046000 	/System/Library/PrivateFrameworks/AppleJPEG.framework/Versions/A/AppleJPEG
0x0000000003046000 	/System/Library/Frameworks/ImageIO.framework/Versions/A/Resources/libJPEG.dylib
0x0000000003046000 	/System/Library/Frameworks/ImageIO.framework/Versions/A/Resources/libTIFF.dylib
0x0000000003046000 	/System/Library/Frameworks/ImageIO.framework/Versions/A/Resources/libPng.dylib
0x0000000003046000 	/System/Library/Frameworks/ImageIO.framework/Versions/A/Resources/libGIF.dylib
0x0000000003046000 	/System/Library/Frameworks/ImageIO.framework/Versions/A/Resources/libJP2.dylib
0x0000000003046000 	/System/Library/Frameworks/ImageIO.framework/Versions/A/Resources/libRadiance.dylib
0x0000000003046000 	/System/Library/Frameworks/CoreVideo.framework/Versions/A/CoreVideo
0x0000000003046000 	/System/Library/Frameworks/OpenGL.framework/Versions/A/Libraries/libGLU.dylib
0x0000000003046000 	/System/Library/Frameworks/OpenGL.framework/Versions/A/Libraries/libGFXShared.dylib
0x0000000003046000 	/System/Library/Frameworks/OpenGL.framework/Versions/A/Libraries/libGL.dylib
0x0000000003046000 	/System/Library/Frameworks/OpenGL.framework/Versions/A/Libraries/libGLImage.dylib
0x0000000003046000 	/System/Library/Frameworks/OpenGL.framework/Versions/A/Libraries/libCVMSPluginSupport.dylib
0x0000000003046000 	/System/Library/Frameworks/OpenGL.framework/Versions/A/Libraries/libCoreVMClient.dylib
0x0000000003046000 	/usr/lib/libcups.2.dylib
0x0000000003046000 	/System/Library/Frameworks/Kerberos.framework/Versions/A/Kerberos
0x0000000003046000 	/System/Library/Frameworks/GSS.framework/Versions/A/GSS
0x0000000003046000 	/usr/lib/libresolv.9.dylib
0x0000000003046000 	/System/Library/PrivateFrameworks/Heimdal.framework/Versions/A/Heimdal
0x0000000003046000 	/usr/lib/libheimdal-asn1.dylib
0x0000000003046000 	/System/Library/Frameworks/OpenDirectory.framework/Versions/A/OpenDirectory
0x0000000003046000 	/System/Library/PrivateFrameworks/CommonAuth.framework/Versions/A/CommonAuth
0x0000000003046000 	/System/Library/Frameworks/SecurityFoundation.framework/Versions/A/SecurityFoundation
0x0000000003046000 	/System/Library/Frameworks/QuartzCore.framework/Versions/A/Frameworks/CoreImage.framework/Versions/A/CoreImage
0x0000000003046000 	/System/Library/PrivateFrameworks/CrashReporterSupport.framework/Versions/A/CrashReporterSupport
0x0000000003046000 	/System/Library/Frameworks/OpenCL.framework/Versions/A/OpenCL
0x0000000003046000 	/System/Library/PrivateFrameworks/FaceCore.framework/Versions/A/FaceCore
0x0000000003046000 	/System/Library/PrivateFrameworks/Ubiquity.framework/Versions/A/Ubiquity
0x0000000003046000 	/System/Library/PrivateFrameworks/IconServices.framework/Versions/A/IconServices
0x0000000003046000 	/System/Library/PrivateFrameworks/ChunkingLibrary.framework/Versions/A/ChunkingLibrary
0x0000000003046000 	/System/Library/PrivateFrameworks/Apple80211.framework/Versions/A/Apple80211
0x0000000003046000 	/System/Library/Frameworks/CoreWLAN.framework/Versions/A/CoreWLAN
0x0000000003046000 	/System/Library/Frameworks/IOBluetooth.framework/Versions/A/IOBluetooth
0x0000000003046000 	/System/Library/PrivateFrameworks/CoreWiFi.framework/Versions/A/CoreWiFi
0x0000000003046000 	/System/Library/Frameworks/CoreBluetooth.framework/Versions/A/CoreBluetooth
0x0000000003046000 	/System/Library/PrivateFrameworks/DebugSymbols.framework/Versions/A/DebugSymbols
0x0000000003046000 	/System/Library/PrivateFrameworks/CoreSymbolication.framework/Versions/A/CoreSymbolication
0x0000000003046000 	/System/Library/PrivateFrameworks/Symbolication.framework/Versions/A/Symbolication
0x0000000003046000 	/System/Library/PrivateFrameworks/SpeechRecognitionCore.framework/Versions/A/SpeechRecognitionCore
0x000000010c800000 	/Library/Java/JavaVirtualMachines/jdk1.8.0_25.jdk/Contents/Home/jre/lib/server/libjvm.dylib
0x0000000003046000 	/usr/lib/libstdc++.6.dylib
0x000000010bfe1000 	/Library/Java/JavaVirtualMachines/jdk1.8.0_25.jdk/Contents/Home/jre/lib/libverify.dylib
0x000000010d81f000 	/Library/Java/JavaVirtualMachines/jdk1.8.0_25.jdk/Contents/Home/jre/lib/libjava.dylib
0x000000010d853000 	/Library/Java/JavaVirtualMachines/jdk1.8.0_25.jdk/Contents/Home/jre/lib/libzip.dylib
0x0000000121367000 	/System/Library/Frameworks/JavaVM.framework/Frameworks/JavaRuntimeSupport.framework/JavaRuntimeSupport
0x000000012137d000 	/System/Library/Frameworks/JavaVM.framework/Versions/A/Frameworks/JavaNativeFoundation.framework/Versions/A/JavaNativeFoundation
0x0000000121391000 	/System/Library/Frameworks/JavaVM.framework/Versions/A/JavaVM
0x0000000003046000 	/System/Library/Frameworks/Carbon.framework/Versions/A/Carbon
0x000000012139d000 	/System/Library/PrivateFrameworks/JavaLaunching.framework/Versions/A/JavaLaunching
0x0000000003046000 	/System/Library/Frameworks/Carbon.framework/Versions/A/Frameworks/CommonPanels.framework/Versions/A/CommonPanels
0x0000000003046000 	/System/Library/Frameworks/Carbon.framework/Versions/A/Frameworks/Help.framework/Versions/A/Help
0x0000000003046000 	/System/Library/Frameworks/Carbon.framework/Versions/A/Frameworks/ImageCapture.framework/Versions/A/ImageCapture
0x0000000003046000 	/System/Library/Frameworks/Carbon.framework/Versions/A/Frameworks/OpenScripting.framework/Versions/A/OpenScripting
0x0000000003046000 	/System/Library/Frameworks/Carbon.framework/Versions/A/Frameworks/Print.framework/Versions/A/Print
0x0000000003046000 	/System/Library/Frameworks/Carbon.framework/Versions/A/Frameworks/SecurityHI.framework/Versions/A/SecurityHI
0x00000001231c9000 	/Library/Java/JavaVirtualMachines/jdk1.8.0_25.jdk/Contents/Home/jre/lib/libawt.dylib
0x0000000123278000 	/Library/Java/JavaVirtualMachines/jdk1.8.0_25.jdk/Contents/Home/jre/lib/./libmlib_image.dylib
0x0000000123344000 	/Library/Java/JavaVirtualMachines/jdk1.8.0_25.jdk/Contents/Home/jre/lib/libawt_lwawt.dylib
0x00000001233f7000 	/Library/Java/JavaVirtualMachines/jdk1.8.0_25.jdk/Contents/Home/jre/lib/./libosxapp.dylib
0x0000000003046000 	/System/Library/Frameworks/ExceptionHandling.framework/Versions/A/ExceptionHandling
0x0000000003046000 	/System/Library/PrivateFrameworks/CoreServicesInternal.framework/Versions/A/CoreServicesInternal
0x0000000003046000 	/System/Library/PrivateFrameworks/CloudDocs.framework/Versions/A/CloudDocs
0x0000000003046000 	/System/Library/PrivateFrameworks/CoreDuet.framework/Versions/A/CoreDuet
0x0000000003046000 	/System/Library/Frameworks/CloudKit.framework/Versions/A/CloudKit
0x0000000003046000 	/System/Library/PrivateFrameworks/ProtocolBuffer.framework/Versions/A/ProtocolBuffer
0x0000000003046000 	/System/Library/PrivateFrameworks/CoreDuetDaemonProtocol.framework/Versions/A/CoreDuetDaemonProtocol
0x0000000003046000 	/System/Library/PrivateFrameworks/CoreDuetDebugLogging.framework/Versions/A/CoreDuetDebugLogging
0x0000000003046000 	/System/Library/Frameworks/CoreLocation.framework/Versions/A/CoreLocation
0x0000000003046000 	/System/Library/Frameworks/Accounts.framework/Versions/A/Accounts
0x0000000003046000 	/System/Library/PrivateFrameworks/ApplePushService.framework/Versions/A/ApplePushService
0x0000000003046000 	/System/Library/PrivateFrameworks/GeoServices.framework/Versions/A/GeoServices
0x0000000003046000 	/System/Library/PrivateFrameworks/OAuth.framework/Versions/A/OAuth
0x0000000003046000 	/System/Library/PrivateFrameworks/CoreDaemon.framework/Versions/B/CoreDaemon
0x0000000003046000 	/usr/lib/libcrypto.0.9.8.dylib
0x0000000003046000 	/System/Library/PrivateFrameworks/AppleSRP.framework/Versions/A/AppleSRP
0x0000000003046000 	/System/Library/PrivateFrameworks/TrustEvaluationAgent.framework/Versions/A/TrustEvaluationAgent
0x0000000003046000 	/System/Library/Frameworks/CoreGraphics.framework/Versions/A/Resources/libCGCMS.A.dylib
0x0000000003046000 	/System/Library/Frameworks/CoreGraphics.framework/Versions/A/Resources/libRIP.A.dylib
0x0000000003046000 	/System/Library/Frameworks/CoreGraphics.framework/Versions/A/Resources/libCGXType.A.dylib
0x0000000003046000 	/System/Library/Frameworks/OpenCL.framework/Versions/A/Libraries/libcldcpuengine.dylib
0x0000000003046000 	/System/Library/PrivateFrameworks/DiskImages.framework/Versions/A/DiskImages
0x0000000003046000 	/System/Library/Frameworks/DiscRecording.framework/Versions/A/DiscRecording
0x0000000003046000 	/usr/lib/libcsfde.dylib
0x0000000003046000 	/usr/lib/libcurl.4.dylib
0x0000000003046000 	/System/Library/PrivateFrameworks/MediaKit.framework/Versions/A/MediaKit
0x0000000003046000 	/System/Library/PrivateFrameworks/ProtectedCloudStorage.framework/Versions/A/ProtectedCloudStorage
0x0000000003046000 	/usr/lib/libCoreStorage.dylib
0x0000000003046000 	/System/Library/PrivateFrameworks/EFILogin.framework/Versions/A/EFILogin
0x0000000003046000 	/usr/lib/libutil.dylib
0x0000000003046000 	/System/Library/PrivateFrameworks/FindMyDevice.framework/Versions/A/FindMyDevice
0x0000000003046000 	/System/Library/Frameworks/LDAP.framework/Versions/A/LDAP
0x0000000003046000 	/usr/lib/libsasl2.2.dylib
0x0000000125e13000 	cl_kernels
0x0000000125e15000 	/System/Library/Frameworks/OpenCL.framework/Versions/A/Libraries/ImageFormats/unorm8_bgra.dylib
0x0000000125e04000 	cl_kernels
0x0000000003046000 	/System/Library/PrivateFrameworks/FamilyControls.framework/Versions/A/FamilyControls
0x0000000003046000 	/System/Library/PrivateFrameworks/CommerceKit.framework/Versions/A/Frameworks/CommerceCore.framework/Versions/A/CommerceCore
0x0000000003046000 	/System/Library/PrivateFrameworks/SystemAdministration.framework/Versions/A/SystemAdministration
0x0000000003046000 	/System/Library/PrivateFrameworks/AppContainer.framework/Versions/A/AppContainer
0x0000000003046000 	/System/Library/PrivateFrameworks/SecCodeWrapper.framework/Versions/A/SecCodeWrapper
0x0000000003046000 	/System/Library/Frameworks/DirectoryService.framework/Versions/A/DirectoryService
0x0000000003046000 	/System/Library/PrivateFrameworks/LoginUIKit.framework/Versions/A/Frameworks/LoginUICore.framework/Versions/A/LoginUICore
0x0000000003046000 	/usr/lib/libodfde.dylib
0x0000000126fd8000 	/Library/Java/JavaVirtualMachines/jdk1.8.0_25.jdk/Contents/Home/jre/lib/libfontmanager.dylib
0x000000012703f000 	/Users/tylerwengert/Desktop/Workspace/libs/natives/liblwjgl.jnilib
0x0000000125345000 	/Library/Java/JavaVirtualMachines/jdk1.8.0_25.jdk/Contents/Home/jre/lib/libjawt.dylib
0x0000000003046000 	/System/Library/Frameworks/OpenGL.framework/Versions/A/Resources/GLEngine.bundle/GLEngine
0x0000000003046000 	/System/Library/Frameworks/OpenGL.framework/Versions/A/Libraries/libGLProgrammability.dylib
0x0000000000000000 	/System/Library/Extensions/AppleIntelHD4000GraphicsGLDriver.bundle/Contents/MacOS/AppleIntelHD4000GraphicsGLDriver
0x0000000003046000 	/System/Library/PrivateFrameworks/IOAccelerator.framework/Versions/A/IOAccelerator
0x0000000003046000 	/System/Library/PrivateFrameworks/GPUSupport.framework/Versions/A/Libraries/libGPUSupportMercury.dylib
0x0000000003046000 	/System/Library/Frameworks/OpenGL.framework/Versions/A/Resources/GLRendererFloat.bundle/GLRendererFloat

VM Arguments:
jvm_args: -Djava.library.path=/Users/tylerwengert/Desktop/Workspace/libs/natives -Dfile.encoding=UTF-8 
java_command: data.Boot
java_class_path (initial): /Users/tylerwengert/Desktop/Workspace/GameProject/bin:/Users/tylerwengert/Desktop/Workspace/libs/jars/lwjgl_util.jar:/Users/tylerwengert/Desktop/Workspace/libs/jars/lwjgl.jar:/Users/tylerwengert/Desktop/Workspace/libs/jars/slick-util.jar
Launcher Type: SUN_STANDARD

Environment Variables:
PATH=/usr/bin:/bin:/usr/sbin:/sbin
SHELL=/bin/bash

Signal Handlers:
SIGSEGV: [libjvm.dylib+0x579dc7], sa_mask[0]=11111111011111110111111111111111, sa_flags=SA_ONSTACK|SA_RESTART|SA_SIGINFO
SIGBUS: [libjvm.dylib+0x579dc7], sa_mask[0]=11111111011111110111111111111111, sa_flags=SA_RESTART|SA_SIGINFO
SIGFPE: [libjvm.dylib+0x45b030], sa_mask[0]=11111111011111110111111111111111, sa_flags=SA_RESTART|SA_SIGINFO
SIGPIPE: [libjvm.dylib+0x45b030], sa_mask[0]=11111111011111110111111111111111, sa_flags=SA_RESTART|SA_SIGINFO
SIGXFSZ: [libjvm.dylib+0x45b030], sa_mask[0]=11111111011111110111111111111111, sa_flags=SA_RESTART|SA_SIGINFO
SIGILL: [libjvm.dylib+0x45b030], sa_mask[0]=11111111011111110111111111111111, sa_flags=SA_RESTART|SA_SIGINFO
SIGUSR1: SIG_DFL, sa_mask[0]=00000000000000000000000000000000, sa_flags=none
SIGUSR2: [libjvm.dylib+0x45ab4e], sa_mask[0]=00100000000000000000000000000000, sa_flags=SA_RESTART|SA_SIGINFO
SIGHUP: [libjvm.dylib+0x459121], sa_mask[0]=11111111011111110111111111111111, sa_flags=SA_RESTART|SA_SIGINFO
SIGINT: [libjvm.dylib+0x459121], sa_mask[0]=11111111011111110111111111111111, sa_flags=SA_RESTART|SA_SIGINFO
SIGTERM: [libjvm.dylib+0x459121], sa_mask[0]=11111111011111110111111111111111, sa_flags=SA_RESTART|SA_SIGINFO
SIGQUIT: [libjvm.dylib+0x459121], sa_mask[0]=11111111011111110111111111111111, sa_flags=SA_RESTART|SA_SIGINFO


---------------  S Y S T E M  ---------------

OS:Bsduname:Darwin 14.0.0 Darwin Kernel Version 14.0.0: Fri Sep 19 00:26:44 PDT 2014; root:xnu-2782.1.97~2/RELEASE_X86_64 x86_64
rlimit: STACK 8192k, CORE 0k, NPROC 709, NOFILE 10240, AS infinity
load average:1.53 1.61 1.80

CPU:total 4 (2 cores per cpu, 2 threads per core) family 6 model 58 stepping 9, cmov, cx8, fxsr, mmx, sse, sse2, sse3, ssse3, sse4.1, sse4.2, popcnt, avx, aes, clmul, erms, ht, tsc, tscinvbit, tscinv

Memory: 4k page, physical 4194304k(214568k free)

/proc/meminfo:


vm_info: Java HotSpot(TM) 64-Bit Server VM (25.25-b02) for bsd-amd64 JRE (1.8.0_25-b17), built on Sep 17 2014 16:56:50 by "java_re" with gcc 4.2.1 (Based on Apple Inc. build 5658) (LLVM build 2336.11.00)

time: Fri Jan  9 21:54:39 2015
elapsed time: 14 seconds (0d 0h 0m 14s)

