#
# A fatal error has been detected by the Java Runtime Environment:
#
#  SIGSEGV (0xb) at pc=0x00007fffb43ccc22, pid=34592, tid=775
#
# JRE version: Java(TM) SE Runtime Environment (8.0_25-b17) (build 1.8.0_25-b17)
# Java VM: Java HotSpot(TM) 64-Bit Server VM (25.25-b02 mixed mode bsd-amd64 compressed oops)
# Problematic frame:
# C  [libGPUSupportMercury.dylib+0xac22]  gldAttachDrawable+0x12f
#
# Failed to write core dump. Core dumps have been disabled. To enable core dumping, try "ulimit -c unlimited" before starting Java again
#
# If you would like to submit a bug report, please visit:
#   http://bugreport.sun.com/bugreport/crash.jsp
# The crash happened outside the Java Virtual Machine in native code.
# See problematic frame for where to report the bug.
#

---------------  T H R E A D  ---------------

Current thread (0x00007fcdba122800):  JavaThread "AppKit Thread" daemon [_thread_in_native, id=775, stack(0x00007fff5d0ea000,0x00007fff5d8ea000)]

siginfo: si_signo: 11 (SIGSEGV), si_code: 1 (SEGV_MAPERR), si_addr: 0x000000000000585b

Registers:
RAX=0x0000000000005853, RBX=0x0000000000002715, RCX=0x0000000000000c24, RDX=0x00007fcdb9ef17b0
RSP=0x00007fff5d8e4350, RBP=0x00007fff5d8e4450, RSI=0x00000000000001ce, RDI=0x000000000000ea9f
R8 =0x0000000050000000, R9 =0x00007fcdbc800000, R10=0x000000000000003c, R11=0x0000000000000206
R12=0x00007fcdb9ef17a8, R13=0x00007fcdba268600, R14=0x00007fcdb9ef17b0, R15=0x0000000000000000
RIP=0x00007fffb43ccc22, EFLAGS=0x0000000000010206, ERR=0x0000000000000004
  TRAPNO=0x000000000000000e

Top of Stack: (sp=0x00007fff5d8e4350)
0x00007fff5d8e4350:   000000000000ea9f 00007fff5d8e44d8
0x00007fff5d8e4360:   00007fff5d8e43a0 00007fffb80b962c
0x00007fff5d8e4370:   0000000000000000 00007fcdbc80b2e0
0x00007fff5d8e4380:   0000000000005853 00007fcdb9ea2005
0x00007fff5d8e4390:   141e933a0000ea01 00000050141e933a
0x00007fff5d8e43a0:   0000000000000000 00007fffb81853cf
0x00007fff5d8e43b0:   0000000000000000 4036000000000000
0x00007fff5d8e43c0:   4092000000000000 4086000000000000
0x00007fff5d8e43d0:   7ff0000000000000 7ff0000000000000
0x00007fff5d8e43e0:   0000000000000000 0000000000000000
0x00007fff5d8e43f0:   00007fcdb9d86f00 7ff0000000000000
0x00007fff5d8e4400:   7ff0000000000000 0000000000000000
0x00007fff5d8e4410:   0000000000000000 00007fffb8213565
0x00007fff5d8e4420:   536e96e95bf70066 00007fcdbc801400
0x00007fff5d8e4430:   0000000000002718 0000000000000000
0x00007fff5d8e4440:   0000000000000050 0000000000000000
0x00007fff5d8e4450:   00007fff5d8e44b0 000000011a5b101b
0x00007fff5d8e4460:   4094000000000000 0000000000000000
0x00007fff5d8e4470:   00007fcdbc80b2e0 0000000000000000
0x00007fff5d8e4480:   00007fcdb9ef17a8 00007fcdbaac1088
0x00007fff5d8e4490:   00007fcdbaac1150 00007fcdbaac1180
0x00007fff5d8e44a0:   00007fcdbaabf200 536e96e95bf70066
0x00007fff5d8e44b0:   00007fff5d8e4590 00007fffab7afbb4
0x00007fff5d8e44c0:   403a000000000000 4092000000000000
0x00007fff5d8e44d0:   4086b00000000000 0000000000000000
0x00007fff5d8e44e0:   4036000000000000 4092000000000000
0x00007fff5d8e44f0:   4086000000000000 0000000000000000
0x00007fff5d8e4500:   0000000000000000 0000000000000001
0x00007fff5d8e4510:   00007fcdb9ef17a8 0000000000000001
0x00007fff5d8e4520:   00007fff5d8e4590 00007fffab7b498e
0x00007fff5d8e4530:   000000015d8e4550 00007fcdbaac1150
0x00007fff5d8e4540:   00007fcdbaac1088 0000000200001002 

Instructions: (pc=0x00007fffb43ccc22)
0x00007fffb43ccc02:   24 04 81 e1 3f 8c 00 00 48 8b 85 38 ff ff ff 44
0x00007fffb43ccc12:   8b 80 38 02 00 00 4c 89 f2 48 8b 85 30 ff ff ff
0x00007fffb43ccc22:   ff 50 08 bb 15 27 00 00 85 c0 0f 85 31 02 00 00
0x00007fffb43ccc32:   49 8b 4d 60 41 8b 06 eb 10 41 8b 06 bb 15 27 00 

Register to memory mapping:

RAX=0x0000000000005853 is an unknown value
RBX=0x0000000000002715 is an unknown value
RCX=0x0000000000000c24 is an unknown value
RDX=0x00007fcdb9ef17b0 is an unknown value
RSP=0x00007fff5d8e4350 is pointing into the stack for thread: 0x00007fcdba122800
RBP=0x00007fff5d8e4450 is pointing into the stack for thread: 0x00007fcdba122800
RSI=0x00000000000001ce is an unknown value
RDI=0x000000000000ea9f is an unknown value
R8 =0x0000000050000000 is an unknown value
R9 =0x00007fcdbc800000 is an unknown value
R10=0x000000000000003c is an unknown value
R11=0x0000000000000206 is an unknown value
R12=0x00007fcdb9ef17a8 is an unknown value
R13=0x00007fcdba268600 is an unknown value
R14=0x00007fcdb9ef17b0 is an unknown value
R15=0x0000000000000000 is an unknown value


Stack: [0x00007fff5d0ea000,0x00007fff5d8ea000],  sp=0x00007fff5d8e4350,  free space=8168k
Native frames: (J=compiled Java code, j=interpreted, Vv=VM code, C=native code)
C  [libGPUSupportMercury.dylib+0xac22]  gldAttachDrawable+0x12f
C  [GLEngine+0x1601b]  gliAttachDrawableWithOptions+0x106
C  [OpenGL+0x3bb4]  glcGetIOAccelService+0xe8c
C  [OpenGL+0x7740]  CGLSetPBuffer+0xb45
C  [OpenGL+0x7a5e]  CGLSetSurface+0x125
C  [AppKit+0x335940]  NSOpenGLContextAttachOnScreenViewSurface+0x187
C  [AppKit+0x6ef783]  __27-[NSOpenGLContext setView:]_block_invoke+0xd3
C  [AppKit+0x179ddc]  NSPerformVisuallyAtomicChange+0x93
C  [AppKit+0x3221fc]  -[NSOpenGLContext setView:]+0x69
C  [liblwjgl.jnilib+0x9f3e]  -[MacOSXOpenGLView lockFocus]+0x6e
C  [AppKit+0x19cf0b]  -[NSView _recursiveDisplayRectIfNeededIgnoringOpacity:isVisibleRect:rectIsVisibleRectForView:topView:]+0x6ee
C  [AppKit+0x19d761]  -[NSView _recursiveDisplayRectIfNeededIgnoringOpacity:isVisibleRect:rectIsVisibleRectForView:topView:]+0xf44
C  [AppKit+0x19c33f]  -[NSThemeFrame _recursiveDisplayRectIfNeededIgnoringOpacity:isVisibleRect:rectIsVisibleRectForView:topView:]+0x14e
C  [AppKit+0x19a768]  -[NSView _displayRectIgnoringOpacity:isVisibleRect:rectIsVisibleRectForView:]+0x994
C  [AppKit+0x196055]  -[NSView displayIfNeeded]+0x6d4
C  [AppKit+0x195967]  -[NSWindow displayIfNeeded]+0xe6
C  [AppKit+0x8f43f3]  ___NSWindowGetDisplayCycleObserver_block_invoke.6228+0x115
C  [AppKit+0x195445]  __37+[NSDisplayCycle currentDisplayCycle]_block_invoke+0x1c6
C  [QuartzCore+0x11a96]  _ZN2CA11Transaction19run_commit_handlersE18CATransactionPhase+0x2e
C  [QuartzCore+0x119800]  _ZN2CA7Context18commit_transactionEPNS_11TransactionE+0xa0
C  [QuartzCore+0x10631]  _ZN2CA11Transaction6commitEv+0x1db
C  [AppKit+0x478445]  __37+[NSDisplayCycle currentDisplayCycle]_block_invoke.31+0x143
C  [CoreFoundation+0xa42d7]  __CFRUNLOOP_IS_CALLING_OUT_TO_AN_OBSERVER_CALLBACK_FUNCTION__+0x17
C  [CoreFoundation+0xa4247]  __CFRunLoopDoObservers+0x187
C  [CoreFoundation+0x85119]  __CFRunLoopRun+0x369
C  [CoreFoundation+0x84b54]  CFRunLoopRunSpecific+0x1a4
C  [HIToolbox+0x30acc]  RunCurrentEventLoopInMode+0xf0
C  [HIToolbox+0x30809]  ReceiveNextEventCommon+0xb8
C  [HIToolbox+0x30736]  _BlockUntilNextEventMatchingListInModeWithFilter+0x47
C  [AppKit+0x46ae4]  _DPSNextEvent+0x460
C  [AppKit+0x7c121f]  -[NSApplication(NSEvent) _nextEventMatchingEventMask:untilDate:inMode:dequeue:]+0xae5
C  [libosxapp.dylib+0x242a]  -[NSApplicationAWT nextEventMatchingMask:untilDate:inMode:dequeue:]+0x7c
C  [AppKit+0x3b465]  -[NSApplication run]+0x39e
C  [libosxapp.dylib+0x223e]  +[NSApplicationAWT runAWTLoopWithApp:]+0x9c
C  [libawt_lwawt.dylib+0x4494f]  -[AWTStarter starter:]+0x389
C  [Foundation+0x7188a]  __NSThreadPerformPerform+0x146
C  [CoreFoundation+0xa48d1]  __CFRUNLOOP_IS_CALLING_OUT_TO_A_SOURCE0_PERFORM_FUNCTION__+0x11
C  [CoreFoundation+0x85c6c]  __CFRunLoopDoSources0+0x22c
C  [CoreFoundation+0x85156]  __CFRunLoopRun+0x3a6
C  [CoreFoundation+0x84b54]  CFRunLoopRunSpecific+0x1a4
C  [java+0x56cc]  CreateExecutionEnvironment+0x367
C  [java+0x165c]  JLI_Launch+0x7a0
C  [java+0x768a]  main+0x65
C  [java+0xeb4]  start+0x34
C  0x0000000000000006


---------------  P R O C E S S  ---------------

Java Threads: ( => current thread )
  0x00007fcdbac09000 JavaThread "AWT-Shutdown" [_thread_blocked, id=5143, stack(0x000070000e09f000,0x000070000e19f000)]
=>0x00007fcdba122800 JavaThread "AppKit Thread" daemon [_thread_in_native, id=775, stack(0x00007fff5d0ea000,0x00007fff5d8ea000)]
  0x00007fcdba04c000 JavaThread "Service Thread" daemon [_thread_blocked, id=18947, stack(0x000070000eecf000,0x000070000efcf000)]
  0x00007fcdba839800 JavaThread "C1 CompilerThread2" daemon [_thread_blocked, id=18435, stack(0x000070000edcc000,0x000070000eecc000)]
  0x00007fcdba839000 JavaThread "C2 CompilerThread1" daemon [_thread_blocked, id=17923, stack(0x000070000ecc9000,0x000070000edc9000)]
  0x00007fcdba837800 JavaThread "C2 CompilerThread0" daemon [_thread_blocked, id=17411, stack(0x000070000ebc6000,0x000070000ecc6000)]
  0x00007fcdba82e800 JavaThread "Signal Dispatcher" daemon [_thread_blocked, id=16899, stack(0x000070000eac3000,0x000070000ebc3000)]
  0x00007fcdbb801800 JavaThread "Finalizer" daemon [_thread_blocked, id=12803, stack(0x000070000e9c0000,0x000070000eac0000)]
  0x00007fcdba825800 JavaThread "Reference Handler" daemon [_thread_blocked, id=12291, stack(0x000070000e8bd000,0x000070000e9bd000)]
  0x00007fcdbb801000 JavaThread "main" [_thread_in_native, id=7427, stack(0x000070000e2ab000,0x000070000e3ab000)]

Other Threads:
  0x00007fcdbb00c000 VMThread [stack: 0x000070000e7ba000,0x000070000e8ba000] [id=11779]
  0x00007fcdba82c800 WatcherThread [stack: 0x000070000efd2000,0x000070000f0d2000] [id=19459]

VM state:not at safepoint (normal execution)

VM Mutex/Monitor currently owned by a thread: None

Heap:
 PSYoungGen      total 18944K, used 3694K [0x00000007aab00000, 0x00000007ad000000, 0x00000007c0000000)
  eden space 16384K, 8% used [0x00000007aab00000,0x00000007aac4bba8,0x00000007abb00000)
  from space 2560K, 92% used [0x00000007abd80000,0x00000007abfd0020,0x00000007ac000000)
  to   space 2560K, 0% used [0x00000007abb00000,0x00000007abb00000,0x00000007abd80000)
 ParOldGen       total 44032K, used 40K [0x0000000780000000, 0x0000000782b00000, 0x00000007aab00000)
  object space 44032K, 0% used [0x0000000780000000,0x000000078000a000,0x0000000782b00000)
 Metaspace       used 6403K, capacity 6513K, committed 6656K, reserved 1056768K
  class space    used 629K, capacity 661K, committed 768K, reserved 1048576K

Card table byte_map: [0x0000000103f95000,0x0000000104196000] byte_map_base: 0x0000000100395000

Marking Bits: (ParMarkBitMap*) 0x000000010349d390
 Begin Bits: [0x00000001042ec000, 0x00000001052ec000)
 End Bits:   [0x00000001052ec000, 0x00000001062ec000)

Polling page: 0x00000001023d4000

CodeCache: size=245760Kb used=3269Kb max_used=3309Kb free=242490Kb
 bounds [0x000000010a3d8000, 0x000000010a728000, 0x00000001193d8000]
 total_blobs=1213 nmethods=854 adapters=274
 compilation: enabled

Compilation events (10 events):
Event: 107.834 Thread 0x00007fcdba837800  895       4       org.newdawn.slick.opengl.PNGDecoder::closeChunk (81 bytes)
Event: 107.843 Thread 0x00007fcdba837800 nmethod 895 0x000000010a4fcf90 code [0x000000010a4fd140, 0x000000010a4fda30]
Event: 107.850 Thread 0x00007fcdba839000  896       4       java.io.File::isInvalid (47 bytes)
Event: 107.853 Thread 0x00007fcdba839000 nmethod 896 0x000000010a5a9610 code [0x000000010a5a9780, 0x000000010a5a9958]
Event: 112.859 Thread 0x00007fcdba837800  897   !   4       sun.nio.cs.StreamEncoder::flushBuffer (42 bytes)
Event: 112.863 Thread 0x00007fcdba839000  898       4       java.lang.ref.ReferenceQueue::reallyPoll (66 bytes)
Event: 114.129 Thread 0x00007fcdba839000 nmethod 898 0x000000010a4f1090 code [0x000000010a4f11e0, 0x000000010a4f1318]
Event: 114.129 Thread 0x00007fcdba839000  899   !   4       java.lang.ref.ReferenceQueue::enqueue (119 bytes)
Event: 114.130 Thread 0x00007fcdba837800 nmethod 897 0x000000010a593050 code [0x000000010a593240, 0x000000010a594488]
Event: 114.133 Thread 0x00007fcdba839000 nmethod 899 0x000000010a517e50 code [0x000000010a517fc0, 0x000000010a518488]

GC Heap History (10 events):
Event: 36.860 GC heap before
{Heap before GC invocations=2 (full 0):
 PSYoungGen      total 18944K, used 18496K [0x00000007aab00000, 0x00000007ac000000, 0x00000007c0000000)
  eden space 16384K, 100% used [0x00000007aab00000,0x00000007abb00000,0x00000007abb00000)
  from space 2560K, 82% used [0x00000007abb00000,0x00000007abd10000,0x00000007abd80000)
  to   space 2560K, 0% used [0x00000007abd80000,0x00000007abd80000,0x00000007ac000000)
 ParOldGen       total 44032K, used 8K [0x0000000780000000, 0x0000000782b00000, 0x00000007aab00000)
  object space 44032K, 0% used [0x0000000780000000,0x0000000780002000,0x0000000782b00000)
 Metaspace       used 6353K, capacity 6513K, committed 6656K, reserved 1056768K
  class space    used 627K, capacity 661K, committed 768K, reserved 1048576K
Event: 36.867 GC heap after
Heap after GC invocations=2 (full 0):
 PSYoungGen      total 18944K, used 1776K [0x00000007aab00000, 0x00000007ac000000, 0x00000007c0000000)
  eden space 16384K, 0% used [0x00000007aab00000,0x00000007aab00000,0x00000007abb00000)
  from space 2560K, 69% used [0x00000007abd80000,0x00000007abf3c010,0x00000007ac000000)
  to   space 2560K, 0% used [0x00000007abb00000,0x00000007abb00000,0x00000007abd80000)
 ParOldGen       total 44032K, used 16K [0x0000000780000000, 0x0000000782b00000, 0x00000007aab00000)
  object space 44032K, 0% used [0x0000000780000000,0x0000000780004000,0x0000000782b00000)
 Metaspace       used 6353K, capacity 6513K, committed 6656K, reserved 1056768K
  class space    used 627K, capacity 661K, committed 768K, reserved 1048576K
}
Event: 63.907 GC heap before
{Heap before GC invocations=3 (full 0):
 PSYoungGen      total 18944K, used 18160K [0x00000007aab00000, 0x00000007ac000000, 0x00000007c0000000)
  eden space 16384K, 100% used [0x00000007aab00000,0x00000007abb00000,0x00000007abb00000)
  from space 2560K, 69% used [0x00000007abd80000,0x00000007abf3c010,0x00000007ac000000)
  to   space 2560K, 0% used [0x00000007abb00000,0x00000007abb00000,0x00000007abd80000)
 ParOldGen       total 44032K, used 16K [0x0000000780000000, 0x0000000782b00000, 0x00000007aab00000)
  object space 44032K, 0% used [0x0000000780000000,0x0000000780004000,0x0000000782b00000)
 Metaspace       used 6360K, capacity 6513K, committed 6656K, reserved 1056768K
  class space    used 627K, capacity 661K, committed 768K, reserved 1048576K
Event: 63.910 GC heap after
Heap after GC invocations=3 (full 0):
 PSYoungGen      total 18944K, used 1872K [0x00000007aab00000, 0x00000007ac000000, 0x00000007c0000000)
  eden space 16384K, 0% used [0x00000007aab00000,0x00000007aab00000,0x00000007abb00000)
  from space 2560K, 73% used [0x00000007abb00000,0x00000007abcd4010,0x00000007abd80000)
  to   space 2560K, 0% used [0x00000007abd80000,0x00000007abd80000,0x00000007ac000000)
 ParOldGen       total 44032K, used 24K [0x0000000780000000, 0x0000000782b00000, 0x00000007aab00000)
  object space 44032K, 0% used [0x0000000780000000,0x0000000780006000,0x0000000782b00000)
 Metaspace       used 6360K, capacity 6513K, committed 6656K, reserved 1056768K
  class space    used 627K, capacity 661K, committed 768K, reserved 1048576K
}
Event: 90.909 GC heap before
{Heap before GC invocations=4 (full 0):
 PSYoungGen      total 18944K, used 18256K [0x00000007aab00000, 0x00000007ac000000, 0x00000007c0000000)
  eden space 16384K, 100% used [0x00000007aab00000,0x00000007abb00000,0x00000007abb00000)
  from space 2560K, 73% used [0x00000007abb00000,0x00000007abcd4010,0x00000007abd80000)
  to   space 2560K, 0% used [0x00000007abd80000,0x00000007abd80000,0x00000007ac000000)
 ParOldGen       total 44032K, used 24K [0x0000000780000000, 0x0000000782b00000, 0x00000007aab00000)
  object space 44032K, 0% used [0x0000000780000000,0x0000000780006000,0x0000000782b00000)
 Metaspace       used 6360K, capacity 6513K, committed 6656K, reserved 1056768K
  class space    used 627K, capacity 661K, committed 768K, reserved 1048576K
Event: 90.915 GC heap after
Heap after GC invocations=4 (full 0):
 PSYoungGen      total 18944K, used 2080K [0x00000007aab00000, 0x00000007ac000000, 0x00000007c0000000)
  eden space 16384K, 0% used [0x00000007aab00000,0x00000007aab00000,0x00000007abb00000)
  from space 2560K, 81% used [0x00000007abd80000,0x00000007abf88020,0x00000007ac000000)
  to   space 2560K, 0% used [0x00000007abb00000,0x00000007abb00000,0x00000007abd80000)
 ParOldGen       total 44032K, used 24K [0x0000000780000000, 0x0000000782b00000, 0x00000007aab00000)
  object space 44032K, 0% used [0x0000000780000000,0x0000000780006000,0x0000000782b00000)
 Metaspace       used 6360K, capacity 6513K, committed 6656K, reserved 1056768K
  class space    used 627K, capacity 661K, committed 768K, reserved 1048576K
}
Event: 104.984 GC heap before
{Heap before GC invocations=5 (full 0):
 PSYoungGen      total 18944K, used 18464K [0x00000007aab00000, 0x00000007ac000000, 0x00000007c0000000)
  eden space 16384K, 100% used [0x00000007aab00000,0x00000007abb00000,0x00000007abb00000)
  from space 2560K, 81% used [0x00000007abd80000,0x00000007abf88020,0x00000007ac000000)
  to   space 2560K, 0% used [0x00000007abb00000,0x00000007abb00000,0x00000007abd80000)
 ParOldGen       total 44032K, used 24K [0x0000000780000000, 0x0000000782b00000, 0x00000007aab00000)
  object space 44032K, 0% used [0x0000000780000000,0x0000000780006000,0x0000000782b00000)
 Metaspace       used 6386K, capacity 6513K, committed 6656K, reserved 1056768K
  class space    used 629K, capacity 661K, committed 768K, reserved 1048576K
Event: 104.988 GC heap after
Heap after GC invocations=5 (full 0):
 PSYoungGen      total 18944K, used 2160K [0x00000007aab00000, 0x00000007ac000000, 0x00000007c0000000)
  eden space 16384K, 0% used [0x00000007aab00000,0x00000007aab00000,0x00000007abb00000)
  from space 2560K, 84% used [0x00000007abb00000,0x00000007abd1c010,0x00000007abd80000)
  to   space 2560K, 0% used [0x00000007abd80000,0x00000007abd80000,0x00000007ac000000)
 ParOldGen       total 44032K, used 32K [0x0000000780000000, 0x0000000782b00000, 0x00000007aab00000)
  object space 44032K, 0% used [0x0000000780000000,0x0000000780008000,0x0000000782b00000)
 Metaspace       used 6386K, capacity 6513K, committed 6656K, reserved 1056768K
  class space    used 629K, capacity 661K, committed 768K, reserved 1048576K
}
Event: 112.222 GC heap before
{Heap before GC invocations=6 (full 0):
 PSYoungGen      total 18944K, used 18544K [0x00000007aab00000, 0x00000007ac000000, 0x00000007c0000000)
  eden space 16384K, 100% used [0x00000007aab00000,0x00000007abb00000,0x00000007abb00000)
  from space 2560K, 84% used [0x00000007abb00000,0x00000007abd1c010,0x00000007abd80000)
  to   space 2560K, 0% used [0x00000007abd80000,0x00000007abd80000,0x00000007ac000000)
 ParOldGen       total 44032K, used 32K [0x0000000780000000, 0x0000000782b00000, 0x00000007aab00000)
  object space 44032K, 0% used [0x0000000780000000,0x0000000780008000,0x0000000782b00000)
 Metaspace       used 6397K, capacity 6513K, committed 6656K, reserved 1056768K
  class space    used 629K, capacity 661K, committed 768K, reserved 1048576K
Event: 112.843 GC heap after
Heap after GC invocations=6 (full 0):
 PSYoungGen      total 18944K, used 2368K [0x00000007aab00000, 0x00000007ad000000, 0x00000007c0000000)
  eden space 16384K, 0% used [0x00000007aab00000,0x00000007aab00000,0x00000007abb00000)
  from space 2560K, 92% used [0x00000007abd80000,0x00000007abfd0020,0x00000007ac000000)
  to   space 2560K, 0% used [0x00000007abb00000,0x00000007abb00000,0x00000007abd80000)
 ParOldGen       total 44032K, used 40K [0x0000000780000000, 0x0000000782b00000, 0x00000007aab00000)
  object space 44032K, 0% used [0x0000000780000000,0x000000078000a000,0x0000000782b00000)
 Metaspace       used 6397K, capacity 6513K, committed 6656K, reserved 1056768K
  class space    used 629K, capacity 661K, committed 768K, reserved 1048576K
}

Deoptimization events (0 events):
No events

Internal exceptions (10 events):
Event: 10.884 Thread 0x00007fcdbb801000 Exception <a 'java/security/PrivilegedActionException'> (0x00000007ab0e4a40) thrown at [/HUDSON3/workspace/8-2-build-macosx-x86_64/jdk8u25/1514/hotspot/src/share/vm/prims/jvm.cpp, line 1312]
Event: 10.909 Thread 0x00007fcdbb801000 Exception <a 'java/security/PrivilegedActionException'> (0x00000007ab0e9970) thrown at [/HUDSON3/workspace/8-2-build-macosx-x86_64/jdk8u25/1514/hotspot/src/share/vm/prims/jvm.cpp, line 1312]
Event: 11.132 Thread 0x00007fcdbb801000 Exception <a 'java/security/PrivilegedActionException'> (0x00000007ab9efdd8) thrown at [/HUDSON3/workspace/8-2-build-macosx-x86_64/jdk8u25/1514/hotspot/src/share/vm/prims/jvm.cpp, line 1312]
Event: 11.188 Thread 0x00007fcdbb801000 Exception <a 'java/security/PrivilegedActionException'> (0x00000007aba0ac18) thrown at [/HUDSON3/workspace/8-2-build-macosx-x86_64/jdk8u25/1514/hotspot/src/share/vm/prims/jvm.cpp, line 1312]
Event: 11.204 Thread 0x00007fcdbb801000 Exception <a 'java/security/PrivilegedActionException'> (0x00000007abadff68) thrown at [/HUDSON3/workspace/8-2-build-macosx-x86_64/jdk8u25/1514/hotspot/src/share/vm/prims/jvm.cpp, line 1312]
Event: 11.222 Thread 0x00007fcdbb801000 Exception <a 'java/security/PrivilegedActionException'> (0x00000007abae2148) thrown at [/HUDSON3/workspace/8-2-build-macosx-x86_64/jdk8u25/1514/hotspot/src/share/vm/prims/jvm.cpp, line 1312]
Event: 11.225 Thread 0x00007fcdbb801000 Exception <a 'java/security/PrivilegedActionException'> (0x00000007abae4298) thrown at [/HUDSON3/workspace/8-2-build-macosx-x86_64/jdk8u25/1514/hotspot/src/share/vm/prims/jvm.cpp, line 1312]
Event: 11.352 Thread 0x00007fcdbb801000 Exception <a 'java/security/PrivilegedActionException'> (0x00000007aabf0750) thrown at [/HUDSON3/workspace/8-2-build-macosx-x86_64/jdk8u25/1514/hotspot/src/share/vm/prims/jvm.cpp, line 1312]
Event: 11.353 Thread 0x00007fcdbb801000 Exception <a 'java/security/PrivilegedActionException'> (0x00000007aabf4448) thrown at [/HUDSON3/workspace/8-2-build-macosx-x86_64/jdk8u25/1514/hotspot/src/share/vm/prims/jvm.cpp, line 1312]
Event: 114.924 Thread 0x00007fcdbb801000 Exception <a 'java/security/PrivilegedActionException'> (0x00000007aac1e200) thrown at [/HUDSON3/workspace/8-2-build-macosx-x86_64/jdk8u25/1514/hotspot/src/share/vm/prims/jvm.cpp, line 1312]

Events (10 events):
Event: 105.596 Thread 0x00007fcdba839800 flushing nmethod 0x000000010a5d44d0
Event: 105.692 Thread 0x00007fcdba839800 flushing nmethod 0x000000010a618c10
Event: 110.238 Executing VM operation: RevokeBias
Event: 110.238 Executing VM operation: RevokeBias done
Event: 110.238 Thread 0x00007fcdba47d000 Thread exited: 0x00007fcdba47d000
Event: 110.805 Thread 0x00007fcdbac09000 Thread added: 0x00007fcdbac09000
Event: 112.222 Executing VM operation: ParallelGCFailedAllocation
Event: 112.844 Executing VM operation: ParallelGCFailedAllocation done
Event: 114.924 loading class org/lwjgl/opengl/CallbackUtil
Event: 114.924 loading class org/lwjgl/opengl/CallbackUtil done


Dynamic libraries:
0x0000000031287000 	/System/Library/Frameworks/Cocoa.framework/Versions/A/Cocoa
0x0000000031287000 	/System/Library/Frameworks/Security.framework/Versions/A/Security
0x0000000031287000 	/System/Library/Frameworks/ApplicationServices.framework/Versions/A/ApplicationServices
0x0000000031287000 	/usr/lib/libz.1.dylib
0x0000000031287000 	/usr/lib/libSystem.B.dylib
0x0000000031287000 	/usr/lib/libobjc.A.dylib
0x0000000031287000 	/System/Library/Frameworks/CoreFoundation.framework/Versions/A/CoreFoundation
0x0000000031287000 	/System/Library/Frameworks/Foundation.framework/Versions/C/Foundation
0x0000000031287000 	/System/Library/Frameworks/AppKit.framework/Versions/C/AppKit
0x0000000031287000 	/System/Library/Frameworks/CoreData.framework/Versions/A/CoreData
0x0000000031287000 	/System/Library/PrivateFrameworks/RemoteViewServices.framework/Versions/A/RemoteViewServices
0x0000000031287000 	/System/Library/PrivateFrameworks/UIFoundation.framework/Versions/A/UIFoundation
0x0000000031287000 	/System/Library/PrivateFrameworks/DFRFoundation.framework/Versions/A/DFRFoundation
0x0000000031287000 	/usr/lib/libenergytrace.dylib
0x0000000031287000 	/System/Library/PrivateFrameworks/SkyLight.framework/Versions/A/SkyLight
0x0000000031287000 	/System/Library/Frameworks/CoreGraphics.framework/Versions/A/CoreGraphics
0x0000000031287000 	/usr/lib/libScreenReader.dylib
0x0000000031287000 	/System/Library/Frameworks/Accelerate.framework/Versions/A/Accelerate
0x0000000031287000 	/System/Library/Frameworks/IOSurface.framework/Versions/A/IOSurface
0x0000000031287000 	/System/Library/Frameworks/AudioToolbox.framework/Versions/A/AudioToolbox
0x0000000031287000 	/System/Library/Frameworks/AudioUnit.framework/Versions/A/AudioUnit
0x0000000031287000 	/System/Library/PrivateFrameworks/DataDetectorsCore.framework/Versions/A/DataDetectorsCore
0x0000000031287000 	/System/Library/PrivateFrameworks/DesktopServicesPriv.framework/Versions/A/DesktopServicesPriv
0x0000000031287000 	/System/Library/Frameworks/Carbon.framework/Versions/A/Frameworks/HIToolbox.framework/Versions/A/HIToolbox
0x0000000031287000 	/usr/lib/libicucore.A.dylib
0x0000000031287000 	/System/Library/Frameworks/QuartzCore.framework/Versions/A/QuartzCore
0x0000000031287000 	/System/Library/Frameworks/Carbon.framework/Versions/A/Frameworks/SpeechRecognition.framework/Versions/A/SpeechRecognition
0x0000000031287000 	/usr/lib/libauto.dylib
0x0000000031287000 	/usr/lib/libxml2.2.dylib
0x0000000031287000 	/System/Library/PrivateFrameworks/CoreUI.framework/Versions/A/CoreUI
0x0000000031287000 	/System/Library/Frameworks/CoreAudio.framework/Versions/A/CoreAudio
0x0000000031287000 	/System/Library/Frameworks/DiskArbitration.framework/Versions/A/DiskArbitration
0x0000000031287000 	/usr/lib/liblangid.dylib
0x0000000031287000 	/System/Library/PrivateFrameworks/MultitouchSupport.framework/Versions/A/MultitouchSupport
0x0000000031287000 	/System/Library/Frameworks/IOKit.framework/Versions/A/IOKit
0x0000000031287000 	/usr/lib/libDiagnosticMessagesClient.dylib
0x0000000031287000 	/System/Library/Frameworks/CoreServices.framework/Versions/A/CoreServices
0x0000000031287000 	/System/Library/PrivateFrameworks/PerformanceAnalysis.framework/Versions/A/PerformanceAnalysis
0x0000000031287000 	/System/Library/PrivateFrameworks/GenerationalStorage.framework/Versions/A/GenerationalStorage
0x0000000031287000 	/System/Library/Frameworks/OpenGL.framework/Versions/A/OpenGL
0x0000000031287000 	/System/Library/Frameworks/CoreImage.framework/Versions/A/CoreImage
0x0000000031287000 	/System/Library/Frameworks/CoreText.framework/Versions/A/CoreText
0x0000000031287000 	/System/Library/Frameworks/ImageIO.framework/Versions/A/ImageIO
0x0000000031287000 	/System/Library/PrivateFrameworks/Backup.framework/Versions/A/Backup
0x0000000031287000 	/usr/lib/libarchive.2.dylib
0x0000000031287000 	/System/Library/Frameworks/CFNetwork.framework/Versions/A/CFNetwork
0x0000000031287000 	/System/Library/Frameworks/SystemConfiguration.framework/Versions/A/SystemConfiguration
0x0000000031287000 	/usr/lib/libCRFSuite.dylib
0x0000000031287000 	/usr/lib/libc++.1.dylib
0x0000000031287000 	/usr/lib/libc++abi.dylib
0x0000000031287000 	/usr/lib/system/libcache.dylib
0x0000000031287000 	/usr/lib/system/libcommonCrypto.dylib
0x0000000031287000 	/usr/lib/system/libcompiler_rt.dylib
0x0000000031287000 	/usr/lib/system/libcopyfile.dylib
0x0000000031287000 	/usr/lib/system/libcorecrypto.dylib
0x0000000031287000 	/usr/lib/system/libdispatch.dylib
0x0000000031287000 	/usr/lib/system/libdyld.dylib
0x0000000031287000 	/usr/lib/system/libkeymgr.dylib
0x0000000031287000 	/usr/lib/system/liblaunch.dylib
0x0000000031287000 	/usr/lib/system/libmacho.dylib
0x0000000031287000 	/usr/lib/system/libquarantine.dylib
0x0000000031287000 	/usr/lib/system/libremovefile.dylib
0x0000000031287000 	/usr/lib/system/libsystem_asl.dylib
0x0000000031287000 	/usr/lib/system/libsystem_blocks.dylib
0x0000000031287000 	/usr/lib/system/libsystem_c.dylib
0x0000000031287000 	/usr/lib/system/libsystem_configuration.dylib
0x0000000031287000 	/usr/lib/system/libsystem_coreservices.dylib
0x0000000031287000 	/usr/lib/system/libsystem_coretls.dylib
0x0000000031287000 	/usr/lib/system/libsystem_dnssd.dylib
0x0000000031287000 	/usr/lib/system/libsystem_info.dylib
0x0000000031287000 	/usr/lib/system/libsystem_kernel.dylib
0x0000000031287000 	/usr/lib/system/libsystem_m.dylib
0x0000000031287000 	/usr/lib/system/libsystem_malloc.dylib
0x0000000031287000 	/usr/lib/system/libsystem_network.dylib
0x0000000031287000 	/usr/lib/system/libsystem_networkextension.dylib
0x0000000031287000 	/usr/lib/system/libsystem_notify.dylib
0x0000000031287000 	/usr/lib/system/libsystem_platform.dylib
0x0000000031287000 	/usr/lib/system/libsystem_pthread.dylib
0x0000000031287000 	/usr/lib/system/libsystem_sandbox.dylib
0x0000000031287000 	/usr/lib/system/libsystem_secinit.dylib
0x0000000031287000 	/usr/lib/system/libsystem_symptoms.dylib
0x0000000031287000 	/usr/lib/system/libsystem_trace.dylib
0x0000000031287000 	/usr/lib/system/libunwind.dylib
0x0000000031287000 	/usr/lib/system/libxpc.dylib
0x0000000031287000 	/usr/lib/libbsm.0.dylib
0x0000000031287000 	/usr/lib/system/libkxld.dylib
0x0000000031287000 	/usr/lib/libcoretls.dylib
0x0000000031287000 	/usr/lib/libcoretls_cfhelpers.dylib
0x0000000031287000 	/usr/lib/libxar.1.dylib
0x0000000031287000 	/usr/lib/libsqlite3.dylib
0x0000000031287000 	/usr/lib/libpam.2.dylib
0x0000000031287000 	/usr/lib/libOpenScriptingUtil.dylib
0x0000000031287000 	/usr/lib/libbz2.1.0.dylib
0x0000000031287000 	/usr/lib/liblzma.5.dylib
0x0000000031287000 	/usr/lib/libnetwork.dylib
0x0000000031287000 	/usr/lib/libpcap.A.dylib
0x0000000031287000 	/System/Library/Frameworks/CoreServices.framework/Versions/A/Frameworks/FSEvents.framework/Versions/A/FSEvents
0x0000000031287000 	/System/Library/Frameworks/CoreServices.framework/Versions/A/Frameworks/CarbonCore.framework/Versions/A/CarbonCore
0x0000000031287000 	/System/Library/Frameworks/CoreServices.framework/Versions/A/Frameworks/Metadata.framework/Versions/A/Metadata
0x0000000031287000 	/System/Library/Frameworks/CoreServices.framework/Versions/A/Frameworks/OSServices.framework/Versions/A/OSServices
0x0000000031287000 	/System/Library/Frameworks/CoreServices.framework/Versions/A/Frameworks/SearchKit.framework/Versions/A/SearchKit
0x0000000031287000 	/System/Library/Frameworks/CoreServices.framework/Versions/A/Frameworks/AE.framework/Versions/A/AE
0x0000000031287000 	/System/Library/Frameworks/CoreServices.framework/Versions/A/Frameworks/LaunchServices.framework/Versions/A/LaunchServices
0x0000000031287000 	/System/Library/Frameworks/CoreServices.framework/Versions/A/Frameworks/DictionaryServices.framework/Versions/A/DictionaryServices
0x0000000031287000 	/System/Library/Frameworks/CoreServices.framework/Versions/A/Frameworks/SharedFileList.framework/Versions/A/SharedFileList
0x0000000031287000 	/System/Library/Frameworks/NetFS.framework/Versions/A/NetFS
0x0000000031287000 	/System/Library/PrivateFrameworks/NetAuth.framework/Versions/A/NetAuth
0x0000000031287000 	/System/Library/PrivateFrameworks/login.framework/Versions/A/Frameworks/loginsupport.framework/Versions/A/loginsupport
0x0000000031287000 	/System/Library/PrivateFrameworks/TCC.framework/Versions/A/TCC
0x0000000031287000 	/usr/lib/libmecabra.dylib
0x0000000031287000 	/System/Library/Frameworks/ApplicationServices.framework/Versions/A/Frameworks/ATS.framework/Versions/A/ATS
0x0000000031287000 	/System/Library/Frameworks/ApplicationServices.framework/Versions/A/Frameworks/ColorSync.framework/Versions/A/ColorSync
0x0000000031287000 	/System/Library/Frameworks/ApplicationServices.framework/Versions/A/Frameworks/HIServices.framework/Versions/A/HIServices
0x0000000031287000 	/System/Library/Frameworks/ApplicationServices.framework/Versions/A/Frameworks/LangAnalysis.framework/Versions/A/LangAnalysis
0x0000000031287000 	/System/Library/Frameworks/ApplicationServices.framework/Versions/A/Frameworks/PrintCore.framework/Versions/A/PrintCore
0x0000000031287000 	/System/Library/Frameworks/ApplicationServices.framework/Versions/A/Frameworks/QD.framework/Versions/A/QD
0x0000000031287000 	/System/Library/Frameworks/ApplicationServices.framework/Versions/A/Frameworks/SpeechSynthesis.framework/Versions/A/SpeechSynthesis
0x0000000031287000 	/System/Library/Frameworks/Accelerate.framework/Versions/A/Frameworks/vImage.framework/Versions/A/vImage
0x0000000031287000 	/System/Library/Frameworks/Accelerate.framework/Versions/A/Frameworks/vecLib.framework/Versions/A/vecLib
0x0000000031287000 	/System/Library/Frameworks/Accelerate.framework/Versions/A/Frameworks/vecLib.framework/Versions/A/libvDSP.dylib
0x0000000031287000 	/System/Library/Frameworks/Accelerate.framework/Versions/A/Frameworks/vecLib.framework/Versions/A/libBNNS.dylib
0x0000000031287000 	/System/Library/Frameworks/Accelerate.framework/Versions/A/Frameworks/vecLib.framework/Versions/A/libQuadrature.dylib
0x0000000031287000 	/System/Library/Frameworks/Accelerate.framework/Versions/A/Frameworks/vecLib.framework/Versions/A/libvMisc.dylib
0x0000000031287000 	/System/Library/Frameworks/Accelerate.framework/Versions/A/Frameworks/vecLib.framework/Versions/A/libLAPACK.dylib
0x0000000031287000 	/System/Library/Frameworks/Accelerate.framework/Versions/A/Frameworks/vecLib.framework/Versions/A/libBLAS.dylib
0x0000000031287000 	/System/Library/Frameworks/Accelerate.framework/Versions/A/Frameworks/vecLib.framework/Versions/A/libLinearAlgebra.dylib
0x0000000031287000 	/System/Library/Frameworks/Accelerate.framework/Versions/A/Frameworks/vecLib.framework/Versions/A/libSparseBLAS.dylib
0x0000000031287000 	/System/Library/Frameworks/ApplicationServices.framework/Versions/A/Frameworks/ATS.framework/Versions/A/Resources/libFontParser.dylib
0x0000000031287000 	/System/Library/Frameworks/ApplicationServices.framework/Versions/A/Frameworks/ATS.framework/Versions/A/Resources/libFontRegistry.dylib
0x0000000031287000 	/System/Library/Frameworks/ImageIO.framework/Versions/A/Resources/libJPEG.dylib
0x0000000031287000 	/System/Library/Frameworks/ImageIO.framework/Versions/A/Resources/libTIFF.dylib
0x0000000031287000 	/System/Library/Frameworks/ImageIO.framework/Versions/A/Resources/libPng.dylib
0x0000000031287000 	/System/Library/Frameworks/ImageIO.framework/Versions/A/Resources/libGIF.dylib
0x0000000031287000 	/System/Library/Frameworks/ImageIO.framework/Versions/A/Resources/libJP2.dylib
0x0000000031287000 	/System/Library/Frameworks/ImageIO.framework/Versions/A/Resources/libRadiance.dylib
0x0000000031287000 	/usr/lib/libcompression.dylib
0x0000000031287000 	/System/Library/PrivateFrameworks/AppleJPEG.framework/Versions/A/AppleJPEG
0x0000000031287000 	/usr/lib/libcups.2.dylib
0x0000000031287000 	/System/Library/Frameworks/Kerberos.framework/Versions/A/Kerberos
0x0000000031287000 	/System/Library/Frameworks/GSS.framework/Versions/A/GSS
0x0000000031287000 	/usr/lib/libresolv.9.dylib
0x0000000031287000 	/usr/lib/libiconv.2.dylib
0x0000000031287000 	/System/Library/PrivateFrameworks/Heimdal.framework/Versions/A/Heimdal
0x0000000031287000 	/usr/lib/libheimdal-asn1.dylib
0x0000000031287000 	/System/Library/Frameworks/OpenDirectory.framework/Versions/A/OpenDirectory
0x0000000031287000 	/System/Library/PrivateFrameworks/CommonAuth.framework/Versions/A/CommonAuth
0x0000000031287000 	/System/Library/Frameworks/OpenDirectory.framework/Versions/A/Frameworks/CFOpenDirectory.framework/Versions/A/CFOpenDirectory
0x0000000031287000 	/System/Library/Frameworks/SecurityFoundation.framework/Versions/A/SecurityFoundation
0x0000000031287000 	/System/Library/PrivateFrameworks/LanguageModeling.framework/Versions/A/LanguageModeling
0x0000000031287000 	/usr/lib/libmarisa.dylib
0x0000000031287000 	/usr/lib/libChineseTokenizer.dylib
0x0000000031287000 	/usr/lib/libcmph.dylib
0x0000000031287000 	/System/Library/PrivateFrameworks/CoreEmoji.framework/Versions/A/CoreEmoji
0x0000000031287000 	/System/Library/Frameworks/ServiceManagement.framework/Versions/A/ServiceManagement
0x0000000031287000 	/usr/lib/libxslt.1.dylib
0x0000000031287000 	/System/Library/Frameworks/Carbon.framework/Versions/A/Frameworks/Ink.framework/Versions/A/Ink
0x0000000031287000 	/System/Library/PrivateFrameworks/TextureIO.framework/Versions/A/TextureIO
0x0000000031287000 	/System/Library/Frameworks/Metal.framework/Versions/A/Metal
0x0000000031287000 	/usr/lib/libate.dylib
0x0000000031287000 	/System/Library/PrivateFrameworks/GPUCompiler.framework/libmetal_timestamp.dylib
0x0000000031287000 	/System/Library/Frameworks/OpenGL.framework/Versions/A/Libraries/libCoreFSCache.dylib
0x0000000031287000 	/System/Library/PrivateFrameworks/IOAccelerator.framework/Versions/A/IOAccelerator
0x0000000031287000 	/System/Library/Frameworks/CoreVideo.framework/Versions/A/CoreVideo
0x0000000031287000 	/usr/lib/libFosl_dynamic.dylib
0x0000000031287000 	/System/Library/PrivateFrameworks/MetalPerformanceShaders.framework/Versions/A/MetalPerformanceShaders
0x0000000031287000 	/System/Library/PrivateFrameworks/FaceCore.framework/Versions/A/FaceCore
0x0000000031287000 	/System/Library/Frameworks/OpenCL.framework/Versions/A/OpenCL
0x0000000031287000 	/System/Library/Frameworks/OpenGL.framework/Versions/A/Libraries/libGLU.dylib
0x0000000031287000 	/System/Library/Frameworks/OpenGL.framework/Versions/A/Libraries/libGFXShared.dylib
0x0000000031287000 	/System/Library/Frameworks/OpenGL.framework/Versions/A/Libraries/libGL.dylib
0x0000000031287000 	/System/Library/Frameworks/OpenGL.framework/Versions/A/Libraries/libGLImage.dylib
0x0000000031287000 	/System/Library/Frameworks/OpenGL.framework/Versions/A/Libraries/libCVMSPluginSupport.dylib
0x0000000031287000 	/System/Library/Frameworks/OpenGL.framework/Versions/A/Libraries/libCoreVMClient.dylib
0x0000000031287000 	/System/Library/PrivateFrameworks/CrashReporterSupport.framework/Versions/A/CrashReporterSupport
0x0000000031287000 	/System/Library/PrivateFrameworks/Sharing.framework/Versions/A/Sharing
0x0000000031287000 	/System/Library/PrivateFrameworks/IconServices.framework/Versions/A/IconServices
0x0000000031287000 	/System/Library/PrivateFrameworks/ProtocolBuffer.framework/Versions/A/ProtocolBuffer
0x0000000031287000 	/System/Library/PrivateFrameworks/Apple80211.framework/Versions/A/Apple80211
0x0000000031287000 	/System/Library/Frameworks/CoreWLAN.framework/Versions/A/CoreWLAN
0x0000000031287000 	/System/Library/PrivateFrameworks/CoreUtils.framework/Versions/A/CoreUtils
0x0000000031287000 	/System/Library/Frameworks/IOBluetooth.framework/Versions/A/IOBluetooth
0x0000000031287000 	/System/Library/PrivateFrameworks/CoreWiFi.framework/Versions/A/CoreWiFi
0x0000000031287000 	/System/Library/Frameworks/CoreBluetooth.framework/Versions/A/CoreBluetooth
0x0000000031287000 	/System/Library/Frameworks/CoreDisplay.framework/Versions/A/CoreDisplay
0x0000000031287000 	/System/Library/PrivateFrameworks/IOPresentment.framework/Versions/A/IOPresentment
0x0000000031287000 	/System/Library/PrivateFrameworks/DebugSymbols.framework/Versions/A/DebugSymbols
0x0000000031287000 	/System/Library/PrivateFrameworks/CoreSymbolication.framework/Versions/A/CoreSymbolication
0x0000000031287000 	/System/Library/PrivateFrameworks/Symbolication.framework/Versions/A/Symbolication
0x0000000031287000 	/System/Library/PrivateFrameworks/AppleFSCompression.framework/Versions/A/AppleFSCompression
0x0000000031287000 	/System/Library/PrivateFrameworks/SpeechRecognitionCore.framework/Versions/A/SpeechRecognitionCore
0x0000000031287000 	/System/Library/PrivateFrameworks/ChunkingLibrary.framework/Versions/A/ChunkingLibrary
0x0000000102c00000 	/Library/Java/JavaVirtualMachines/jdk1.8.0_25.jdk/Contents/Home/jre/lib/server/libjvm.dylib
0x0000000103b1c000 	/usr/lib/libstdc++.6.dylib
0x0000000102392000 	/Library/Java/JavaVirtualMachines/jdk1.8.0_25.jdk/Contents/Home/jre/lib/libverify.dylib
0x00000001023a0000 	/Library/Java/JavaVirtualMachines/jdk1.8.0_25.jdk/Contents/Home/jre/lib/libjava.dylib
0x00000001023de000 	/Library/Java/JavaVirtualMachines/jdk1.8.0_25.jdk/Contents/Home/jre/lib/libzip.dylib
0x0000000107fb7000 	/System/Library/Frameworks/JavaVM.framework/Frameworks/JavaRuntimeSupport.framework/JavaRuntimeSupport
0x0000000107fd1000 	/System/Library/Frameworks/JavaVM.framework/Versions/A/Frameworks/JavaNativeFoundation.framework/Versions/A/JavaNativeFoundation
0x0000000107fe6000 	/System/Library/Frameworks/JavaVM.framework/Versions/A/JavaVM
0x0000000031287000 	/System/Library/Frameworks/Carbon.framework/Versions/A/Carbon
0x0000000107ff3000 	/System/Library/PrivateFrameworks/JavaLaunching.framework/Versions/A/JavaLaunching
0x0000000031287000 	/System/Library/Frameworks/Carbon.framework/Versions/A/Frameworks/CommonPanels.framework/Versions/A/CommonPanels
0x0000000031287000 	/System/Library/Frameworks/Carbon.framework/Versions/A/Frameworks/Help.framework/Versions/A/Help
0x0000000031287000 	/System/Library/Frameworks/Carbon.framework/Versions/A/Frameworks/ImageCapture.framework/Versions/A/ImageCapture
0x0000000031287000 	/System/Library/Frameworks/Carbon.framework/Versions/A/Frameworks/OpenScripting.framework/Versions/A/OpenScripting
0x0000000031287000 	/System/Library/Frameworks/Carbon.framework/Versions/A/Frameworks/Print.framework/Versions/A/Print
0x0000000031287000 	/System/Library/Frameworks/Carbon.framework/Versions/A/Frameworks/SecurityHI.framework/Versions/A/SecurityHI
0x000000010990f000 	/Library/Java/JavaVirtualMachines/jdk1.8.0_25.jdk/Contents/Home/jre/lib/libawt.dylib
0x00000001099be000 	/Library/Java/JavaVirtualMachines/jdk1.8.0_25.jdk/Contents/Home/jre/lib/./libmlib_image.dylib
0x0000000109a8a000 	/Library/Java/JavaVirtualMachines/jdk1.8.0_25.jdk/Contents/Home/jre/lib/libawt_lwawt.dylib
0x0000000109b3d000 	/Library/Java/JavaVirtualMachines/jdk1.8.0_25.jdk/Contents/Home/jre/lib/./libosxapp.dylib
0x0000000031287000 	/System/Library/Frameworks/ExceptionHandling.framework/Versions/A/ExceptionHandling
0x0000000031287000 	/System/Library/PrivateFrameworks/CoreServicesInternal.framework/Versions/A/CoreServicesInternal
0x0000000031287000 	/System/Library/CoreServices/RawCamera.bundle/Contents/MacOS/RawCamera
0x0000000109cd9000 	/System/Library/Frameworks/Accelerate.framework/Frameworks/vImage.framework/Versions/A/Libraries/libCGInterfaces.dylib
0x0000000031287000 	/System/Library/Frameworks/ApplicationServices.framework/Versions/A/Frameworks/ATS.framework/Versions/A/Resources/libTrueTypeScaler.dylib
0x000000011a59b000 	/System/Library/Frameworks/OpenGL.framework/Resources/GLEngine.bundle/GLEngine
0x000000011a77f000 	/System/Library/Frameworks/OpenGL.framework/Versions/A/Libraries/libGLProgrammability.dylib
0x000000011abad000 	/System/Library/Extensions/AppleIntelHD4000GraphicsGLDriver.bundle/Contents/MacOS/AppleIntelHD4000GraphicsGLDriver
0x0000000031287000 	/System/Library/PrivateFrameworks/GPUSupport.framework/Versions/A/Libraries/libGPUSupportMercury.dylib
0x000000010a2b6000 	/System/Library/Frameworks/OpenGL.framework/Resources//GLRendererFloat.bundle/GLRendererFloat
0x0000000031287000 	/System/Library/Frameworks/OpenCL.framework/Versions/A/Libraries/libcldcpuengine.dylib
0x0000000031287000 	/usr/lib/libcrypto.0.9.8.dylib
0x0000000031287000 	/System/Library/PrivateFrameworks/TrustEvaluationAgent.framework/Versions/A/TrustEvaluationAgent
0x000000011b253000 	/System/Library/Extensions/AppleIntelHD4000GraphicsMTLDriver.bundle/Contents/MacOS/AppleIntelHD4000GraphicsMTLDriver
0x0000000031287000 	/System/Library/PrivateFrameworks/FamilyControls.framework/Versions/A/FamilyControls
0x0000000031287000 	/System/Library/PrivateFrameworks/CommerceKit.framework/Versions/A/Frameworks/CommerceCore.framework/Versions/A/CommerceCore
0x0000000031287000 	/System/Library/PrivateFrameworks/SystemAdministration.framework/Versions/A/SystemAdministration
0x0000000031287000 	/System/Library/PrivateFrameworks/AppContainer.framework/Versions/A/AppContainer
0x0000000031287000 	/System/Library/PrivateFrameworks/SecCodeWrapper.framework/Versions/A/SecCodeWrapper
0x0000000031287000 	/System/Library/Frameworks/DirectoryService.framework/Versions/A/DirectoryService
0x0000000031287000 	/System/Library/PrivateFrameworks/DiskImages.framework/Versions/A/DiskImages
0x0000000031287000 	/System/Library/PrivateFrameworks/LoginUIKit.framework/Versions/A/Frameworks/LoginUICore.framework/Versions/A/LoginUICore
0x0000000031287000 	/usr/lib/libCoreStorage.dylib
0x0000000031287000 	/usr/lib/libcsfde.dylib
0x0000000031287000 	/usr/lib/libodfde.dylib
0x0000000031287000 	/System/Library/Frameworks/DiscRecording.framework/Versions/A/DiscRecording
0x0000000031287000 	/usr/lib/libcurl.4.dylib
0x0000000031287000 	/System/Library/PrivateFrameworks/MediaKit.framework/Versions/A/MediaKit
0x0000000031287000 	/System/Library/PrivateFrameworks/ProtectedCloudStorage.framework/Versions/A/ProtectedCloudStorage
0x0000000031287000 	/System/Library/PrivateFrameworks/EFILogin.framework/Versions/A/EFILogin
0x0000000031287000 	/usr/lib/libutil.dylib
0x0000000031287000 	/System/Library/Frameworks/LDAP.framework/Versions/A/LDAP
0x0000000031287000 	/usr/lib/libsasl2.2.dylib
0x0000000031287000 	/System/Library/PrivateFrameworks/CoreDaemon.framework/Versions/B/CoreDaemon
0x0000000031287000 	/System/Library/PrivateFrameworks/AppleSRP.framework/Versions/A/AppleSRP
0x0000000031287000 	/System/Library/PrivateFrameworks/APFS.framework/Versions/A/APFS
0x000000011c538000 	/Library/Java/JavaVirtualMachines/jdk1.8.0_25.jdk/Contents/Home/jre/lib/libfontmanager.dylib
0x000000011c59f000 	/Users/tylerwengert/Desktop/Workspace/libs/natives/liblwjgl.jnilib
0x000000010a1fb000 	/Library/Java/JavaVirtualMachines/jdk1.8.0_25.jdk/Contents/Home/jre/lib/libjawt.dylib
0x0000000031287000 	/System/Library/PrivateFrameworks/ViewBridge.framework/Versions/A/ViewBridge
0x0000000031287000 	/System/Library/PrivateFrameworks/XPCService.framework/Versions/A/XPCService
0x0000000031287000 	/System/Library/PrivateFrameworks/AppSandbox.framework/Versions/A/AppSandbox
0x0000000031287000 	/usr/lib/libsandbox.1.dylib
0x0000000031287000 	/usr/lib/libMatch.1.dylib

VM Arguments:
jvm_args: -Djava.library.path=/Users/tylerwengert/Desktop/Workspace/libs/natives -Dfile.encoding=UTF-8 
java_command: data.Boot
java_class_path (initial): /Users/tylerwengert/Desktop/Workspace/GameProject/bin:/Users/tylerwengert/Desktop/Workspace/libs/jars/lwjgl_util.jar:/Users/tylerwengert/Desktop/Workspace/libs/jars/lwjgl.jar:/Users/tylerwengert/Desktop/Workspace/libs/jars/slick-util.jar
Launcher Type: SUN_STANDARD

Environment Variables:
PATH=/usr/bin:/bin:/usr/sbin:/sbin
SHELL=/bin/bash

Signal Handlers:
SIGSEGV: [libjvm.dylib+0x579dc7], sa_mask[0]=11111111011111110111111111111111, sa_flags=SA_ONSTACK|SA_RESTART|SA_SIGINFO
SIGBUS: [libjvm.dylib+0x579dc7], sa_mask[0]=11111111011111110111111111111111, sa_flags=SA_RESTART|SA_SIGINFO
SIGFPE: [libjvm.dylib+0x45b030], sa_mask[0]=11111111011111110111111111111111, sa_flags=SA_RESTART|SA_SIGINFO
SIGPIPE: [libjvm.dylib+0x45b030], sa_mask[0]=11111111011111110111111111111111, sa_flags=SA_RESTART|SA_SIGINFO
SIGXFSZ: [libjvm.dylib+0x45b030], sa_mask[0]=11111111011111110111111111111111, sa_flags=SA_RESTART|SA_SIGINFO
SIGILL: [libjvm.dylib+0x45b030], sa_mask[0]=11111111011111110111111111111111, sa_flags=SA_RESTART|SA_SIGINFO
SIGUSR1: SIG_DFL, sa_mask[0]=00000000000000000000000000000000, sa_flags=none
SIGUSR2: [libjvm.dylib+0x45ab4e], sa_mask[0]=00100000000000000000000000000000, sa_flags=SA_RESTART|SA_SIGINFO
SIGHUP: [libjvm.dylib+0x459121], sa_mask[0]=11111111011111110111111111111111, sa_flags=SA_RESTART|SA_SIGINFO
SIGINT: [libjvm.dylib+0x459121], sa_mask[0]=11111111011111110111111111111111, sa_flags=SA_RESTART|SA_SIGINFO
SIGTERM: [libjvm.dylib+0x459121], sa_mask[0]=11111111011111110111111111111111, sa_flags=SA_RESTART|SA_SIGINFO
SIGQUIT: [libjvm.dylib+0x459121], sa_mask[0]=11111111011111110111111111111111, sa_flags=SA_RESTART|SA_SIGINFO


---------------  S Y S T E M  ---------------

OS:Bsduname:Darwin 16.3.0 Darwin Kernel Version 16.3.0: Thu Nov 17 20:23:58 PST 2016; root:xnu-3789.31.2~1/RELEASE_X86_64 x86_64
rlimit: STACK 8192k, CORE 0k, NPROC 709, NOFILE 10240, AS infinity
load average:1.48 0.98 0.67

CPU:total 4 (2 cores per cpu, 2 threads per core) family 6 model 58 stepping 9, cmov, cx8, fxsr, mmx, sse, sse2, sse3, ssse3, sse4.1, sse4.2, popcnt, avx, aes, clmul, erms, ht, tsc, tscinvbit, tscinv

Memory: 4k page, physical 4194304k(103716k free)

/proc/meminfo:


vm_info: Java HotSpot(TM) 64-Bit Server VM (25.25-b02) for bsd-amd64 JRE (1.8.0_25-b17), built on Sep 17 2014 16:56:50 by "java_re" with gcc 4.2.1 (Based on Apple Inc. build 5658) (LLVM build 2336.11.00)

time: Wed Feb 15 17:26:58 2017
elapsed time: 117 seconds (0d 0h 1m 57s)

