#
# A fatal error has been detected by the Java Runtime Environment:
#
#  SIGSEGV (0xb) at pc=0x00007fffbb4ab6e5, pid=33390, tid=775
#
# JRE version: Java(TM) SE Runtime Environment (8.0_25-b17) (build 1.8.0_25-b17)
# Java VM: Java HotSpot(TM) 64-Bit Server VM (25.25-b02 mixed mode bsd-amd64 compressed oops)
# Problematic frame:
# C  [libobjc.A.dylib+0xb6e5]  objc_storeWeak+0x16e
#
# Failed to write core dump. Core dumps have been disabled. To enable core dumping, try "ulimit -c unlimited" before starting Java again
#
# If you would like to submit a bug report, please visit:
#   http://bugreport.sun.com/bugreport/crash.jsp
# The crash happened outside the Java Virtual Machine in native code.
# See problematic frame for where to report the bug.
#

---------------  T H R E A D  ---------------

Current thread (0x00007fbabc8d6800):  JavaThread "AppKit Thread" daemon [_thread_in_native, id=775, stack(0x00007fff5b563000,0x00007fff5bd63000)]

siginfo: si_signo: 11 (SIGSEGV), si_code: 1 (SEGV_MAPERR), si_addr: 0x000000000000000b

Registers:
RAX=0x00007fbabc000600, RBX=0x00007fffc4b2d480, RCX=0x000000000000000b, RDX=0x00007ffffffffff8
RSP=0x00007fff5bd5d5a0, RBP=0x00007fff5bd5d620, RSI=0x00007fbabc000800, RDI=0x00007fffc4b2d480
R8 =0x000000000000003f, R9 =0x00007fbabafba760, R10=0x000000000000002d, R11=0x00007fbabb2898d0
R12=0x00007fffc4b2db00, R13=0x0000000000000000, R14=0x00007fbabac27e50, R15=0x0000000000000000
RIP=0x00007fffbb4ab6e5, EFLAGS=0x0000000000010206, ERR=0x0000000000000004
  TRAPNO=0x000000000000000e

Top of Stack: (sp=0x00007fff5bd5d5a0)
0x00007fff5bd5d5a0:   0000000000000000 00007fbabac2b3b8
0x00007fff5bd5d5b0:   ffff8045450458a0 0000000000000680
0x00007fff5bd5d5c0:   00007fffc4a745f0 0000000000000000
0x00007fff5bd5d5d0:   00007fffc4b2db00 00007fbabac27e50
0x00007fff5bd5d5e0:   0000000000000000 00007fbabac29408
0x00007fff5bd5d5f0:   000000000000000b 00007fbabafba760
0x00007fff5bd5d600:   0000000000000000 00007fbabafba760
0x00007fff5bd5d610:   00007fbabac2b240 00007fbabac27e50
0x00007fff5bd5d620:   00007fff5bd5d660 00007fffa81c0e8f
0x00007fff5bd5d630:   00007fff5bd5d660 0000000000000000
0x00007fff5bd5d640:   00007fbabac27e50 00007fffa4f0689b
0x00007fff5bd5d650:   00007fbabafba760 00007fffbb4a6b40
0x00007fff5bd5d660:   00007fff5bd5d690 00007fffa45a53bf
0x00007fff5bd5d670:   00007fffbb4a6b40 00007fff5bd5d718
0x00007fff5bd5d680:   00007fffa4f4a006 00007fffbb4a6b40
0x00007fff5bd5d690:   00007fff5bd5d6d0 00007fffa497279f
0x00007fff5bd5d6a0:   0000000000000000 0000000000000000
0x00007fff5bd5d6b0:   00007fbabafba760 00007fffa4f2ca23
0x00007fff5bd5d6c0:   00007fff5bd5d718 0000000000000001
0x00007fff5bd5d6d0:   00007fff5bd5d700 00007fffa43fcddc
0x00007fff5bd5d6e0:   0000000000000000 00007fbabac27e50
0x00007fff5bd5d6f0:   00007fbabafba760 0000000000000000
0x00007fff5bd5d700:   00007fff5bd5d760 00007fffa45a51fc
0x00007fff5bd5d710:   0000000000000000 00007fffc4bbd060
0x00007fff5bd5d720:   00000000c2000000 00007fffa49726b0
0x00007fff5bd5d730:   00007fffc0d65cd0 0000000000000000
0x00007fff5bd5d740:   00007fbabac27e50 00007fbabafba760
0x00007fff5bd5d750:   00007fbabac27e50 00007fbabad33b20
0x00007fff5bd5d760:   00007fff5bd5d790 000000011e18ff3e
0x00007fff5bd5d770:   00007fbabafba760 000000011e1c3cb8
0x00007fff5bd5d780:   00007fbabad33b20 0000000000000094
0x00007fff5bd5d790:   00007fff5bd5dd00 00007fffa441ff0b 

Instructions: (pc=0x00007fffbb4ab6e5)
0x00007fffbb4ab6c5:   eb 07 48 8b 45 a0 48 8b 30 48 8b 45 c0 48 39 c6
0x00007fffbb4ab6d5:   74 2a 48 8b 46 20 48 89 c1 48 21 d1 48 8b 49 08
0x00007fffbb4ab6e5:   f6 01 01 75 0a 48 8b 06 48 21 d0 48 8b 40 20 48
0x00007fffbb4ab6f5:   21 d0 f6 40 03 20 0f 84 f8 fe ff ff 49 c1 e5 06 

Register to memory mapping:

RAX=0x00007fbabc000600 is an unknown value
RBX=0x00007fffc4b2d480: _ZN12_GLOBAL__N_1L12SideTableBufE+0 in /usr/lib/libobjc.A.dylib at 0x00007fffbb4a0000
RCX=0x000000000000000b is an unknown value
RDX=0x00007ffffffffff8 is an unknown value
RSP=0x00007fff5bd5d5a0 is pointing into the stack for thread: 0x00007fbabc8d6800
RBP=0x00007fff5bd5d620 is pointing into the stack for thread: 0x00007fbabc8d6800
RSI=0x00007fbabc000800 is a thread
RDI=0x00007fffc4b2d480: _ZN12_GLOBAL__N_1L12SideTableBufE+0 in /usr/lib/libobjc.A.dylib at 0x00007fffbb4a0000
R8 =0x000000000000003f is an unknown value
R9 =0x00007fbabafba760 is an unknown value
R10=0x000000000000002d is an unknown value
R11=0x00007fbabb2898d0 is an unknown value
R12=0x00007fffc4b2db00: _ZN12_GLOBAL__N_1L12SideTableBufE+0x680 in /usr/lib/libobjc.A.dylib at 0x00007fffbb4a0000
R13=0x0000000000000000 is an unknown value
R14=0x00007fbabac27e50 is an unknown value
R15=0x0000000000000000 is an unknown value


Stack: [0x00007fff5b563000,0x00007fff5bd63000],  sp=0x00007fff5bd5d5a0,  free space=8169k
Native frames: (J=compiled Java code, j=interpreted, Vv=VM code, C=native code)
C  [libobjc.A.dylib+0xb6e5]  objc_storeWeak+0x16e
C  [Foundation+0x17e8f]  -[NSConcreteMapTable setObject:forKey:]+0x6a
C  [AppKit+0x3223bf]  -[NSView(NSOpenGLContextAssociation) _setOpenGLContext:]+0x9b
C  [AppKit+0x6ef79f]  __27-[NSOpenGLContext setView:]_block_invoke+0xef
C  [AppKit+0x179ddc]  NSPerformVisuallyAtomicChange+0x93
C  [AppKit+0x3221fc]  -[NSOpenGLContext setView:]+0x69
C  [liblwjgl.jnilib+0x9f3e]  -[MacOSXOpenGLView lockFocus]+0x6e
C  [AppKit+0x19cf0b]  -[NSView _recursiveDisplayRectIfNeededIgnoringOpacity:isVisibleRect:rectIsVisibleRectForView:topView:]+0x6ee
C  [AppKit+0x19d761]  -[NSView _recursiveDisplayRectIfNeededIgnoringOpacity:isVisibleRect:rectIsVisibleRectForView:topView:]+0xf44
C  [AppKit+0x19c33f]  -[NSThemeFrame _recursiveDisplayRectIfNeededIgnoringOpacity:isVisibleRect:rectIsVisibleRectForView:topView:]+0x14e
C  [AppKit+0x19a768]  -[NSView _displayRectIgnoringOpacity:isVisibleRect:rectIsVisibleRectForView:]+0x994
C  [AppKit+0x196055]  -[NSView displayIfNeeded]+0x6d4
C  [AppKit+0x195967]  -[NSWindow displayIfNeeded]+0xe6
C  [AppKit+0x8f43f3]  ___NSWindowGetDisplayCycleObserver_block_invoke.6228+0x115
C  [AppKit+0x195445]  __37+[NSDisplayCycle currentDisplayCycle]_block_invoke+0x1c6
C  [QuartzCore+0x11a96]  CA::Transaction::run_commit_handlers(CATransactionPhase)+0x2e
C  [QuartzCore+0x119800]  CA::Context::commit_transaction(CA::Transaction*)+0xa0
C  [QuartzCore+0x10631]  CA::Transaction::commit()+0x1db
C  [AppKit+0x478445]  __37+[NSDisplayCycle currentDisplayCycle]_block_invoke.31+0x143
C  [CoreFoundation+0xa42d7]  __CFRUNLOOP_IS_CALLING_OUT_TO_AN_OBSERVER_CALLBACK_FUNCTION__+0x17
C  [CoreFoundation+0xa4247]  __CFRunLoopDoObservers+0x187
C  [CoreFoundation+0x85119]  __CFRunLoopRun+0x369
C  [CoreFoundation+0x84b54]  CFRunLoopRunSpecific+0x1a4
C  [HIToolbox+0x30acc]  RunCurrentEventLoopInMode+0xf0
C  [HIToolbox+0x30809]  ReceiveNextEventCommon+0xb8
C  [HIToolbox+0x30736]  _BlockUntilNextEventMatchingListInModeWithFilter+0x47
C  [AppKit+0x46ae4]  _DPSNextEvent+0x460
C  [AppKit+0x7c121f]  -[NSApplication(NSEvent) _nextEventMatchingEventMask:untilDate:inMode:dequeue:]+0xae5
C  [libosxapp.dylib+0x242a]  -[NSApplicationAWT nextEventMatchingMask:untilDate:inMode:dequeue:]+0x7c
C  [AppKit+0x3b465]  -[NSApplication run]+0x39e
C  [libosxapp.dylib+0x223e]  +[NSApplicationAWT runAWTLoopWithApp:]+0x9c
C  [libawt_lwawt.dylib+0x4494f]  -[AWTStarter starter:]+0x389
C  [Foundation+0x7188a]  __NSThreadPerformPerform+0x146
C  [CoreFoundation+0xa48d1]  __CFRUNLOOP_IS_CALLING_OUT_TO_A_SOURCE0_PERFORM_FUNCTION__+0x11
C  [CoreFoundation+0x85c6c]  __CFRunLoopDoSources0+0x22c
C  [CoreFoundation+0x85156]  __CFRunLoopRun+0x3a6
C  [CoreFoundation+0x84b54]  CFRunLoopRunSpecific+0x1a4
C  [java+0x56cc]  CreateExecutionEnvironment+0x367
C  [java+0x165c]  JLI_Launch+0x7a0
C  [java+0x768a]  main+0x65
C  [java+0xeb4]  start+0x34
C  0x0000000000000006


---------------  P R O C E S S  ---------------

Java Threads: ( => current thread )
  0x00007fbabbb58000 JavaThread "AWT-Shutdown" [_thread_blocked, id=15799, stack(0x000070000f0b2000,0x000070000f1b2000)]
=>0x00007fbabc8d6800 JavaThread "AppKit Thread" daemon [_thread_in_native, id=775, stack(0x00007fff5b563000,0x00007fff5bd63000)]
  0x00007fbabc076000 JavaThread "Service Thread" daemon [_thread_blocked, id=18947, stack(0x000070000fee2000,0x000070000ffe2000)]
  0x00007fbabc063000 JavaThread "C1 CompilerThread2" daemon [_thread_blocked, id=18435, stack(0x000070000fddf000,0x000070000fedf000)]
  0x00007fbabc062800 JavaThread "C2 CompilerThread1" daemon [_thread_blocked, id=17923, stack(0x000070000fcdc000,0x000070000fddc000)]
  0x00007fbabc011000 JavaThread "C2 CompilerThread0" daemon [_thread_blocked, id=17411, stack(0x000070000fbd9000,0x000070000fcd9000)]
  0x00007fbabc827800 JavaThread "Signal Dispatcher" daemon [_thread_blocked, id=16899, stack(0x000070000fad6000,0x000070000fbd6000)]
  0x00007fbabc038000 JavaThread "Finalizer" daemon [_thread_blocked, id=12547, stack(0x000070000f950000,0x000070000fa50000)]
  0x00007fbabc80e000 JavaThread "Reference Handler" daemon [_thread_blocked, id=12035, stack(0x000070000f84d000,0x000070000f94d000)]
  0x00007fbabc000800 JavaThread "main" [_thread_in_native, id=7171, stack(0x000070000f23b000,0x000070000f33b000)]

Other Threads:
  0x00007fbabc037800 VMThread [stack: 0x000070000f74a000,0x000070000f84a000] [id=11523]
  0x00007fbabc076800 WatcherThread [stack: 0x000070000ffe5000,0x00007000100e5000] [id=19459]

VM state:not at safepoint (normal execution)

VM Mutex/Monitor currently owned by a thread: None

Heap:
 PSYoungGen      total 18944K, used 15834K [0x00000007aab00000, 0x00000007ac000000, 0x00000007c0000000)
  eden space 16384K, 84% used [0x00000007aab00000,0x00000007ab872b90,0x00000007abb00000)
  from space 2560K, 80% used [0x00000007abd80000,0x00000007abf84010,0x00000007ac000000)
  to   space 2560K, 0% used [0x00000007abb00000,0x00000007abb00000,0x00000007abd80000)
 ParOldGen       total 44032K, used 32K [0x0000000780000000, 0x0000000782b00000, 0x00000007aab00000)
  object space 44032K, 0% used [0x0000000780000000,0x0000000780008000,0x0000000782b00000)
 Metaspace       used 6398K, capacity 6513K, committed 6656K, reserved 1056768K
  class space    used 626K, capacity 661K, committed 768K, reserved 1048576K

Card table byte_map: [0x0000000105bc0000,0x0000000105dc1000] byte_map_base: 0x0000000101fc0000

Marking Bits: (ParMarkBitMap*) 0x00000001047b6390
 Begin Bits: [0x0000000105f17000, 0x0000000106f17000)
 End Bits:   [0x0000000106f17000, 0x0000000107f17000)

Polling page: 0x0000000104f30000

CodeCache: size=245760Kb used=3306Kb max_used=3317Kb free=242453Kb
 bounds [0x0000000109de1000, 0x000000010a131000, 0x0000000118de1000]
 total_blobs=1241 nmethods=882 adapters=274
 compilation: enabled

Compilation events (10 events):
Event: 43.092 Thread 0x00007fbabc062800  877       4       java.nio.ByteBuffer::<init> (45 bytes)
Event: 43.094 Thread 0x00007fbabc062800 nmethod 877 0x000000010a11d490 code [0x000000010a11d5e0, 0x000000010a11d738]
Event: 43.193 Thread 0x00007fbabc011000  878   !   4       java.nio.DirectByteBuffer::<init> (146 bytes)
Event: 43.204 Thread 0x00007fbabc011000 nmethod 878 0x000000010a120c50 code [0x000000010a120e80, 0x000000010a121cb0]
Event: 43.209 Thread 0x00007fbabc062800  879       4       java.nio.ByteBuffer::order (48 bytes)
Event: 43.210 Thread 0x00007fbabc062800 nmethod 879 0x000000010a11d190 code [0x000000010a11d2e0, 0x000000010a11d378]
Event: 43.242 Thread 0x00007fbabc011000  880       4       java.nio.DirectByteBuffer$Deallocator::<init> (9 bytes)
Event: 43.243 Thread 0x00007fbabc011000 nmethod 880 0x000000010a11b7d0 code [0x000000010a11b920, 0x000000010a11b998]
Event: 43.735 Thread 0x00007fbabc063000  881       1       java.nio.DirectByteBuffer::isDirect (2 bytes)
Event: 43.735 Thread 0x00007fbabc063000 nmethod 881 0x000000010a11b510 code [0x000000010a11b660, 0x000000010a11b770]

GC Heap History (8 events):
Event: 7.364 GC heap before
{Heap before GC invocations=1 (full 0):
 PSYoungGen      total 18944K, used 16384K [0x00000007aab00000, 0x00000007ac000000, 0x00000007c0000000)
  eden space 16384K, 100% used [0x00000007aab00000,0x00000007abb00000,0x00000007abb00000)
  from space 2560K, 0% used [0x00000007abd80000,0x00000007abd80000,0x00000007ac000000)
  to   space 2560K, 0% used [0x00000007abb00000,0x00000007abb00000,0x00000007abd80000)
 ParOldGen       total 44032K, used 0K [0x0000000780000000, 0x0000000782b00000, 0x00000007aab00000)
  object space 44032K, 0% used [0x0000000780000000,0x0000000780000000,0x0000000782b00000)
 Metaspace       used 6167K, capacity 6257K, committed 6400K, reserved 1056768K
  class space    used 622K, capacity 661K, committed 768K, reserved 1048576K
Event: 7.369 GC heap after
Heap after GC invocations=1 (full 0):
 PSYoungGen      total 18944K, used 2054K [0x00000007aab00000, 0x00000007ac000000, 0x00000007c0000000)
  eden space 16384K, 0% used [0x00000007aab00000,0x00000007aab00000,0x00000007abb00000)
  from space 2560K, 80% used [0x00000007abb00000,0x00000007abd01aa0,0x00000007abd80000)
  to   space 2560K, 0% used [0x00000007abd80000,0x00000007abd80000,0x00000007ac000000)
 ParOldGen       total 44032K, used 8K [0x0000000780000000, 0x0000000782b00000, 0x00000007aab00000)
  object space 44032K, 0% used [0x0000000780000000,0x0000000780002000,0x0000000782b00000)
 Metaspace       used 6167K, capacity 6257K, committed 6400K, reserved 1056768K
  class space    used 622K, capacity 661K, committed 768K, reserved 1048576K
}
Event: 19.898 GC heap before
{Heap before GC invocations=2 (full 0):
 PSYoungGen      total 18944K, used 18438K [0x00000007aab00000, 0x00000007ac000000, 0x00000007c0000000)
  eden space 16384K, 100% used [0x00000007aab00000,0x00000007abb00000,0x00000007abb00000)
  from space 2560K, 80% used [0x00000007abb00000,0x00000007abd01aa0,0x00000007abd80000)
  to   space 2560K, 0% used [0x00000007abd80000,0x00000007abd80000,0x00000007ac000000)
 ParOldGen       total 44032K, used 8K [0x0000000780000000, 0x0000000782b00000, 0x00000007aab00000)
  object space 44032K, 0% used [0x0000000780000000,0x0000000780002000,0x0000000782b00000)
 Metaspace       used 6379K, capacity 6513K, committed 6656K, reserved 1056768K
  class space    used 625K, capacity 661K, committed 768K, reserved 1048576K
Event: 19.908 GC heap after
Heap after GC invocations=2 (full 0):
 PSYoungGen      total 18944K, used 1776K [0x00000007aab00000, 0x00000007ac000000, 0x00000007c0000000)
  eden space 16384K, 0% used [0x00000007aab00000,0x00000007aab00000,0x00000007abb00000)
  from space 2560K, 69% used [0x00000007abd80000,0x00000007abf3c010,0x00000007ac000000)
  to   space 2560K, 0% used [0x00000007abb00000,0x00000007abb00000,0x00000007abd80000)
 ParOldGen       total 44032K, used 16K [0x0000000780000000, 0x0000000782b00000, 0x00000007aab00000)
  object space 44032K, 0% used [0x0000000780000000,0x0000000780004000,0x0000000782b00000)
 Metaspace       used 6379K, capacity 6513K, committed 6656K, reserved 1056768K
  class space    used 625K, capacity 661K, committed 768K, reserved 1048576K
}
Event: 27.118 GC heap before
{Heap before GC invocations=3 (full 0):
 PSYoungGen      total 18944K, used 18160K [0x00000007aab00000, 0x00000007ac000000, 0x00000007c0000000)
  eden space 16384K, 100% used [0x00000007aab00000,0x00000007abb00000,0x00000007abb00000)
  from space 2560K, 69% used [0x00000007abd80000,0x00000007abf3c010,0x00000007ac000000)
  to   space 2560K, 0% used [0x00000007abb00000,0x00000007abb00000,0x00000007abd80000)
 ParOldGen       total 44032K, used 16K [0x0000000780000000, 0x0000000782b00000, 0x00000007aab00000)
  object space 44032K, 0% used [0x0000000780000000,0x0000000780004000,0x0000000782b00000)
 Metaspace       used 6390K, capacity 6513K, committed 6656K, reserved 1056768K
  class space    used 625K, capacity 661K, committed 768K, reserved 1048576K
Event: 27.122 GC heap after
Heap after GC invocations=3 (full 0):
 PSYoungGen      total 18944K, used 1904K [0x00000007aab00000, 0x00000007ac000000, 0x00000007c0000000)
  eden space 16384K, 0% used [0x00000007aab00000,0x00000007aab00000,0x00000007abb00000)
  from space 2560K, 74% used [0x00000007abb00000,0x00000007abcdc010,0x00000007abd80000)
  to   space 2560K, 0% used [0x00000007abd80000,0x00000007abd80000,0x00000007ac000000)
 ParOldGen       total 44032K, used 24K [0x0000000780000000, 0x0000000782b00000, 0x00000007aab00000)
  object space 44032K, 0% used [0x0000000780000000,0x0000000780006000,0x0000000782b00000)
 Metaspace       used 6390K, capacity 6513K, committed 6656K, reserved 1056768K
  class space    used 625K, capacity 661K, committed 768K, reserved 1048576K
}
Event: 34.701 GC heap before
{Heap before GC invocations=4 (full 0):
 PSYoungGen      total 18944K, used 18288K [0x00000007aab00000, 0x00000007ac000000, 0x00000007c0000000)
  eden space 16384K, 100% used [0x00000007aab00000,0x00000007abb00000,0x00000007abb00000)
  from space 2560K, 74% used [0x00000007abb00000,0x00000007abcdc010,0x00000007abd80000)
  to   space 2560K, 0% used [0x00000007abd80000,0x00000007abd80000,0x00000007ac000000)
 ParOldGen       total 44032K, used 24K [0x0000000780000000, 0x0000000782b00000, 0x00000007aab00000)
  object space 44032K, 0% used [0x0000000780000000,0x0000000780006000,0x0000000782b00000)
 Metaspace       used 6391K, capacity 6513K, committed 6656K, reserved 1056768K
  class space    used 625K, capacity 661K, committed 768K, reserved 1048576K
Event: 34.706 GC heap after
Heap after GC invocations=4 (full 0):
 PSYoungGen      total 18944K, used 2064K [0x00000007aab00000, 0x00000007ac000000, 0x00000007c0000000)
  eden space 16384K, 0% used [0x00000007aab00000,0x00000007aab00000,0x00000007abb00000)
  from space 2560K, 80% used [0x00000007abd80000,0x00000007abf84010,0x00000007ac000000)
  to   space 2560K, 0% used [0x00000007abb00000,0x00000007abb00000,0x00000007abd80000)
 ParOldGen       total 44032K, used 32K [0x0000000780000000, 0x0000000782b00000, 0x00000007aab00000)
  object space 44032K, 0% used [0x0000000780000000,0x0000000780008000,0x0000000782b00000)
 Metaspace       used 6391K, capacity 6513K, committed 6656K, reserved 1056768K
  class space    used 625K, capacity 661K, committed 768K, reserved 1048576K
}

Deoptimization events (0 events):
No events

Internal exceptions (10 events):
Event: 6.844 Thread 0x00007fbabc000800 Exception <a 'java/security/PrivilegedActionException'> (0x00000007ab0d78b8) thrown at [/HUDSON3/workspace/8-2-build-macosx-x86_64/jdk8u25/1514/hotspot/src/share/vm/prims/jvm.cpp, line 1312]
Event: 6.851 Thread 0x00007fbabc000800 Exception <a 'java/security/PrivilegedActionException'> (0x00000007ab0e4ba0) thrown at [/HUDSON3/workspace/8-2-build-macosx-x86_64/jdk8u25/1514/hotspot/src/share/vm/prims/jvm.cpp, line 1312]
Event: 6.897 Thread 0x00007fbabc000800 Exception <a 'java/security/PrivilegedActionException'> (0x00000007ab0e9ad0) thrown at [/HUDSON3/workspace/8-2-build-macosx-x86_64/jdk8u25/1514/hotspot/src/share/vm/prims/jvm.cpp, line 1312]
Event: 7.216 Thread 0x00007fbabc000800 Exception <a 'java/security/PrivilegedActionException'> (0x00000007ab9eff38) thrown at [/HUDSON3/workspace/8-2-build-macosx-x86_64/jdk8u25/1514/hotspot/src/share/vm/prims/jvm.cpp, line 1312]
Event: 7.341 Thread 0x00007fbabc000800 Exception <a 'java/security/PrivilegedActionException'> (0x00000007aba0ad78) thrown at [/HUDSON3/workspace/8-2-build-macosx-x86_64/jdk8u25/1514/hotspot/src/share/vm/prims/jvm.cpp, line 1312]
Event: 7.385 Thread 0x00007fbabc000800 Exception <a 'java/security/PrivilegedActionException'> (0x00000007aab33358) thrown at [/HUDSON3/workspace/8-2-build-macosx-x86_64/jdk8u25/1514/hotspot/src/share/vm/prims/jvm.cpp, line 1312]
Event: 7.390 Thread 0x00007fbabc000800 Exception <a 'java/security/PrivilegedActionException'> (0x00000007aab35538) thrown at [/HUDSON3/workspace/8-2-build-macosx-x86_64/jdk8u25/1514/hotspot/src/share/vm/prims/jvm.cpp, line 1312]
Event: 7.490 Thread 0x00007fbabc000800 Exception <a 'java/security/PrivilegedActionException'> (0x00000007aab37688) thrown at [/HUDSON3/workspace/8-2-build-macosx-x86_64/jdk8u25/1514/hotspot/src/share/vm/prims/jvm.cpp, line 1312]
Event: 7.591 Thread 0x00007fbabc000800 Exception <a 'java/security/PrivilegedActionException'> (0x00000007aac42db8) thrown at [/HUDSON3/workspace/8-2-build-macosx-x86_64/jdk8u25/1514/hotspot/src/share/vm/prims/jvm.cpp, line 1312]
Event: 7.592 Thread 0x00007fbabc000800 Exception <a 'java/security/PrivilegedActionException'> (0x00000007aac46ab0) thrown at [/HUDSON3/workspace/8-2-build-macosx-x86_64/jdk8u25/1514/hotspot/src/share/vm/prims/jvm.cpp, line 1312]

Events (10 events):
Event: 36.757 Executing VM operation: RevokeBias
Event: 36.757 Executing VM operation: RevokeBias done
Event: 36.757 Thread 0x00007fbabb4b9800 Thread exited: 0x00007fbabb4b9800
Event: 38.039 Thread 0x00007fbabbb58000 Thread added: 0x00007fbabbb58000
Event: 39.514 Executing VM operation: RevokeBias
Event: 39.514 Executing VM operation: RevokeBias done
Event: 39.514 Thread 0x00007fbabbb58000 Thread exited: 0x00007fbabbb58000
Event: 40.488 Thread 0x00007fbabbb58000 Thread added: 0x00007fbabbb58000
Event: 43.242 loading class java/nio/DirectByteBuffer$1
Event: 43.242 loading class java/nio/DirectByteBuffer$1 done


Dynamic libraries:
0x0000000031287000 	/System/Library/Frameworks/Cocoa.framework/Versions/A/Cocoa
0x0000000031287000 	/System/Library/Frameworks/Security.framework/Versions/A/Security
0x0000000031287000 	/System/Library/Frameworks/ApplicationServices.framework/Versions/A/ApplicationServices
0x0000000031287000 	/usr/lib/libz.1.dylib
0x0000000031287000 	/usr/lib/libSystem.B.dylib
0x0000000031287000 	/usr/lib/libobjc.A.dylib
0x0000000031287000 	/System/Library/Frameworks/CoreFoundation.framework/Versions/A/CoreFoundation
0x0000000031287000 	/System/Library/Frameworks/Foundation.framework/Versions/C/Foundation
0x0000000031287000 	/System/Library/Frameworks/AppKit.framework/Versions/C/AppKit
0x0000000031287000 	/System/Library/Frameworks/CoreData.framework/Versions/A/CoreData
0x0000000031287000 	/System/Library/PrivateFrameworks/RemoteViewServices.framework/Versions/A/RemoteViewServices
0x0000000031287000 	/System/Library/PrivateFrameworks/UIFoundation.framework/Versions/A/UIFoundation
0x0000000031287000 	/System/Library/PrivateFrameworks/DFRFoundation.framework/Versions/A/DFRFoundation
0x0000000031287000 	/usr/lib/libenergytrace.dylib
0x0000000031287000 	/System/Library/PrivateFrameworks/SkyLight.framework/Versions/A/SkyLight
0x0000000031287000 	/System/Library/Frameworks/CoreGraphics.framework/Versions/A/CoreGraphics
0x0000000031287000 	/usr/lib/libScreenReader.dylib
0x0000000031287000 	/System/Library/Frameworks/Accelerate.framework/Versions/A/Accelerate
0x0000000031287000 	/System/Library/Frameworks/IOSurface.framework/Versions/A/IOSurface
0x0000000031287000 	/System/Library/Frameworks/AudioToolbox.framework/Versions/A/AudioToolbox
0x0000000031287000 	/System/Library/Frameworks/AudioUnit.framework/Versions/A/AudioUnit
0x0000000031287000 	/System/Library/PrivateFrameworks/DataDetectorsCore.framework/Versions/A/DataDetectorsCore
0x0000000031287000 	/System/Library/PrivateFrameworks/DesktopServicesPriv.framework/Versions/A/DesktopServicesPriv
0x0000000031287000 	/System/Library/Frameworks/Carbon.framework/Versions/A/Frameworks/HIToolbox.framework/Versions/A/HIToolbox
0x0000000031287000 	/usr/lib/libicucore.A.dylib
0x0000000031287000 	/System/Library/Frameworks/QuartzCore.framework/Versions/A/QuartzCore
0x0000000031287000 	/System/Library/Frameworks/Carbon.framework/Versions/A/Frameworks/SpeechRecognition.framework/Versions/A/SpeechRecognition
0x0000000031287000 	/usr/lib/libauto.dylib
0x0000000031287000 	/usr/lib/libxml2.2.dylib
0x0000000031287000 	/System/Library/PrivateFrameworks/CoreUI.framework/Versions/A/CoreUI
0x0000000031287000 	/System/Library/Frameworks/CoreAudio.framework/Versions/A/CoreAudio
0x0000000031287000 	/System/Library/Frameworks/DiskArbitration.framework/Versions/A/DiskArbitration
0x0000000031287000 	/usr/lib/liblangid.dylib
0x0000000031287000 	/System/Library/PrivateFrameworks/MultitouchSupport.framework/Versions/A/MultitouchSupport
0x0000000031287000 	/System/Library/Frameworks/IOKit.framework/Versions/A/IOKit
0x0000000031287000 	/usr/lib/libDiagnosticMessagesClient.dylib
0x0000000031287000 	/System/Library/Frameworks/CoreServices.framework/Versions/A/CoreServices
0x0000000031287000 	/System/Library/PrivateFrameworks/PerformanceAnalysis.framework/Versions/A/PerformanceAnalysis
0x0000000031287000 	/System/Library/PrivateFrameworks/GenerationalStorage.framework/Versions/A/GenerationalStorage
0x0000000031287000 	/System/Library/Frameworks/OpenGL.framework/Versions/A/OpenGL
0x0000000031287000 	/System/Library/Frameworks/CoreImage.framework/Versions/A/CoreImage
0x0000000031287000 	/System/Library/Frameworks/CoreText.framework/Versions/A/CoreText
0x0000000031287000 	/System/Library/Frameworks/ImageIO.framework/Versions/A/ImageIO
0x0000000031287000 	/System/Library/PrivateFrameworks/Backup.framework/Versions/A/Backup
0x0000000031287000 	/usr/lib/libarchive.2.dylib
0x0000000031287000 	/System/Library/Frameworks/CFNetwork.framework/Versions/A/CFNetwork
0x0000000031287000 	/System/Library/Frameworks/SystemConfiguration.framework/Versions/A/SystemConfiguration
0x0000000031287000 	/usr/lib/libCRFSuite.dylib
0x0000000031287000 	/usr/lib/libc++.1.dylib
0x0000000031287000 	/usr/lib/libc++abi.dylib
0x0000000031287000 	/usr/lib/system/libcache.dylib
0x0000000031287000 	/usr/lib/system/libcommonCrypto.dylib
0x0000000031287000 	/usr/lib/system/libcompiler_rt.dylib
0x0000000031287000 	/usr/lib/system/libcopyfile.dylib
0x0000000031287000 	/usr/lib/system/libcorecrypto.dylib
0x0000000031287000 	/usr/lib/system/libdispatch.dylib
0x0000000031287000 	/usr/lib/system/libdyld.dylib
0x0000000031287000 	/usr/lib/system/libkeymgr.dylib
0x0000000031287000 	/usr/lib/system/liblaunch.dylib
0x0000000031287000 	/usr/lib/system/libmacho.dylib
0x0000000031287000 	/usr/lib/system/libquarantine.dylib
0x0000000031287000 	/usr/lib/system/libremovefile.dylib
0x0000000031287000 	/usr/lib/system/libsystem_asl.dylib
0x0000000031287000 	/usr/lib/system/libsystem_blocks.dylib
0x0000000031287000 	/usr/lib/system/libsystem_c.dylib
0x0000000031287000 	/usr/lib/system/libsystem_configuration.dylib
0x0000000031287000 	/usr/lib/system/libsystem_coreservices.dylib
0x0000000031287000 	/usr/lib/system/libsystem_coretls.dylib
0x0000000031287000 	/usr/lib/system/libsystem_dnssd.dylib
0x0000000031287000 	/usr/lib/system/libsystem_info.dylib
0x0000000031287000 	/usr/lib/system/libsystem_kernel.dylib
0x0000000031287000 	/usr/lib/system/libsystem_m.dylib
0x0000000031287000 	/usr/lib/system/libsystem_malloc.dylib
0x0000000031287000 	/usr/lib/system/libsystem_network.dylib
0x0000000031287000 	/usr/lib/system/libsystem_networkextension.dylib
0x0000000031287000 	/usr/lib/system/libsystem_notify.dylib
0x0000000031287000 	/usr/lib/system/libsystem_platform.dylib
0x0000000031287000 	/usr/lib/system/libsystem_pthread.dylib
0x0000000031287000 	/usr/lib/system/libsystem_sandbox.dylib
0x0000000031287000 	/usr/lib/system/libsystem_secinit.dylib
0x0000000031287000 	/usr/lib/system/libsystem_symptoms.dylib
0x0000000031287000 	/usr/lib/system/libsystem_trace.dylib
0x0000000031287000 	/usr/lib/system/libunwind.dylib
0x0000000031287000 	/usr/lib/system/libxpc.dylib
0x0000000031287000 	/usr/lib/libbsm.0.dylib
0x0000000031287000 	/usr/lib/system/libkxld.dylib
0x0000000031287000 	/usr/lib/libcoretls.dylib
0x0000000031287000 	/usr/lib/libcoretls_cfhelpers.dylib
0x0000000031287000 	/usr/lib/libxar.1.dylib
0x0000000031287000 	/usr/lib/libsqlite3.dylib
0x0000000031287000 	/usr/lib/libpam.2.dylib
0x0000000031287000 	/usr/lib/libOpenScriptingUtil.dylib
0x0000000031287000 	/usr/lib/libbz2.1.0.dylib
0x0000000031287000 	/usr/lib/liblzma.5.dylib
0x0000000031287000 	/usr/lib/libnetwork.dylib
0x0000000031287000 	/usr/lib/libpcap.A.dylib
0x0000000031287000 	/System/Library/Frameworks/CoreServices.framework/Versions/A/Frameworks/FSEvents.framework/Versions/A/FSEvents
0x0000000031287000 	/System/Library/Frameworks/CoreServices.framework/Versions/A/Frameworks/CarbonCore.framework/Versions/A/CarbonCore
0x0000000031287000 	/System/Library/Frameworks/CoreServices.framework/Versions/A/Frameworks/Metadata.framework/Versions/A/Metadata
0x0000000031287000 	/System/Library/Frameworks/CoreServices.framework/Versions/A/Frameworks/OSServices.framework/Versions/A/OSServices
0x0000000031287000 	/System/Library/Frameworks/CoreServices.framework/Versions/A/Frameworks/SearchKit.framework/Versions/A/SearchKit
0x0000000031287000 	/System/Library/Frameworks/CoreServices.framework/Versions/A/Frameworks/AE.framework/Versions/A/AE
0x0000000031287000 	/System/Library/Frameworks/CoreServices.framework/Versions/A/Frameworks/LaunchServices.framework/Versions/A/LaunchServices
0x0000000031287000 	/System/Library/Frameworks/CoreServices.framework/Versions/A/Frameworks/DictionaryServices.framework/Versions/A/DictionaryServices
0x0000000031287000 	/System/Library/Frameworks/CoreServices.framework/Versions/A/Frameworks/SharedFileList.framework/Versions/A/SharedFileList
0x0000000031287000 	/System/Library/Frameworks/NetFS.framework/Versions/A/NetFS
0x0000000031287000 	/System/Library/PrivateFrameworks/NetAuth.framework/Versions/A/NetAuth
0x0000000031287000 	/System/Library/PrivateFrameworks/login.framework/Versions/A/Frameworks/loginsupport.framework/Versions/A/loginsupport
0x0000000031287000 	/System/Library/PrivateFrameworks/TCC.framework/Versions/A/TCC
0x0000000031287000 	/usr/lib/libmecabra.dylib
0x0000000031287000 	/System/Library/Frameworks/ApplicationServices.framework/Versions/A/Frameworks/ATS.framework/Versions/A/ATS
0x0000000031287000 	/System/Library/Frameworks/ApplicationServices.framework/Versions/A/Frameworks/ColorSync.framework/Versions/A/ColorSync
0x0000000031287000 	/System/Library/Frameworks/ApplicationServices.framework/Versions/A/Frameworks/HIServices.framework/Versions/A/HIServices
0x0000000031287000 	/System/Library/Frameworks/ApplicationServices.framework/Versions/A/Frameworks/LangAnalysis.framework/Versions/A/LangAnalysis
0x0000000031287000 	/System/Library/Frameworks/ApplicationServices.framework/Versions/A/Frameworks/PrintCore.framework/Versions/A/PrintCore
0x0000000031287000 	/System/Library/Frameworks/ApplicationServices.framework/Versions/A/Frameworks/QD.framework/Versions/A/QD
0x0000000031287000 	/System/Library/Frameworks/ApplicationServices.framework/Versions/A/Frameworks/SpeechSynthesis.framework/Versions/A/SpeechSynthesis
0x0000000031287000 	/System/Library/Frameworks/Accelerate.framework/Versions/A/Frameworks/vImage.framework/Versions/A/vImage
0x0000000031287000 	/System/Library/Frameworks/Accelerate.framework/Versions/A/Frameworks/vecLib.framework/Versions/A/vecLib
0x0000000031287000 	/System/Library/Frameworks/Accelerate.framework/Versions/A/Frameworks/vecLib.framework/Versions/A/libvDSP.dylib
0x0000000031287000 	/System/Library/Frameworks/Accelerate.framework/Versions/A/Frameworks/vecLib.framework/Versions/A/libBNNS.dylib
0x0000000031287000 	/System/Library/Frameworks/Accelerate.framework/Versions/A/Frameworks/vecLib.framework/Versions/A/libQuadrature.dylib
0x0000000031287000 	/System/Library/Frameworks/Accelerate.framework/Versions/A/Frameworks/vecLib.framework/Versions/A/libvMisc.dylib
0x0000000031287000 	/System/Library/Frameworks/Accelerate.framework/Versions/A/Frameworks/vecLib.framework/Versions/A/libLAPACK.dylib
0x0000000031287000 	/System/Library/Frameworks/Accelerate.framework/Versions/A/Frameworks/vecLib.framework/Versions/A/libBLAS.dylib
0x0000000031287000 	/System/Library/Frameworks/Accelerate.framework/Versions/A/Frameworks/vecLib.framework/Versions/A/libLinearAlgebra.dylib
0x0000000031287000 	/System/Library/Frameworks/Accelerate.framework/Versions/A/Frameworks/vecLib.framework/Versions/A/libSparseBLAS.dylib
0x0000000031287000 	/System/Library/Frameworks/ApplicationServices.framework/Versions/A/Frameworks/ATS.framework/Versions/A/Resources/libFontParser.dylib
0x0000000031287000 	/System/Library/Frameworks/ApplicationServices.framework/Versions/A/Frameworks/ATS.framework/Versions/A/Resources/libFontRegistry.dylib
0x0000000031287000 	/System/Library/Frameworks/ImageIO.framework/Versions/A/Resources/libJPEG.dylib
0x0000000031287000 	/System/Library/Frameworks/ImageIO.framework/Versions/A/Resources/libTIFF.dylib
0x0000000031287000 	/System/Library/Frameworks/ImageIO.framework/Versions/A/Resources/libPng.dylib
0x0000000031287000 	/System/Library/Frameworks/ImageIO.framework/Versions/A/Resources/libGIF.dylib
0x0000000031287000 	/System/Library/Frameworks/ImageIO.framework/Versions/A/Resources/libJP2.dylib
0x0000000031287000 	/System/Library/Frameworks/ImageIO.framework/Versions/A/Resources/libRadiance.dylib
0x0000000031287000 	/usr/lib/libcompression.dylib
0x0000000031287000 	/System/Library/PrivateFrameworks/AppleJPEG.framework/Versions/A/AppleJPEG
0x0000000031287000 	/usr/lib/libcups.2.dylib
0x0000000031287000 	/System/Library/Frameworks/Kerberos.framework/Versions/A/Kerberos
0x0000000031287000 	/System/Library/Frameworks/GSS.framework/Versions/A/GSS
0x0000000031287000 	/usr/lib/libresolv.9.dylib
0x0000000031287000 	/usr/lib/libiconv.2.dylib
0x0000000031287000 	/System/Library/PrivateFrameworks/Heimdal.framework/Versions/A/Heimdal
0x0000000031287000 	/usr/lib/libheimdal-asn1.dylib
0x0000000031287000 	/System/Library/Frameworks/OpenDirectory.framework/Versions/A/OpenDirectory
0x0000000031287000 	/System/Library/PrivateFrameworks/CommonAuth.framework/Versions/A/CommonAuth
0x0000000031287000 	/System/Library/Frameworks/OpenDirectory.framework/Versions/A/Frameworks/CFOpenDirectory.framework/Versions/A/CFOpenDirectory
0x0000000031287000 	/System/Library/Frameworks/SecurityFoundation.framework/Versions/A/SecurityFoundation
0x0000000031287000 	/System/Library/PrivateFrameworks/LanguageModeling.framework/Versions/A/LanguageModeling
0x0000000031287000 	/usr/lib/libmarisa.dylib
0x0000000031287000 	/usr/lib/libChineseTokenizer.dylib
0x0000000031287000 	/usr/lib/libcmph.dylib
0x0000000031287000 	/System/Library/PrivateFrameworks/CoreEmoji.framework/Versions/A/CoreEmoji
0x0000000031287000 	/System/Library/Frameworks/ServiceManagement.framework/Versions/A/ServiceManagement
0x0000000031287000 	/usr/lib/libxslt.1.dylib
0x0000000031287000 	/System/Library/Frameworks/Carbon.framework/Versions/A/Frameworks/Ink.framework/Versions/A/Ink
0x0000000031287000 	/System/Library/PrivateFrameworks/TextureIO.framework/Versions/A/TextureIO
0x0000000031287000 	/System/Library/Frameworks/Metal.framework/Versions/A/Metal
0x0000000031287000 	/usr/lib/libate.dylib
0x0000000031287000 	/System/Library/PrivateFrameworks/GPUCompiler.framework/libmetal_timestamp.dylib
0x0000000031287000 	/System/Library/Frameworks/OpenGL.framework/Versions/A/Libraries/libCoreFSCache.dylib
0x0000000031287000 	/System/Library/PrivateFrameworks/IOAccelerator.framework/Versions/A/IOAccelerator
0x0000000031287000 	/System/Library/Frameworks/CoreVideo.framework/Versions/A/CoreVideo
0x0000000031287000 	/usr/lib/libFosl_dynamic.dylib
0x0000000031287000 	/System/Library/PrivateFrameworks/MetalPerformanceShaders.framework/Versions/A/MetalPerformanceShaders
0x0000000031287000 	/System/Library/PrivateFrameworks/FaceCore.framework/Versions/A/FaceCore
0x0000000031287000 	/System/Library/Frameworks/OpenCL.framework/Versions/A/OpenCL
0x0000000031287000 	/System/Library/Frameworks/OpenGL.framework/Versions/A/Libraries/libGLU.dylib
0x0000000031287000 	/System/Library/Frameworks/OpenGL.framework/Versions/A/Libraries/libGFXShared.dylib
0x0000000031287000 	/System/Library/Frameworks/OpenGL.framework/Versions/A/Libraries/libGL.dylib
0x0000000031287000 	/System/Library/Frameworks/OpenGL.framework/Versions/A/Libraries/libGLImage.dylib
0x0000000031287000 	/System/Library/Frameworks/OpenGL.framework/Versions/A/Libraries/libCVMSPluginSupport.dylib
0x0000000031287000 	/System/Library/Frameworks/OpenGL.framework/Versions/A/Libraries/libCoreVMClient.dylib
0x0000000031287000 	/System/Library/PrivateFrameworks/CrashReporterSupport.framework/Versions/A/CrashReporterSupport
0x0000000031287000 	/System/Library/PrivateFrameworks/Sharing.framework/Versions/A/Sharing
0x0000000031287000 	/System/Library/PrivateFrameworks/IconServices.framework/Versions/A/IconServices
0x0000000031287000 	/System/Library/PrivateFrameworks/ProtocolBuffer.framework/Versions/A/ProtocolBuffer
0x0000000031287000 	/System/Library/PrivateFrameworks/Apple80211.framework/Versions/A/Apple80211
0x0000000031287000 	/System/Library/Frameworks/CoreWLAN.framework/Versions/A/CoreWLAN
0x0000000031287000 	/System/Library/PrivateFrameworks/CoreUtils.framework/Versions/A/CoreUtils
0x0000000031287000 	/System/Library/Frameworks/IOBluetooth.framework/Versions/A/IOBluetooth
0x0000000031287000 	/System/Library/PrivateFrameworks/CoreWiFi.framework/Versions/A/CoreWiFi
0x0000000031287000 	/System/Library/Frameworks/CoreBluetooth.framework/Versions/A/CoreBluetooth
0x0000000031287000 	/System/Library/Frameworks/CoreDisplay.framework/Versions/A/CoreDisplay
0x0000000031287000 	/System/Library/PrivateFrameworks/IOPresentment.framework/Versions/A/IOPresentment
0x0000000031287000 	/System/Library/PrivateFrameworks/DebugSymbols.framework/Versions/A/DebugSymbols
0x0000000031287000 	/System/Library/PrivateFrameworks/CoreSymbolication.framework/Versions/A/CoreSymbolication
0x0000000031287000 	/System/Library/PrivateFrameworks/Symbolication.framework/Versions/A/Symbolication
0x0000000031287000 	/System/Library/PrivateFrameworks/AppleFSCompression.framework/Versions/A/AppleFSCompression
0x0000000031287000 	/System/Library/PrivateFrameworks/SpeechRecognitionCore.framework/Versions/A/SpeechRecognitionCore
0x0000000031287000 	/System/Library/PrivateFrameworks/ChunkingLibrary.framework/Versions/A/ChunkingLibrary
0x0000000103f19000 	/Library/Java/JavaVirtualMachines/jdk1.8.0_25.jdk/Contents/Home/jre/lib/server/libjvm.dylib
0x0000000104e35000 	/usr/lib/libstdc++.6.dylib
0x0000000104eee000 	/Library/Java/JavaVirtualMachines/jdk1.8.0_25.jdk/Contents/Home/jre/lib/libverify.dylib
0x0000000104efc000 	/Library/Java/JavaVirtualMachines/jdk1.8.0_25.jdk/Contents/Home/jre/lib/libjava.dylib
0x0000000104f3a000 	/Library/Java/JavaVirtualMachines/jdk1.8.0_25.jdk/Contents/Home/jre/lib/libzip.dylib
0x0000000109b3f000 	/System/Library/Frameworks/JavaVM.framework/Frameworks/JavaRuntimeSupport.framework/JavaRuntimeSupport
0x0000000109b59000 	/System/Library/Frameworks/JavaVM.framework/Versions/A/Frameworks/JavaNativeFoundation.framework/Versions/A/JavaNativeFoundation
0x0000000109b6e000 	/System/Library/Frameworks/JavaVM.framework/Versions/A/JavaVM
0x0000000031287000 	/System/Library/Frameworks/Carbon.framework/Versions/A/Carbon
0x0000000109b7b000 	/System/Library/PrivateFrameworks/JavaLaunching.framework/Versions/A/JavaLaunching
0x0000000031287000 	/System/Library/Frameworks/Carbon.framework/Versions/A/Frameworks/CommonPanels.framework/Versions/A/CommonPanels
0x0000000031287000 	/System/Library/Frameworks/Carbon.framework/Versions/A/Frameworks/Help.framework/Versions/A/Help
0x0000000031287000 	/System/Library/Frameworks/Carbon.framework/Versions/A/Frameworks/ImageCapture.framework/Versions/A/ImageCapture
0x0000000031287000 	/System/Library/Frameworks/Carbon.framework/Versions/A/Frameworks/OpenScripting.framework/Versions/A/OpenScripting
0x0000000031287000 	/System/Library/Frameworks/Carbon.framework/Versions/A/Frameworks/Print.framework/Versions/A/Print
0x0000000031287000 	/System/Library/Frameworks/Carbon.framework/Versions/A/Frameworks/SecurityHI.framework/Versions/A/SecurityHI
0x0000000109bdf000 	/Library/Java/JavaVirtualMachines/jdk1.8.0_25.jdk/Contents/Home/jre/lib/libawt.dylib
0x000000011a699000 	/Library/Java/JavaVirtualMachines/jdk1.8.0_25.jdk/Contents/Home/jre/lib/./libmlib_image.dylib
0x0000000109c8e000 	/Library/Java/JavaVirtualMachines/jdk1.8.0_25.jdk/Contents/Home/jre/lib/libawt_lwawt.dylib
0x000000011a765000 	/Library/Java/JavaVirtualMachines/jdk1.8.0_25.jdk/Contents/Home/jre/lib/./libosxapp.dylib
0x0000000031287000 	/System/Library/Frameworks/ExceptionHandling.framework/Versions/A/ExceptionHandling
0x0000000031287000 	/System/Library/PrivateFrameworks/CoreServicesInternal.framework/Versions/A/CoreServicesInternal
0x0000000031287000 	/System/Library/CoreServices/RawCamera.bundle/Contents/MacOS/RawCamera
0x000000011a8eb000 	/System/Library/Frameworks/Accelerate.framework/Frameworks/vImage.framework/Versions/A/Libraries/libCGInterfaces.dylib
0x0000000031287000 	/System/Library/Frameworks/ApplicationServices.framework/Versions/A/Frameworks/ATS.framework/Versions/A/Resources/libTrueTypeScaler.dylib
0x000000011c0f0000 	/System/Library/Frameworks/OpenGL.framework/Resources/GLEngine.bundle/GLEngine
0x000000011c2d4000 	/System/Library/Frameworks/OpenGL.framework/Versions/A/Libraries/libGLProgrammability.dylib
0x000000011c702000 	/System/Library/Extensions/AppleIntelHD4000GraphicsGLDriver.bundle/Contents/MacOS/AppleIntelHD4000GraphicsGLDriver
0x0000000031287000 	/System/Library/PrivateFrameworks/GPUSupport.framework/Versions/A/Libraries/libGPUSupportMercury.dylib
0x000000011cda8000 	/System/Library/Frameworks/OpenGL.framework/Resources//GLRendererFloat.bundle/GLRendererFloat
0x0000000031287000 	/System/Library/Frameworks/OpenCL.framework/Versions/A/Libraries/libcldcpuengine.dylib
0x0000000031287000 	/usr/lib/libcrypto.0.9.8.dylib
0x0000000031287000 	/System/Library/PrivateFrameworks/TrustEvaluationAgent.framework/Versions/A/TrustEvaluationAgent
0x000000011cddc000 	/System/Library/Extensions/AppleIntelHD4000GraphicsMTLDriver.bundle/Contents/MacOS/AppleIntelHD4000GraphicsMTLDriver
0x0000000031287000 	/System/Library/PrivateFrameworks/FamilyControls.framework/Versions/A/FamilyControls
0x0000000031287000 	/System/Library/PrivateFrameworks/CommerceKit.framework/Versions/A/Frameworks/CommerceCore.framework/Versions/A/CommerceCore
0x0000000031287000 	/System/Library/PrivateFrameworks/SystemAdministration.framework/Versions/A/SystemAdministration
0x0000000031287000 	/System/Library/PrivateFrameworks/AppContainer.framework/Versions/A/AppContainer
0x0000000031287000 	/System/Library/PrivateFrameworks/SecCodeWrapper.framework/Versions/A/SecCodeWrapper
0x0000000031287000 	/System/Library/Frameworks/DirectoryService.framework/Versions/A/DirectoryService
0x0000000031287000 	/System/Library/PrivateFrameworks/DiskImages.framework/Versions/A/DiskImages
0x0000000031287000 	/System/Library/PrivateFrameworks/LoginUIKit.framework/Versions/A/Frameworks/LoginUICore.framework/Versions/A/LoginUICore
0x0000000031287000 	/usr/lib/libCoreStorage.dylib
0x0000000031287000 	/usr/lib/libcsfde.dylib
0x0000000031287000 	/usr/lib/libodfde.dylib
0x0000000031287000 	/System/Library/Frameworks/DiscRecording.framework/Versions/A/DiscRecording
0x0000000031287000 	/usr/lib/libcurl.4.dylib
0x0000000031287000 	/System/Library/PrivateFrameworks/MediaKit.framework/Versions/A/MediaKit
0x0000000031287000 	/System/Library/PrivateFrameworks/ProtectedCloudStorage.framework/Versions/A/ProtectedCloudStorage
0x0000000031287000 	/System/Library/PrivateFrameworks/EFILogin.framework/Versions/A/EFILogin
0x0000000031287000 	/usr/lib/libutil.dylib
0x0000000031287000 	/System/Library/Frameworks/LDAP.framework/Versions/A/LDAP
0x0000000031287000 	/usr/lib/libsasl2.2.dylib
0x0000000031287000 	/System/Library/PrivateFrameworks/CoreDaemon.framework/Versions/B/CoreDaemon
0x0000000031287000 	/System/Library/PrivateFrameworks/AppleSRP.framework/Versions/A/AppleSRP
0x0000000031287000 	/System/Library/PrivateFrameworks/APFS.framework/Versions/A/APFS
0x000000011e0f1000 	/Library/Java/JavaVirtualMachines/jdk1.8.0_25.jdk/Contents/Home/jre/lib/libfontmanager.dylib
0x000000011e186000 	/Users/tylerwengert/Desktop/Workspace/libs/natives/liblwjgl.jnilib
0x000000011aabe000 	/Library/Java/JavaVirtualMachines/jdk1.8.0_25.jdk/Contents/Home/jre/lib/libjawt.dylib
0x0000000031287000 	/System/Library/PrivateFrameworks/ViewBridge.framework/Versions/A/ViewBridge
0x0000000031287000 	/System/Library/PrivateFrameworks/XPCService.framework/Versions/A/XPCService
0x0000000031287000 	/System/Library/PrivateFrameworks/AppSandbox.framework/Versions/A/AppSandbox
0x0000000031287000 	/usr/lib/libsandbox.1.dylib
0x0000000031287000 	/usr/lib/libMatch.1.dylib

VM Arguments:
jvm_args: -Djava.library.path=/Users/tylerwengert/Desktop/Workspace/libs/natives -Dfile.encoding=UTF-8 
java_command: data.Boot
java_class_path (initial): /Users/tylerwengert/Desktop/Workspace/GameProject/bin:/Users/tylerwengert/Desktop/Workspace/libs/jars/lwjgl_util.jar:/Users/tylerwengert/Desktop/Workspace/libs/jars/lwjgl.jar:/Users/tylerwengert/Desktop/Workspace/libs/jars/slick-util.jar
Launcher Type: SUN_STANDARD

Environment Variables:
PATH=/usr/bin:/bin:/usr/sbin:/sbin
SHELL=/bin/bash

Signal Handlers:
SIGSEGV: [libjvm.dylib+0x579dc7], sa_mask[0]=11111111011111110111111111111111, sa_flags=SA_ONSTACK|SA_RESTART|SA_SIGINFO
SIGBUS: [libjvm.dylib+0x579dc7], sa_mask[0]=11111111011111110111111111111111, sa_flags=SA_RESTART|SA_SIGINFO
SIGFPE: [libjvm.dylib+0x45b030], sa_mask[0]=11111111011111110111111111111111, sa_flags=SA_RESTART|SA_SIGINFO
SIGPIPE: [libjvm.dylib+0x45b030], sa_mask[0]=11111111011111110111111111111111, sa_flags=SA_RESTART|SA_SIGINFO
SIGXFSZ: [libjvm.dylib+0x45b030], sa_mask[0]=11111111011111110111111111111111, sa_flags=SA_RESTART|SA_SIGINFO
SIGILL: [libjvm.dylib+0x45b030], sa_mask[0]=11111111011111110111111111111111, sa_flags=SA_RESTART|SA_SIGINFO
SIGUSR1: SIG_DFL, sa_mask[0]=00000000000000000000000000000000, sa_flags=none
SIGUSR2: [libjvm.dylib+0x45ab4e], sa_mask[0]=00100000000000000000000000000000, sa_flags=SA_RESTART|SA_SIGINFO
SIGHUP: [libjvm.dylib+0x459121], sa_mask[0]=11111111011111110111111111111111, sa_flags=SA_RESTART|SA_SIGINFO
SIGINT: [libjvm.dylib+0x459121], sa_mask[0]=11111111011111110111111111111111, sa_flags=SA_RESTART|SA_SIGINFO
SIGTERM: [libjvm.dylib+0x459121], sa_mask[0]=11111111011111110111111111111111, sa_flags=SA_RESTART|SA_SIGINFO
SIGQUIT: [libjvm.dylib+0x459121], sa_mask[0]=11111111011111110111111111111111, sa_flags=SA_RESTART|SA_SIGINFO


---------------  S Y S T E M  ---------------

OS:Bsduname:Darwin 16.3.0 Darwin Kernel Version 16.3.0: Thu Nov 17 20:23:58 PST 2016; root:xnu-3789.31.2~1/RELEASE_X86_64 x86_64
rlimit: STACK 8192k, CORE 0k, NPROC 709, NOFILE 10240, AS infinity
load average:1.30 1.30 1.02

CPU:total 4 (2 cores per cpu, 2 threads per core) family 6 model 58 stepping 9, cmov, cx8, fxsr, mmx, sse, sse2, sse3, ssse3, sse4.1, sse4.2, popcnt, avx, aes, clmul, erms, ht, tsc, tscinvbit, tscinv

Memory: 4k page, physical 4194304k(64852k free)

/proc/meminfo:


vm_info: Java HotSpot(TM) 64-Bit Server VM (25.25-b02) for bsd-amd64 JRE (1.8.0_25-b17), built on Sep 17 2014 16:56:50 by "java_re" with gcc 4.2.1 (Based on Apple Inc. build 5658) (LLVM build 2336.11.00)

time: Wed Feb 15 14:46:33 2017
elapsed time: 45 seconds (0d 0h 0m 45s)

