#
# A fatal error has been detected by the Java Runtime Environment:
#
#  SIGSEGV (0xb) at pc=0x00007fff8e5d28f2, pid=3437, tid=1811
#
# JRE version: Java(TM) SE Runtime Environment (8.0_25-b17) (build 1.8.0_25-b17)
# Java VM: Java HotSpot(TM) 64-Bit Server VM (25.25-b02 mixed mode bsd-amd64 compressed oops)
# Problematic frame:
# C  [libGPUSupportMercury.dylib+0xb8f2]  gldAttachDrawable+0x60
#
# Failed to write core dump. Core dumps have been disabled. To enable core dumping, try "ulimit -c unlimited" before starting Java again
#
# If you would like to submit a bug report, please visit:
#   http://bugreport.sun.com/bugreport/crash.jsp
# The crash happened outside the Java Virtual Machine in native code.
# See problematic frame for where to report the bug.
#

---------------  T H R E A D  ---------------

Current thread (0x00007fa21a8a6000):  JavaThread "AppKit Thread" daemon [_thread_in_native, id=1811, stack(0x00007fff5741f000,0x00007fff57c1f000)]

siginfo: si_signo: 11 (SIGSEGV), si_code: 0 (unknown), si_addr: 0x0000000000000000

Registers:
RAX=0xa000000000000000, RBX=0x000000000000271e, RCX=0x0000000000000000, RDX=0x00007fa21a72cef8
RSP=0x00007fff57c19910, RBP=0x00007fff57c19a10, RSI=0x0000000000000050, RDI=0x00007fff7ce0b070
R8 =0x00007fa21d00aa60, R9 =0x00007fa21d000000, R10=0x000000000000003c, R11=0x0000000000000206
R12=0x0000000000002718, R13=0x00007fa21b20aa00, R14=0x0000000000000050, R15=0x0000000000000000
RIP=0x00007fff8e5d28f2, EFLAGS=0x0000000000010212, ERR=0x0000000000000000
  TRAPNO=0x000000000000000d

Top of Stack: (sp=0x00007fff57c19910)
0x00007fff57c19910:   00007fff57c19984 00007fa21a54bab0
0x00007fff57c19920:   ffffffffffffffff 0000206000000040
0x00007fff57c19930:   00007fa21a54bac8 00007fff8ad7c69f
0x00007fff57c19940:   0000000000000000 a000000000000000
0x00007fff57c19950:   0000000300000003 00007fff57c19a98
0x00007fff57c19960:   00007fff57c19a24 0000000000010dd7
0x00007fff57c19970:   00007fff57c19a1c 00007fff57c19a20
0x00007fff57c19980:   00007fff57c19a00 00007fff99af7168
0x00007fff57c19990:   0000000000000000 00000000000004e9
0x00007fff57c199a0:   0000003400001200 0000040b00000000
0x00007fff57c199b0:   00007fff57c199e0 00007fff99aa703c
0x00007fff57c199c0:   00007fff57c19a10 00000000000004e9
0x00007fff57c199d0:   00000000042730c0 000000001a7331cc
0x00007fff57c199e0:   75003d91fb0b9b91 00007fa21d000c00
0x00007fff57c199f0:   0000000000002718 0000000000000000
0x00007fff57c19a00:   0000000000000050 0000000000000000
0x00007fff57c19a10:   00007fff57c19a60 00007fff967e27e4
0x00007fff57c19a20:   00007fa21d00aa60 0000000000000000
0x00007fff57c19a30:   00007fa21a72cef8 00007fa21a587fd0
0x00007fff57c19a40:   0000000000000000 00007fa21b208950
0x00007fff57c19a50:   00007fa21b206a00 00007fff7ce0b070
0x00007fff57c19a60:   00007fff57c19b50 00007fff9349c7ac
0x00007fff57c19a70:   4089000000000000 4050000000000000
0x00007fff57c19a80:   403a000000000000 4092000000000000
0x00007fff57c19a90:   4086b00000000000 0000000000000000
0x00007fff57c19aa0:   4036000000000000 4092000000000000
0x00007fff57c19ab0:   4086000000000000 0000000000000000
0x00007fff57c19ac0:   0000000000000000 0000000000000001
0x00007fff57c19ad0:   00007fa21a72cef8 0000000000000001
0x00007fff57c19ae0:   00007fff57c19b50 00007fff934a164c
0x00007fff57c19af0:   0000000100000003 00007fa21b208950
0x00007fff57c19b00:   00007fa21b208888 00000002992fffff 

Instructions: (pc=0x00007fff8e5d28f2)
0x00007fff8e5d28d2:   48 85 d2 b8 01 00 00 00 bb 15 27 00 00 0f 44 d8
0x00007fff8e5d28e2:   e9 7f 01 00 00 49 8b 45 08 48 89 85 38 ff ff ff
0x00007fff8e5d28f2:   48 8b 00 48 89 85 30 ff ff ff 83 fe 4f 0f 8f fd
0x00007fff8e5d2902:   00 00 00 48 89 d0 bb 15 27 00 00 83 fe 35 0f 84 

Register to memory mapping:

RAX=0xa000000000000000 is an unknown value
RBX=0x000000000000271e is an unknown value
RCX=0x0000000000000000 is an unknown value
RDX=0x00007fa21a72cef8 is an unknown value
RSP=0x00007fff57c19910 is pointing into the stack for thread: 0x00007fa21a8a6000
RBP=0x00007fff57c19a10 is pointing into the stack for thread: 0x00007fa21a8a6000
RSI=0x0000000000000050 is an unknown value
RDI=0x00007fff7ce0b070: __stack_chk_guard+0 in /usr/lib/system/libsystem_c.dylib at 0x00007fff99a00000
R8 =0x00007fa21d00aa60 is an unknown value
R9 =0x00007fa21d000000 is an unknown value
R10=0x000000000000003c is an unknown value
R11=0x0000000000000206 is an unknown value
R12=0x0000000000002718 is an unknown value
R13=0x00007fa21b20aa00 is an unknown value
R14=0x0000000000000050 is an unknown value
R15=0x0000000000000000 is an unknown value


Stack: [0x00007fff5741f000,0x00007fff57c1f000],  sp=0x00007fff57c19910,  free space=8170k
Native frames: (J=compiled Java code, j=interpreted, Vv=VM code, C=native code)
C  [libGPUSupportMercury.dylib+0xb8f2]  gldAttachDrawable+0x60
C  [GLEngine+0x167e4]  gliAttachDrawableWithOptions+0x101
C  [OpenGL+0x37ac]  glcGetIOAccelService+0xe03
C  [OpenGL+0x73f3]  CGLSetPBuffer+0xb90
C  [OpenGL+0x7716]  CGLSetSurface+0x124
C  [AppKit+0x57bf47]  NSOpenGLContextAttachOnScreenViewSurface+0x109
C  [AppKit+0x2c66ab]  -[NSOpenGLContext setView:]+0x83
C  [liblwjgl.jnilib+0x9f3e]  -[MacOSXOpenGLView lockFocus]+0x6e
C  [AppKit+0x14e775]  -[NSView _recursiveDisplayRectIfNeededIgnoringOpacity:isVisibleRect:rectIsVisibleRectForView:topView:]+0x740
C  [AppKit+0x14f7d0]  -[NSView _recursiveDisplayRectIfNeededIgnoringOpacity:isVisibleRect:rectIsVisibleRectForView:topView:]+0x179b
C  [AppKit+0x14db23]  -[NSThemeFrame _recursiveDisplayRectIfNeededIgnoringOpacity:isVisibleRect:rectIsVisibleRectForView:topView:]+0x14d
C  [AppKit+0x14a67b]  -[NSView _displayRectIgnoringOpacity:isVisibleRect:rectIsVisibleRectForView:]+0xac9
C  [AppKit+0x12907a]  -[NSView displayIfNeeded]+0x754
C  [AppKit+0x146575]  -[NSWindow displayIfNeeded]+0xe8
C  [AppKit+0x183772]  _handleWindowNeedsDisplayOrLayoutOrUpdateConstraints+0x3a8
C  [AppKit+0x748cf1]  __83-[NSWindow _postWindowNeedsDisplayOrLayoutOrUpdateConstraintsUnlessPostingDisabled]_block_invoke1523+0x2e
C  [CoreFoundation+0x7fd87]  __CFRUNLOOP_IS_CALLING_OUT_TO_AN_OBSERVER_CALLBACK_FUNCTION__+0x17
C  [CoreFoundation+0x7fce0]  __CFRunLoopDoObservers+0x170
C  [CoreFoundation+0x71de8]  __CFRunLoopRun+0x368
C  [CoreFoundation+0x71838]  CFRunLoopRunSpecific+0x128
C  [HIToolbox+0x2e43f]  RunCurrentEventLoopInMode+0xeb
C  [HIToolbox+0x2e0be]  ReceiveNextEventCommon+0xb3
C  [HIToolbox+0x2dffb]  _BlockUntilNextEventMatchingListInModeWithFilter+0x47
C  [AppKit+0x246d1]  _DPSNextEvent+0x3c4
C  [AppKit+0x23e80]  -[NSApplication nextEventMatchingMask:untilDate:inMode:dequeue:]+0xc2
C  [libosxapp.dylib+0x242a]  -[NSApplicationAWT nextEventMatchingMask:untilDate:inMode:dequeue:]+0x7c
C  [AppKit+0x17e23]  -[NSApplication run]+0x252
C  [libosxapp.dylib+0x223e]  +[NSApplicationAWT runAWTLoopWithApp:]+0x9c
C  [libawt_lwawt.dylib+0x4494f]  -[AWTStarter starter:]+0x389
C  [Foundation+0x65f4c]  __NSThreadPerformPerform+0x125
C  [CoreFoundation+0x80661]  __CFRUNLOOP_IS_CALLING_OUT_TO_A_SOURCE0_PERFORM_FUNCTION__+0x11
C  [CoreFoundation+0x727ed]  __CFRunLoopDoSources0+0x10d
C  [CoreFoundation+0x71e1f]  __CFRunLoopRun+0x39f
C  [CoreFoundation+0x71838]  CFRunLoopRunSpecific+0x128
C  [java+0x56cc]  CreateExecutionEnvironment+0x367
C  [java+0x165c]  JLI_Launch+0x7a0
C  [java+0x768a]  main+0x65
C  [java+0xeb4]  start+0x34
C  0x0000000000000006


---------------  P R O C E S S  ---------------

Java Threads: ( => current thread )
  0x00007fa21aaa8800 JavaThread "AWT-Shutdown" [_thread_blocked, id=28195, stack(0x00000001207ad000,0x00000001208ad000)]
=>0x00007fa21a8a6000 JavaThread "AppKit Thread" daemon [_thread_in_native, id=1811, stack(0x00007fff5741f000,0x00007fff57c1f000)]
  0x00007fa21b096800 JavaThread "Service Thread" daemon [_thread_blocked, id=18179, stack(0x000000011f0c5000,0x000000011f1c5000)]
  0x00007fa21b066800 JavaThread "C1 CompilerThread2" daemon [_thread_blocked, id=17667, stack(0x000000011efc2000,0x000000011f0c2000)]
  0x00007fa21b066000 JavaThread "C2 CompilerThread1" daemon [_thread_blocked, id=17155, stack(0x000000011eebf000,0x000000011efbf000)]
  0x00007fa21b074800 JavaThread "C2 CompilerThread0" daemon [_thread_blocked, id=16643, stack(0x000000011edbc000,0x000000011eebc000)]
  0x00007fa21b074000 JavaThread "Signal Dispatcher" daemon [_thread_blocked, id=13335, stack(0x000000011ecb9000,0x000000011edb9000)]
  0x00007fa21b057800 JavaThread "Finalizer" daemon [_thread_blocked, id=11523, stack(0x000000011d378000,0x000000011d478000)]
  0x00007fa21b80d000 JavaThread "Reference Handler" daemon [_thread_blocked, id=11011, stack(0x000000011d275000,0x000000011d375000)]
  0x00007fa21b006000 JavaThread "main" [_thread_in_native, id=4867, stack(0x00000001080f7000,0x00000001081f7000)]

Other Threads:
  0x00007fa21b011000 VMThread [stack: 0x000000011d172000,0x000000011d272000] [id=10499]
  0x00007fa21b05a000 WatcherThread [stack: 0x000000011f1c8000,0x000000011f2c8000] [id=18691]

VM state:not at safepoint (normal execution)

VM Mutex/Monitor currently owned by a thread: None

Heap:
 PSYoungGen      total 18944K, used 16064K [0x00000007aab00000, 0x00000007ac000000, 0x00000007c0000000)
  eden space 16384K, 98% used [0x00000007aab00000,0x00000007abab02f8,0x00000007abb00000)
  from space 2560K, 0% used [0x00000007abd80000,0x00000007abd80000,0x00000007ac000000)
  to   space 2560K, 0% used [0x00000007abb00000,0x00000007abb00000,0x00000007abd80000)
 ParOldGen       total 44032K, used 0K [0x0000000780000000, 0x0000000782b00000, 0x00000007aab00000)
  object space 44032K, 0% used [0x0000000780000000,0x0000000780000000,0x0000000782b00000)
 Metaspace       used 6246K, capacity 6321K, committed 6656K, reserved 1056768K
  class space    used 625K, capacity 661K, committed 768K, reserved 1048576K

Card table byte_map: [0x0000000118d2f000,0x0000000118f30000] byte_map_base: 0x000000011512f000

Marking Bits: (ParMarkBitMap*) 0x000000010929d390
 Begin Bits: [0x0000000119492000, 0x000000011a492000)
 End Bits:   [0x000000011a492000, 0x000000011b492000)

Polling page: 0x00000001081f9000

CodeCache: size=245760Kb used=2553Kb max_used=2564Kb free=243206Kb
 bounds [0x000000010996f000, 0x0000000109bff000, 0x000000011896f000]
 total_blobs=982 nmethods=623 adapters=274
 compilation: enabled

Compilation events (10 events):
Event: 7.342 Thread 0x00007fa21b066800  618       3       halpers.Clock::Update (19 bytes)
Event: 7.342 Thread 0x00007fa21b066800 nmethod 618 0x0000000109beba90 code [0x0000000109bebc00, 0x0000000109bebda8]
Event: 7.342 Thread 0x00007fa21b066800  619       3       halpers.Clock::getDelta (37 bytes)
Event: 7.342 Thread 0x00007fa21b066800 nmethod 619 0x0000000109bebe50 code [0x0000000109bec040, 0x0000000109bec890]
Event: 7.342 Thread 0x00007fa21b066800  620       3       java.nio.DirectByteBuffer::get (16 bytes)
Event: 7.342 Thread 0x00007fa21b066800 nmethod 620 0x0000000109becb50 code [0x0000000109beccc0, 0x0000000109becf30]
Event: 7.342 Thread 0x00007fa21b066800  621   !   3       org.lwjgl.input.Keyboard::next (60 bytes)
Event: 7.343 Thread 0x00007fa21b066800 nmethod 621 0x0000000109bed050 code [0x0000000109bed200, 0x0000000109bed778]
Event: 7.343 Thread 0x00007fa21b066800  622       3       org.lwjgl.input.Keyboard::readNext (89 bytes)
Event: 7.343 Thread 0x00007fa21b066800 nmethod 622 0x0000000109beda10 code [0x0000000109bedc00, 0x0000000109bee568]

GC Heap History (0 events):
No events

Deoptimization events (0 events):
No events

Internal exceptions (10 events):
Event: 0.765 Thread 0x00007fa21b006000 Exception <a 'java/security/PrivilegedActionException'> (0x00000007ab0d69b8) thrown at [/HUDSON3/workspace/8-2-build-macosx-x86_64/jdk8u25/1514/hotspot/src/share/vm/prims/jvm.cpp, line 1312]
Event: 0.767 Thread 0x00007fa21b006000 Exception <a 'java/security/PrivilegedActionException'> (0x00000007ab0e3ca0) thrown at [/HUDSON3/workspace/8-2-build-macosx-x86_64/jdk8u25/1514/hotspot/src/share/vm/prims/jvm.cpp, line 1312]
Event: 0.769 Thread 0x00007fa21b006000 Exception <a 'java/security/PrivilegedActionException'> (0x00000007ab0e8bd0) thrown at [/HUDSON3/workspace/8-2-build-macosx-x86_64/jdk8u25/1514/hotspot/src/share/vm/prims/jvm.cpp, line 1312]
Event: 0.918 Thread 0x00007fa21b006000 Exception <a 'java/security/PrivilegedActionException'> (0x00000007ab9ee6e8) thrown at [/HUDSON3/workspace/8-2-build-macosx-x86_64/jdk8u25/1514/hotspot/src/share/vm/prims/jvm.cpp, line 1312]
Event: 0.946 Thread 0x00007fa21b006000 Exception <a 'java/security/PrivilegedActionException'> (0x00000007ab9fd940) thrown at [/HUDSON3/workspace/8-2-build-macosx-x86_64/jdk8u25/1514/hotspot/src/share/vm/prims/jvm.cpp, line 1312]
Event: 0.952 Thread 0x00007fa21b006000 Exception <a 'java/security/PrivilegedActionException'> (0x00000007ab9ffc00) thrown at [/HUDSON3/workspace/8-2-build-macosx-x86_64/jdk8u25/1514/hotspot/src/share/vm/prims/jvm.cpp, line 1312]
Event: 0.953 Thread 0x00007fa21b006000 Exception <a 'java/security/PrivilegedActionException'> (0x00000007aba01de0) thrown at [/HUDSON3/workspace/8-2-build-macosx-x86_64/jdk8u25/1514/hotspot/src/share/vm/prims/jvm.cpp, line 1312]
Event: 0.954 Thread 0x00007fa21b006000 Exception <a 'java/security/PrivilegedActionException'> (0x00000007aba03f30) thrown at [/HUDSON3/workspace/8-2-build-macosx-x86_64/jdk8u25/1514/hotspot/src/share/vm/prims/jvm.cpp, line 1312]
Event: 0.973 Thread 0x00007fa21b006000 Exception <a 'java/security/PrivilegedActionException'> (0x00000007aba06b98) thrown at [/HUDSON3/workspace/8-2-build-macosx-x86_64/jdk8u25/1514/hotspot/src/share/vm/prims/jvm.cpp, line 1312]
Event: 0.974 Thread 0x00007fa21b006000 Exception <a 'java/security/PrivilegedActionException'> (0x00000007aba0a890) thrown at [/HUDSON3/workspace/8-2-build-macosx-x86_64/jdk8u25/1514/hotspot/src/share/vm/prims/jvm.cpp, line 1312]

Events (10 events):
Event: 4.161 Executing VM operation: EnableBiasedLocking done
Event: 4.923 Thread 0x00007fa21aaa8800 Thread added: 0x00007fa21aaa8800
Event: 6.175 Thread 0x00007fa21b006000 DEOPT PACKING pc=0x0000000109bcaeb8 sp=0x00000001081f67e0
Event: 6.175 Thread 0x00007fa21b006000 DEOPT UNPACKING pc=0x00000001099b6373 sp=0x00000001081f6550 mode 0
Event: 7.410 Executing VM operation: RevokeBias
Event: 7.410 Executing VM operation: RevokeBias done
Event: 7.410 Thread 0x00007fa21aaa8800 Thread exited: 0x00007fa21aaa8800
Event: 7.675 Thread 0x00007fa21aaa8800 Thread added: 0x00007fa21aaa8800
Event: 7.830 loading class org/lwjgl/opengl/CallbackUtil
Event: 7.830 loading class org/lwjgl/opengl/CallbackUtil done


Dynamic libraries:
0x000000000a8d4000 	/System/Library/Frameworks/Cocoa.framework/Versions/A/Cocoa
0x000000000a8d4000 	/System/Library/Frameworks/Security.framework/Versions/A/Security
0x000000000a8d4000 	/System/Library/Frameworks/ApplicationServices.framework/Versions/A/ApplicationServices
0x000000000a8d4000 	/usr/lib/libz.1.dylib
0x000000000a8d4000 	/usr/lib/libSystem.B.dylib
0x000000000a8d4000 	/usr/lib/libobjc.A.dylib
0x000000000a8d4000 	/System/Library/Frameworks/CoreFoundation.framework/Versions/A/CoreFoundation
0x000000000a8d4000 	/System/Library/Frameworks/Foundation.framework/Versions/C/Foundation
0x000000000a8d4000 	/System/Library/Frameworks/AppKit.framework/Versions/C/AppKit
0x000000000a8d4000 	/System/Library/Frameworks/CoreData.framework/Versions/A/CoreData
0x000000000a8d4000 	/System/Library/PrivateFrameworks/RemoteViewServices.framework/Versions/A/RemoteViewServices
0x000000000a8d4000 	/System/Library/PrivateFrameworks/UIFoundation.framework/Versions/A/UIFoundation
0x000000000a8d4000 	/System/Library/Frameworks/IOSurface.framework/Versions/A/IOSurface
0x000000000a8d4000 	/System/Library/Frameworks/AudioToolbox.framework/Versions/A/AudioToolbox
0x000000000a8d4000 	/System/Library/Frameworks/AudioUnit.framework/Versions/A/AudioUnit
0x000000000a8d4000 	/System/Library/PrivateFrameworks/DataDetectorsCore.framework/Versions/A/DataDetectorsCore
0x000000000a8d4000 	/System/Library/PrivateFrameworks/DesktopServicesPriv.framework/Versions/A/DesktopServicesPriv
0x000000000a8d4000 	/System/Library/Frameworks/Carbon.framework/Versions/A/Frameworks/HIToolbox.framework/Versions/A/HIToolbox
0x000000000a8d4000 	/System/Library/Frameworks/QuartzCore.framework/Versions/A/QuartzCore
0x000000000a8d4000 	/System/Library/Frameworks/Carbon.framework/Versions/A/Frameworks/SpeechRecognition.framework/Versions/A/SpeechRecognition
0x000000000a8d4000 	/usr/lib/libauto.dylib
0x000000000a8d4000 	/usr/lib/libicucore.A.dylib
0x000000000a8d4000 	/usr/lib/libxml2.2.dylib
0x000000000a8d4000 	/System/Library/PrivateFrameworks/CoreUI.framework/Versions/A/CoreUI
0x000000000a8d4000 	/System/Library/Frameworks/CoreAudio.framework/Versions/A/CoreAudio
0x000000000a8d4000 	/System/Library/Frameworks/DiskArbitration.framework/Versions/A/DiskArbitration
0x000000000a8d4000 	/usr/lib/liblangid.dylib
0x000000000a8d4000 	/System/Library/PrivateFrameworks/MultitouchSupport.framework/Versions/A/MultitouchSupport
0x000000000a8d4000 	/System/Library/Frameworks/IOKit.framework/Versions/A/IOKit
0x000000000a8d4000 	/usr/lib/libDiagnosticMessagesClient.dylib
0x000000000a8d4000 	/System/Library/Frameworks/CoreServices.framework/Versions/A/CoreServices
0x000000000a8d4000 	/System/Library/PrivateFrameworks/PerformanceAnalysis.framework/Versions/A/PerformanceAnalysis
0x000000000a8d4000 	/System/Library/PrivateFrameworks/GenerationalStorage.framework/Versions/A/GenerationalStorage
0x000000000a8d4000 	/System/Library/Frameworks/OpenGL.framework/Versions/A/OpenGL
0x000000000a8d4000 	/System/Library/PrivateFrameworks/Sharing.framework/Versions/A/Sharing
0x000000000a8d4000 	/System/Library/Frameworks/CoreGraphics.framework/Versions/A/CoreGraphics
0x000000000a8d4000 	/System/Library/Frameworks/CoreText.framework/Versions/A/CoreText
0x000000000a8d4000 	/System/Library/Frameworks/ImageIO.framework/Versions/A/ImageIO
0x000000000a8d4000 	/usr/lib/libextension.dylib
0x000000000a8d4000 	/System/Library/PrivateFrameworks/Backup.framework/Versions/A/Backup
0x000000000a8d4000 	/usr/lib/libarchive.2.dylib
0x000000000a8d4000 	/System/Library/Frameworks/CFNetwork.framework/Versions/A/CFNetwork
0x000000000a8d4000 	/System/Library/Frameworks/SystemConfiguration.framework/Versions/A/SystemConfiguration
0x000000000a8d4000 	/usr/lib/libCRFSuite.dylib
0x000000000a8d4000 	/usr/lib/libc++.1.dylib
0x000000000a8d4000 	/usr/lib/libc++abi.dylib
0x000000000a8d4000 	/usr/lib/system/libcache.dylib
0x000000000a8d4000 	/usr/lib/system/libcommonCrypto.dylib
0x000000000a8d4000 	/usr/lib/system/libcompiler_rt.dylib
0x000000000a8d4000 	/usr/lib/system/libcopyfile.dylib
0x000000000a8d4000 	/usr/lib/system/libcorecrypto.dylib
0x000000000a8d4000 	/usr/lib/system/libdispatch.dylib
0x000000000a8d4000 	/usr/lib/system/libdyld.dylib
0x000000000a8d4000 	/usr/lib/system/libkeymgr.dylib
0x000000000a8d4000 	/usr/lib/system/liblaunch.dylib
0x000000000a8d4000 	/usr/lib/system/libmacho.dylib
0x000000000a8d4000 	/usr/lib/system/libquarantine.dylib
0x000000000a8d4000 	/usr/lib/system/libremovefile.dylib
0x000000000a8d4000 	/usr/lib/system/libsystem_asl.dylib
0x000000000a8d4000 	/usr/lib/system/libsystem_blocks.dylib
0x000000000a8d4000 	/usr/lib/system/libsystem_c.dylib
0x000000000a8d4000 	/usr/lib/system/libsystem_configuration.dylib
0x000000000a8d4000 	/usr/lib/system/libsystem_coreservices.dylib
0x000000000a8d4000 	/usr/lib/system/libsystem_coretls.dylib
0x000000000a8d4000 	/usr/lib/system/libsystem_dnssd.dylib
0x000000000a8d4000 	/usr/lib/system/libsystem_info.dylib
0x000000000a8d4000 	/usr/lib/system/libsystem_kernel.dylib
0x000000000a8d4000 	/usr/lib/system/libsystem_m.dylib
0x000000000a8d4000 	/usr/lib/system/libsystem_malloc.dylib
0x000000000a8d4000 	/usr/lib/system/libsystem_network.dylib
0x000000000a8d4000 	/usr/lib/system/libsystem_networkextension.dylib
0x000000000a8d4000 	/usr/lib/system/libsystem_notify.dylib
0x000000000a8d4000 	/usr/lib/system/libsystem_platform.dylib
0x000000000a8d4000 	/usr/lib/system/libsystem_pthread.dylib
0x000000000a8d4000 	/usr/lib/system/libsystem_sandbox.dylib
0x000000000a8d4000 	/usr/lib/system/libsystem_secinit.dylib
0x000000000a8d4000 	/usr/lib/system/libsystem_stats.dylib
0x000000000a8d4000 	/usr/lib/system/libsystem_trace.dylib
0x000000000a8d4000 	/usr/lib/system/libunc.dylib
0x000000000a8d4000 	/usr/lib/system/libunwind.dylib
0x000000000a8d4000 	/usr/lib/system/libxpc.dylib
0x000000000a8d4000 	/usr/lib/libbz2.1.0.dylib
0x000000000a8d4000 	/usr/lib/liblzma.5.dylib
0x000000000a8d4000 	/usr/lib/libbsm.0.dylib
0x000000000a8d4000 	/usr/lib/libsqlite3.dylib
0x000000000a8d4000 	/usr/lib/system/libkxld.dylib
0x000000000a8d4000 	/usr/lib/libxar.1.dylib
0x000000000a8d4000 	/usr/lib/libpam.2.dylib
0x000000000a8d4000 	/usr/lib/libOpenScriptingUtil.dylib
0x000000000a8d4000 	/System/Library/Frameworks/CoreServices.framework/Versions/A/Frameworks/FSEvents.framework/Versions/A/FSEvents
0x000000000a8d4000 	/System/Library/Frameworks/CoreServices.framework/Versions/A/Frameworks/CarbonCore.framework/Versions/A/CarbonCore
0x000000000a8d4000 	/System/Library/Frameworks/CoreServices.framework/Versions/A/Frameworks/Metadata.framework/Versions/A/Metadata
0x000000000a8d4000 	/System/Library/Frameworks/CoreServices.framework/Versions/A/Frameworks/OSServices.framework/Versions/A/OSServices
0x000000000a8d4000 	/System/Library/Frameworks/CoreServices.framework/Versions/A/Frameworks/SearchKit.framework/Versions/A/SearchKit
0x000000000a8d4000 	/System/Library/Frameworks/CoreServices.framework/Versions/A/Frameworks/AE.framework/Versions/A/AE
0x000000000a8d4000 	/System/Library/Frameworks/CoreServices.framework/Versions/A/Frameworks/LaunchServices.framework/Versions/A/LaunchServices
0x000000000a8d4000 	/System/Library/Frameworks/CoreServices.framework/Versions/A/Frameworks/DictionaryServices.framework/Versions/A/DictionaryServices
0x000000000a8d4000 	/System/Library/Frameworks/NetFS.framework/Versions/A/NetFS
0x000000000a8d4000 	/System/Library/PrivateFrameworks/NetAuth.framework/Versions/A/NetAuth
0x000000000a8d4000 	/System/Library/PrivateFrameworks/login.framework/Versions/A/Frameworks/loginsupport.framework/Versions/A/loginsupport
0x000000000a8d4000 	/System/Library/PrivateFrameworks/TCC.framework/Versions/A/TCC
0x000000000a8d4000 	/usr/lib/libmecabra.dylib
0x000000000a8d4000 	/System/Library/PrivateFrameworks/LanguageModeling.framework/Versions/A/LanguageModeling
0x000000000a8d4000 	/usr/lib/libcmph.dylib
0x000000000a8d4000 	/usr/lib/libiconv.2.dylib
0x000000000a8d4000 	/System/Library/Frameworks/OpenDirectory.framework/Versions/A/Frameworks/CFOpenDirectory.framework/Versions/A/CFOpenDirectory
0x000000000a8d4000 	/System/Library/Frameworks/ServiceManagement.framework/Versions/A/ServiceManagement
0x000000000a8d4000 	/usr/lib/libxslt.1.dylib
0x000000000a8d4000 	/System/Library/Frameworks/Carbon.framework/Versions/A/Frameworks/Ink.framework/Versions/A/Ink
0x000000000a8d4000 	/System/Library/Frameworks/ApplicationServices.framework/Versions/A/Frameworks/ATS.framework/Versions/A/ATS
0x000000000a8d4000 	/System/Library/Frameworks/ApplicationServices.framework/Versions/A/Frameworks/ColorSync.framework/Versions/A/ColorSync
0x000000000a8d4000 	/System/Library/Frameworks/ApplicationServices.framework/Versions/A/Frameworks/HIServices.framework/Versions/A/HIServices
0x000000000a8d4000 	/System/Library/Frameworks/ApplicationServices.framework/Versions/A/Frameworks/LangAnalysis.framework/Versions/A/LangAnalysis
0x000000000a8d4000 	/System/Library/Frameworks/ApplicationServices.framework/Versions/A/Frameworks/PrintCore.framework/Versions/A/PrintCore
0x000000000a8d4000 	/System/Library/Frameworks/ApplicationServices.framework/Versions/A/Frameworks/QD.framework/Versions/A/QD
0x000000000a8d4000 	/System/Library/Frameworks/ApplicationServices.framework/Versions/A/Frameworks/SpeechSynthesis.framework/Versions/A/SpeechSynthesis
0x000000000a8d4000 	/System/Library/Frameworks/Accelerate.framework/Versions/A/Accelerate
0x000000000a8d4000 	/System/Library/Frameworks/Accelerate.framework/Versions/A/Frameworks/vImage.framework/Versions/A/vImage
0x000000000a8d4000 	/System/Library/Frameworks/Accelerate.framework/Versions/A/Frameworks/vecLib.framework/Versions/A/vecLib
0x000000000a8d4000 	/System/Library/Frameworks/Accelerate.framework/Versions/A/Frameworks/vecLib.framework/Versions/A/libvDSP.dylib
0x000000000a8d4000 	/System/Library/Frameworks/Accelerate.framework/Versions/A/Frameworks/vecLib.framework/Versions/A/libvMisc.dylib
0x000000000a8d4000 	/System/Library/Frameworks/Accelerate.framework/Versions/A/Frameworks/vecLib.framework/Versions/A/libLAPACK.dylib
0x000000000a8d4000 	/System/Library/Frameworks/Accelerate.framework/Versions/A/Frameworks/vecLib.framework/Versions/A/libBLAS.dylib
0x000000000a8d4000 	/System/Library/Frameworks/Accelerate.framework/Versions/A/Frameworks/vecLib.framework/Versions/A/libLinearAlgebra.dylib
0x000000000a8d4000 	/System/Library/Frameworks/ApplicationServices.framework/Versions/A/Frameworks/ATS.framework/Versions/A/Resources/libFontParser.dylib
0x000000000a8d4000 	/System/Library/Frameworks/ApplicationServices.framework/Versions/A/Frameworks/ATS.framework/Versions/A/Resources/libFontRegistry.dylib
0x000000000a8d4000 	/System/Library/PrivateFrameworks/AppleVPA.framework/Versions/A/AppleVPA
0x000000000a8d4000 	/System/Library/PrivateFrameworks/AppleJPEG.framework/Versions/A/AppleJPEG
0x000000000a8d4000 	/System/Library/Frameworks/ImageIO.framework/Versions/A/Resources/libJPEG.dylib
0x000000000a8d4000 	/System/Library/Frameworks/ImageIO.framework/Versions/A/Resources/libTIFF.dylib
0x000000000a8d4000 	/System/Library/Frameworks/ImageIO.framework/Versions/A/Resources/libPng.dylib
0x000000000a8d4000 	/System/Library/Frameworks/ImageIO.framework/Versions/A/Resources/libGIF.dylib
0x000000000a8d4000 	/System/Library/Frameworks/ImageIO.framework/Versions/A/Resources/libJP2.dylib
0x000000000a8d4000 	/System/Library/Frameworks/ImageIO.framework/Versions/A/Resources/libRadiance.dylib
0x000000000a8d4000 	/System/Library/Frameworks/CoreVideo.framework/Versions/A/CoreVideo
0x000000000a8d4000 	/System/Library/Frameworks/OpenGL.framework/Versions/A/Libraries/libGLU.dylib
0x000000000a8d4000 	/System/Library/Frameworks/OpenGL.framework/Versions/A/Libraries/libGFXShared.dylib
0x000000000a8d4000 	/System/Library/Frameworks/OpenGL.framework/Versions/A/Libraries/libGL.dylib
0x000000000a8d4000 	/System/Library/Frameworks/OpenGL.framework/Versions/A/Libraries/libGLImage.dylib
0x000000000a8d4000 	/System/Library/Frameworks/OpenGL.framework/Versions/A/Libraries/libCVMSPluginSupport.dylib
0x000000000a8d4000 	/System/Library/Frameworks/OpenGL.framework/Versions/A/Libraries/libCoreVMClient.dylib
0x000000000a8d4000 	/usr/lib/libcups.2.dylib
0x000000000a8d4000 	/System/Library/Frameworks/Kerberos.framework/Versions/A/Kerberos
0x000000000a8d4000 	/System/Library/Frameworks/GSS.framework/Versions/A/GSS
0x000000000a8d4000 	/usr/lib/libresolv.9.dylib
0x000000000a8d4000 	/System/Library/PrivateFrameworks/Heimdal.framework/Versions/A/Heimdal
0x000000000a8d4000 	/usr/lib/libheimdal-asn1.dylib
0x000000000a8d4000 	/System/Library/Frameworks/OpenDirectory.framework/Versions/A/OpenDirectory
0x000000000a8d4000 	/System/Library/PrivateFrameworks/CommonAuth.framework/Versions/A/CommonAuth
0x000000000a8d4000 	/System/Library/Frameworks/SecurityFoundation.framework/Versions/A/SecurityFoundation
0x000000000a8d4000 	/System/Library/Frameworks/QuartzCore.framework/Versions/A/Frameworks/CoreImage.framework/Versions/A/CoreImage
0x000000000a8d4000 	/System/Library/PrivateFrameworks/CrashReporterSupport.framework/Versions/A/CrashReporterSupport
0x000000000a8d4000 	/System/Library/Frameworks/OpenCL.framework/Versions/A/OpenCL
0x000000000a8d4000 	/System/Library/PrivateFrameworks/FaceCore.framework/Versions/A/FaceCore
0x000000000a8d4000 	/System/Library/PrivateFrameworks/Ubiquity.framework/Versions/A/Ubiquity
0x000000000a8d4000 	/System/Library/PrivateFrameworks/IconServices.framework/Versions/A/IconServices
0x000000000a8d4000 	/System/Library/PrivateFrameworks/ChunkingLibrary.framework/Versions/A/ChunkingLibrary
0x000000000a8d4000 	/System/Library/PrivateFrameworks/Apple80211.framework/Versions/A/Apple80211
0x000000000a8d4000 	/System/Library/Frameworks/CoreWLAN.framework/Versions/A/CoreWLAN
0x000000000a8d4000 	/System/Library/Frameworks/IOBluetooth.framework/Versions/A/IOBluetooth
0x000000000a8d4000 	/System/Library/PrivateFrameworks/CoreWiFi.framework/Versions/A/CoreWiFi
0x000000000a8d4000 	/System/Library/Frameworks/CoreBluetooth.framework/Versions/A/CoreBluetooth
0x000000000a8d4000 	/System/Library/PrivateFrameworks/DebugSymbols.framework/Versions/A/DebugSymbols
0x000000000a8d4000 	/System/Library/PrivateFrameworks/CoreSymbolication.framework/Versions/A/CoreSymbolication
0x000000000a8d4000 	/System/Library/PrivateFrameworks/Symbolication.framework/Versions/A/Symbolication
0x000000000a8d4000 	/System/Library/PrivateFrameworks/SpeechRecognitionCore.framework/Versions/A/SpeechRecognitionCore
0x0000000108a00000 	/Library/Java/JavaVirtualMachines/jdk1.8.0_25.jdk/Contents/Home/jre/lib/server/libjvm.dylib
0x000000000a8d4000 	/usr/lib/libstdc++.6.dylib
0x000000010991c000 	/Library/Java/JavaVirtualMachines/jdk1.8.0_25.jdk/Contents/Home/jre/lib/libverify.dylib
0x000000010992a000 	/Library/Java/JavaVirtualMachines/jdk1.8.0_25.jdk/Contents/Home/jre/lib/libjava.dylib
0x0000000109966000 	/Library/Java/JavaVirtualMachines/jdk1.8.0_25.jdk/Contents/Home/jre/lib/libzip.dylib
0x000000011d47a000 	/System/Library/Frameworks/JavaVM.framework/Frameworks/JavaRuntimeSupport.framework/JavaRuntimeSupport
0x000000011d490000 	/System/Library/Frameworks/JavaVM.framework/Versions/A/Frameworks/JavaNativeFoundation.framework/Versions/A/JavaNativeFoundation
0x000000011d4a4000 	/System/Library/Frameworks/JavaVM.framework/Versions/A/JavaVM
0x000000000a8d4000 	/System/Library/Frameworks/Carbon.framework/Versions/A/Carbon
0x000000011d4b0000 	/System/Library/PrivateFrameworks/JavaLaunching.framework/Versions/A/JavaLaunching
0x000000000a8d4000 	/System/Library/Frameworks/Carbon.framework/Versions/A/Frameworks/CommonPanels.framework/Versions/A/CommonPanels
0x000000000a8d4000 	/System/Library/Frameworks/Carbon.framework/Versions/A/Frameworks/Help.framework/Versions/A/Help
0x000000000a8d4000 	/System/Library/Frameworks/Carbon.framework/Versions/A/Frameworks/ImageCapture.framework/Versions/A/ImageCapture
0x000000000a8d4000 	/System/Library/Frameworks/Carbon.framework/Versions/A/Frameworks/OpenScripting.framework/Versions/A/OpenScripting
0x000000000a8d4000 	/System/Library/Frameworks/Carbon.framework/Versions/A/Frameworks/Print.framework/Versions/A/Print
0x000000000a8d4000 	/System/Library/Frameworks/Carbon.framework/Versions/A/Frameworks/SecurityHI.framework/Versions/A/SecurityHI
0x000000011f2de000 	/Library/Java/JavaVirtualMachines/jdk1.8.0_25.jdk/Contents/Home/jre/lib/libawt.dylib
0x000000011f38d000 	/Library/Java/JavaVirtualMachines/jdk1.8.0_25.jdk/Contents/Home/jre/lib/./libmlib_image.dylib
0x000000011f459000 	/Library/Java/JavaVirtualMachines/jdk1.8.0_25.jdk/Contents/Home/jre/lib/libawt_lwawt.dylib
0x000000011f50c000 	/Library/Java/JavaVirtualMachines/jdk1.8.0_25.jdk/Contents/Home/jre/lib/./libosxapp.dylib
0x000000000a8d4000 	/System/Library/Frameworks/ExceptionHandling.framework/Versions/A/ExceptionHandling
0x000000000a8d4000 	/System/Library/PrivateFrameworks/CoreServicesInternal.framework/Versions/A/CoreServicesInternal
0x000000000a8d4000 	/System/Library/PrivateFrameworks/CloudDocs.framework/Versions/A/CloudDocs
0x000000000a8d4000 	/System/Library/PrivateFrameworks/CoreDuet.framework/Versions/A/CoreDuet
0x000000000a8d4000 	/System/Library/Frameworks/CloudKit.framework/Versions/A/CloudKit
0x000000000a8d4000 	/System/Library/PrivateFrameworks/ProtocolBuffer.framework/Versions/A/ProtocolBuffer
0x000000000a8d4000 	/System/Library/PrivateFrameworks/CoreDuetDaemonProtocol.framework/Versions/A/CoreDuetDaemonProtocol
0x000000000a8d4000 	/System/Library/PrivateFrameworks/CoreDuetDebugLogging.framework/Versions/A/CoreDuetDebugLogging
0x000000000a8d4000 	/System/Library/Frameworks/CoreLocation.framework/Versions/A/CoreLocation
0x000000000a8d4000 	/System/Library/Frameworks/Accounts.framework/Versions/A/Accounts
0x000000000a8d4000 	/System/Library/PrivateFrameworks/ApplePushService.framework/Versions/A/ApplePushService
0x000000000a8d4000 	/System/Library/PrivateFrameworks/GeoServices.framework/Versions/A/GeoServices
0x000000000a8d4000 	/System/Library/PrivateFrameworks/OAuth.framework/Versions/A/OAuth
0x000000000a8d4000 	/System/Library/PrivateFrameworks/CoreDaemon.framework/Versions/B/CoreDaemon
0x000000000a8d4000 	/usr/lib/libcrypto.0.9.8.dylib
0x000000000a8d4000 	/System/Library/PrivateFrameworks/AppleSRP.framework/Versions/A/AppleSRP
0x000000000a8d4000 	/System/Library/PrivateFrameworks/TrustEvaluationAgent.framework/Versions/A/TrustEvaluationAgent
0x000000000a8d4000 	/System/Library/Frameworks/CoreGraphics.framework/Versions/A/Resources/libCGCMS.A.dylib
0x000000000a8d4000 	/System/Library/Frameworks/CoreGraphics.framework/Versions/A/Resources/libRIP.A.dylib
0x000000000a8d4000 	/System/Library/Frameworks/CoreGraphics.framework/Versions/A/Resources/libCGXType.A.dylib
0x000000000a8d4000 	/System/Library/Frameworks/OpenCL.framework/Versions/A/Libraries/libcldcpuengine.dylib
0x000000000a8d4000 	/System/Library/PrivateFrameworks/DiskImages.framework/Versions/A/DiskImages
0x000000000a8d4000 	/System/Library/Frameworks/DiscRecording.framework/Versions/A/DiscRecording
0x000000000a8d4000 	/usr/lib/libcsfde.dylib
0x000000000a8d4000 	/usr/lib/libcurl.4.dylib
0x000000000a8d4000 	/System/Library/PrivateFrameworks/MediaKit.framework/Versions/A/MediaKit
0x000000000a8d4000 	/System/Library/PrivateFrameworks/ProtectedCloudStorage.framework/Versions/A/ProtectedCloudStorage
0x000000000a8d4000 	/usr/lib/libCoreStorage.dylib
0x000000000a8d4000 	/System/Library/PrivateFrameworks/EFILogin.framework/Versions/A/EFILogin
0x000000000a8d4000 	/usr/lib/libutil.dylib
0x000000000a8d4000 	/System/Library/PrivateFrameworks/FindMyDevice.framework/Versions/A/FindMyDevice
0x000000000a8d4000 	/System/Library/Frameworks/LDAP.framework/Versions/A/LDAP
0x000000000a8d4000 	/usr/lib/libsasl2.2.dylib
0x0000000121f28000 	cl_kernels
0x0000000121f2a000 	/System/Library/Frameworks/OpenCL.framework/Versions/A/Libraries/ImageFormats/unorm8_bgra.dylib
0x0000000121f19000 	cl_kernels
0x000000000a8d4000 	/System/Library/PrivateFrameworks/FamilyControls.framework/Versions/A/FamilyControls
0x000000000a8d4000 	/System/Library/PrivateFrameworks/CommerceKit.framework/Versions/A/Frameworks/CommerceCore.framework/Versions/A/CommerceCore
0x000000000a8d4000 	/System/Library/PrivateFrameworks/SystemAdministration.framework/Versions/A/SystemAdministration
0x000000000a8d4000 	/System/Library/PrivateFrameworks/AppContainer.framework/Versions/A/AppContainer
0x000000000a8d4000 	/System/Library/PrivateFrameworks/SecCodeWrapper.framework/Versions/A/SecCodeWrapper
0x000000000a8d4000 	/System/Library/Frameworks/DirectoryService.framework/Versions/A/DirectoryService
0x000000000a8d4000 	/System/Library/PrivateFrameworks/LoginUIKit.framework/Versions/A/Frameworks/LoginUICore.framework/Versions/A/LoginUICore
0x000000000a8d4000 	/usr/lib/libodfde.dylib
0x00000001230ed000 	/Library/Java/JavaVirtualMachines/jdk1.8.0_25.jdk/Contents/Home/jre/lib/libfontmanager.dylib
0x0000000123154000 	/Users/tylerwengert/Desktop/Workspace/libs/natives/liblwjgl.jnilib
0x0000000121459000 	/Library/Java/JavaVirtualMachines/jdk1.8.0_25.jdk/Contents/Home/jre/lib/libjawt.dylib
0x000000000a8d4000 	/System/Library/Frameworks/OpenGL.framework/Versions/A/Resources/GLEngine.bundle/GLEngine
0x000000000a8d4000 	/System/Library/Frameworks/OpenGL.framework/Versions/A/Libraries/libGLProgrammability.dylib
0x0000000000000000 	/System/Library/Extensions/AppleIntelHD4000GraphicsGLDriver.bundle/Contents/MacOS/AppleIntelHD4000GraphicsGLDriver
0x000000000a8d4000 	/System/Library/PrivateFrameworks/IOAccelerator.framework/Versions/A/IOAccelerator
0x000000000a8d4000 	/System/Library/PrivateFrameworks/GPUSupport.framework/Versions/A/Libraries/libGPUSupportMercury.dylib
0x000000000a8d4000 	/System/Library/Frameworks/OpenGL.framework/Versions/A/Resources/GLRendererFloat.bundle/GLRendererFloat

VM Arguments:
jvm_args: -Djava.library.path=/Users/tylerwengert/Desktop/Workspace/libs/natives -Dfile.encoding=UTF-8 
java_command: data.Boot
java_class_path (initial): /Users/tylerwengert/Desktop/Workspace/GameProject/bin:/Users/tylerwengert/Desktop/Workspace/libs/jars/lwjgl_util.jar:/Users/tylerwengert/Desktop/Workspace/libs/jars/lwjgl.jar:/Users/tylerwengert/Desktop/Workspace/libs/jars/slick-util.jar
Launcher Type: SUN_STANDARD

Environment Variables:
PATH=/usr/bin:/bin:/usr/sbin:/sbin
SHELL=/bin/bash

Signal Handlers:
SIGSEGV: [libjvm.dylib+0x579dc7], sa_mask[0]=11111111011111110111111111111111, sa_flags=SA_ONSTACK|SA_RESTART|SA_SIGINFO
SIGBUS: [libjvm.dylib+0x579dc7], sa_mask[0]=11111111011111110111111111111111, sa_flags=SA_RESTART|SA_SIGINFO
SIGFPE: [libjvm.dylib+0x45b030], sa_mask[0]=11111111011111110111111111111111, sa_flags=SA_RESTART|SA_SIGINFO
SIGPIPE: [libjvm.dylib+0x45b030], sa_mask[0]=11111111011111110111111111111111, sa_flags=SA_RESTART|SA_SIGINFO
SIGXFSZ: [libjvm.dylib+0x45b030], sa_mask[0]=11111111011111110111111111111111, sa_flags=SA_RESTART|SA_SIGINFO
SIGILL: [libjvm.dylib+0x45b030], sa_mask[0]=11111111011111110111111111111111, sa_flags=SA_RESTART|SA_SIGINFO
SIGUSR1: SIG_DFL, sa_mask[0]=00000000000000000000000000000000, sa_flags=none
SIGUSR2: [libjvm.dylib+0x45ab4e], sa_mask[0]=00100000000000000000000000000000, sa_flags=SA_RESTART|SA_SIGINFO
SIGHUP: [libjvm.dylib+0x459121], sa_mask[0]=11111111011111110111111111111111, sa_flags=SA_RESTART|SA_SIGINFO
SIGINT: [libjvm.dylib+0x459121], sa_mask[0]=11111111011111110111111111111111, sa_flags=SA_RESTART|SA_SIGINFO
SIGTERM: [libjvm.dylib+0x459121], sa_mask[0]=11111111011111110111111111111111, sa_flags=SA_RESTART|SA_SIGINFO
SIGQUIT: [libjvm.dylib+0x459121], sa_mask[0]=11111111011111110111111111111111, sa_flags=SA_RESTART|SA_SIGINFO


---------------  S Y S T E M  ---------------

OS:Bsduname:Darwin 14.0.0 Darwin Kernel Version 14.0.0: Fri Sep 19 00:26:44 PDT 2014; root:xnu-2782.1.97~2/RELEASE_X86_64 x86_64
rlimit: STACK 8192k, CORE 0k, NPROC 709, NOFILE 10240, AS infinity
load average:2.16 2.17 2.27

CPU:total 4 (2 cores per cpu, 2 threads per core) family 6 model 58 stepping 9, cmov, cx8, fxsr, mmx, sse, sse2, sse3, ssse3, sse4.1, sse4.2, popcnt, avx, aes, clmul, erms, ht, tsc, tscinvbit, tscinv

Memory: 4k page, physical 4194304k(31816k free)

/proc/meminfo:


vm_info: Java HotSpot(TM) 64-Bit Server VM (25.25-b02) for bsd-amd64 JRE (1.8.0_25-b17), built on Sep 17 2014 16:56:50 by "java_re" with gcc 4.2.1 (Based on Apple Inc. build 5658) (LLVM build 2336.11.00)

time: Sat Jan 31 22:01:36 2015
elapsed time: 8 seconds (0d 0h 0m 8s)

